Copyright 1986-2023 Xilinx, Inc. All Rights Reserved.
-----------------------------------------------------------------------------------------------------------------------------------
| Tool Version : Vivado v.2022.2.2 (lin64) Build 3788238 Tue Feb 21 19:59:23 MST 2023
| Date         : Tue May  6 00:25:24 2025
| Host         : archlinux running 64-bit unknown
| Command      : report_utilization -file design_1_PL2PS_DMA_0_utilization_synth.rpt -pb design_1_PL2PS_DMA_0_utilization_synth.pb
| Design       : design_1_PL2PS_DMA_0
| Device       : xc7z010clg400-1
| Speed File   : -1
| Design State : Synthesized
-----------------------------------------------------------------------------------------------------------------------------------

Utilization Design Information

Table of Contents
-----------------
1. Slice Logic
1.1 Summary of Registers by Type
2. Memory
3. DSP
4. IO and GT Specific
5. Clocking
6. Specific Feature
7. Primitives
8. Black Boxes
9. Instantiated Netlists

1. Slice Logic
--------------

+----------------------------+------+-------+------------+-----------+-------+
|          Site Type         | Used | Fixed | Prohibited | Available | Util% |
+----------------------------+------+-------+------------+-----------+-------+
| Slice LUTs*                | 1364 |     0 |          0 |     17600 |  7.75 |
|   LUT as Logic             | 1189 |     0 |          0 |     17600 |  6.76 |
|   LUT as Memory            |  175 |     0 |          0 |      6000 |  2.92 |
|     LUT as Distributed RAM |   10 |     0 |            |           |       |
|     LUT as Shift Register  |  165 |     0 |            |           |       |
| Slice Registers            | 2286 |     0 |          0 |     35200 |  6.49 |
|   Register as Flip Flop    | 2286 |     0 |          0 |     35200 |  6.49 |
|   Register as Latch        |    0 |     0 |          0 |     35200 |  0.00 |
| F7 Muxes                   |    0 |     0 |          0 |      8800 |  0.00 |
| F8 Muxes                   |    0 |     0 |          0 |      4400 |  0.00 |
+----------------------------+------+-------+------------+-----------+-------+
* Warning! The Final LUT count, after physical optimizations and full implementation, is typically lower. Run opt_design after synthesis, if not already completed, for a more realistic count.
Warning! LUT value is adjusted to account for LUT combining.


1.1 Summary of Registers by Type
--------------------------------

+-------+--------------+-------------+--------------+
| Total | Clock Enable | Synchronous | Asynchronous |
+-------+--------------+-------------+--------------+
| 0     |            _ |           - |            - |
| 0     |            _ |           - |          Set |
| 0     |            _ |           - |        Reset |
| 0     |            _ |         Set |            - |
| 0     |            _ |       Reset |            - |
| 0     |          Yes |           - |            - |
| 0     |          Yes |           - |          Set |
| 0     |          Yes |           - |        Reset |
| 74    |          Yes |         Set |            - |
| 2212  |          Yes |       Reset |            - |
+-------+--------------+-------------+--------------+


2. Memory
---------

+-------------------+------+-------+------------+-----------+-------+
|     Site Type     | Used | Fixed | Prohibited | Available | Util% |
+-------------------+------+-------+------------+-----------+-------+
| Block RAM Tile    |  4.5 |     0 |          0 |        60 |  7.50 |
|   RAMB36/FIFO*    |    3 |     0 |          0 |        60 |  5.00 |
|     RAMB36E1 only |    3 |       |            |           |       |
|   RAMB18          |    3 |     0 |          0 |       120 |  2.50 |
|     RAMB18E1 only |    3 |       |            |           |       |
+-------------------+------+-------+------------+-----------+-------+
* Note: Each Block RAM Tile only has one FIFO logic available and therefore can accommodate only one FIFO36E1 or one FIFO18E1. However, if a FIFO18E1 occupies a Block RAM Tile, that tile can still accommodate a RAMB18E1


3. DSP
------

+-----------+------+-------+------------+-----------+-------+
| Site Type | Used | Fixed | Prohibited | Available | Util% |
+-----------+------+-------+------------+-----------+-------+
| DSPs      |    0 |     0 |          0 |        80 |  0.00 |
+-----------+------+-------+------------+-----------+-------+


4. IO and GT Specific
---------------------

+-----------------------------+------+-------+------------+-----------+-------+
|          Site Type          | Used | Fixed | Prohibited | Available | Util% |
+-----------------------------+------+-------+------------+-----------+-------+
| Bonded IOB                  |    0 |     0 |          0 |       100 |  0.00 |
| Bonded IPADs                |    0 |     0 |          0 |         2 |  0.00 |
| Bonded IOPADs               |    0 |     0 |          0 |       130 |  0.00 |
| PHY_CONTROL                 |    0 |     0 |          0 |         2 |  0.00 |
| PHASER_REF                  |    0 |     0 |          0 |         2 |  0.00 |
| OUT_FIFO                    |    0 |     0 |          0 |         8 |  0.00 |
| IN_FIFO                     |    0 |     0 |          0 |         8 |  0.00 |
| IDELAYCTRL                  |    0 |     0 |          0 |         2 |  0.00 |
| IBUFDS                      |    0 |     0 |          0 |        96 |  0.00 |
| PHASER_OUT/PHASER_OUT_PHY   |    0 |     0 |          0 |         8 |  0.00 |
| PHASER_IN/PHASER_IN_PHY     |    0 |     0 |          0 |         8 |  0.00 |
| IDELAYE2/IDELAYE2_FINEDELAY |    0 |     0 |          0 |       100 |  0.00 |
| ILOGIC                      |    0 |     0 |          0 |       100 |  0.00 |
| OLOGIC                      |    0 |     0 |          0 |       100 |  0.00 |
+-----------------------------+------+-------+------------+-----------+-------+


5. Clocking
-----------

+------------+------+-------+------------+-----------+-------+
|  Site Type | Used | Fixed | Prohibited | Available | Util% |
+------------+------+-------+------------+-----------+-------+
| BUFGCTRL   |    0 |     0 |          0 |        32 |  0.00 |
| BUFIO      |    0 |     0 |          0 |         8 |  0.00 |
| MMCME2_ADV |    0 |     0 |          0 |         2 |  0.00 |
| PLLE2_ADV  |    0 |     0 |          0 |         2 |  0.00 |
| BUFMRCE    |    0 |     0 |          0 |         4 |  0.00 |
| BUFHCE     |    0 |     0 |          0 |        48 |  0.00 |
| BUFR       |    0 |     0 |          0 |         8 |  0.00 |
+------------+------+-------+------------+-----------+-------+


6. Specific Feature
-------------------

+-------------+------+-------+------------+-----------+-------+
|  Site Type  | Used | Fixed | Prohibited | Available | Util% |
+-------------+------+-------+------------+-----------+-------+
| BSCANE2     |    0 |     0 |          0 |         4 |  0.00 |
| CAPTUREE2   |    0 |     0 |          0 |         1 |  0.00 |
| DNA_PORT    |    0 |     0 |          0 |         1 |  0.00 |
| EFUSE_USR   |    0 |     0 |          0 |         1 |  0.00 |
| FRAME_ECCE2 |    0 |     0 |          0 |         1 |  0.00 |
| ICAPE2      |    0 |     0 |          0 |         2 |  0.00 |
| STARTUPE2   |    0 |     0 |          0 |         1 |  0.00 |
| XADC        |    0 |     0 |          0 |         1 |  0.00 |
+-------------+------+-------+------------+-----------+-------+


7. Primitives
-------------

+----------+------+---------------------+
| Ref Name | Used | Functional Category |
+----------+------+---------------------+
| FDRE     | 2212 |        Flop & Latch |
| LUT3     |  399 |                 LUT |
| LUT4     |  273 |                 LUT |
| LUT6     |  232 |                 LUT |
| LUT2     |  202 |                 LUT |
| LUT5     |  188 |                 LUT |
| SRL16E   |  165 |  Distributed Memory |
| LUT1     |   96 |                 LUT |
| FDSE     |   74 |        Flop & Latch |
| CARRY4   |   69 |          CarryLogic |
| RAMD32   |   14 |  Distributed Memory |
| RAMS32   |    4 |  Distributed Memory |
| RAMB36E1 |    3 |        Block Memory |
| RAMB18E1 |    3 |        Block Memory |
+----------+------+---------------------+


8. Black Boxes
--------------

+----------+------+
| Ref Name | Used |
+----------+------+


9. Instantiated Netlists
------------------------

+----------+------+
| Ref Name | Used |
+----------+------+


