
*** Running vivado
    with args -log fulladder.vds -m64 -product Vivado -mode batch -messageDb vivado.pb -notrace -source fulladder.tcl


****** Vivado v2022.2 (64-bit)
  **** SW Build 3671981 on Fri Oct 14 04:59:54 MDT 2022
  **** IP Build 3669848 on Fri Oct 14 08:30:02 MDT 2022
    ** Copyright 1986-2022 Xilinx, Inc. All Rights Reserved.

source fulladder.tcl -notrace
create_project: Time (s): cpu = 00:00:07 ; elapsed = 00:00:08 . Memory (MB): peak = 1760.844 ; gain = 55.164 ; free physical = 1532 ; free virtual = 6153
Command: read_checkpoint -auto_incremental -incremental /home/user/vlsi/exer3/exer3.srcs/utils_1/imports/synth_1/pipelined_adder.dcp
INFO: [Vivado 12-5825] Read reference checkpoint from /home/user/vlsi/exer3/exer3.srcs/utils_1/imports/synth_1/pipelined_adder.dcp for incremental synthesis
INFO: [Vivado 12-7989] Please ensure there are no constraint changes
Command: synth_design -top fulladder -part xc7z010clg400-1
Starting synth_design
Attempting to get a license for feature 'Synthesis' and/or device 'xc7z010'
INFO: [Common 17-349] Got license for feature 'Synthesis' and/or device 'xc7z010'
INFO: [Vivado_Tcl 4-1810] synth_design options have changed between reference and incremental; A full resynthesis will be run
INFO: [Synth 8-7079] Multithreading enabled for synth_design using a maximum of 4 processes.
INFO: [Synth 8-7078] Launching helper process for spawning children vivado processes
INFO: [Synth 8-7075] Helper process launched with PID 10793
INFO: [Synth 8-11241] undeclared symbol 'REGCCE', assumed default net type 'wire' [/home/user/Xilinx/Vivado/2022.2/data/verilog/src/unimacro/BRAM_SINGLE_MACRO.v:2170]
---------------------------------------------------------------------------------
Starting Synthesize : Time (s): cpu = 00:00:04 ; elapsed = 00:00:05 . Memory (MB): peak = 2179.430 ; gain = 383.980 ; free physical = 1197 ; free virtual = 5596
Synthesis current peak Physical Memory [PSS] (MB): peak = 1344.581; parent = 1051.505; children = 293.076
Synthesis current peak Virtual Memory [VSS] (MB): peak = 3951.164; parent = 2179.461; children = 1771.703
---------------------------------------------------------------------------------
INFO: [Synth 8-638] synthesizing module 'fulladder' [/home/user/vlsi/exer3/exer3.srcs/sources_1/new/fulladder.vhd:11]
INFO: [Synth 8-256] done synthesizing module 'fulladder' (0#1) [/home/user/vlsi/exer3/exer3.srcs/sources_1/new/fulladder.vhd:11]
---------------------------------------------------------------------------------
Finished Synthesize : Time (s): cpu = 00:00:06 ; elapsed = 00:00:07 . Memory (MB): peak = 2248.875 ; gain = 453.426 ; free physical = 845 ; free virtual = 5459
Synthesis current peak Physical Memory [PSS] (MB): peak = 1395.573; parent = 1051.505; children = 420.425
Synthesis current peak Virtual Memory [VSS] (MB): peak = 4265.473; parent = 2248.875; children = 2016.598
---------------------------------------------------------------------------------
---------------------------------------------------------------------------------
Finished Constraint Validation : Time (s): cpu = 00:00:06 ; elapsed = 00:00:07 . Memory (MB): peak = 2263.836 ; gain = 468.387 ; free physical = 832 ; free virtual = 5446
Synthesis current peak Physical Memory [PSS] (MB): peak = 1406.937; parent = 1051.505; children = 420.425
Synthesis current peak Virtual Memory [VSS] (MB): peak = 4280.434; parent = 2263.836; children = 2016.598
---------------------------------------------------------------------------------
---------------------------------------------------------------------------------
Start Loading Part and Timing Information
---------------------------------------------------------------------------------
Loading part: xc7z010clg400-1
---------------------------------------------------------------------------------
Finished Loading Part and Timing Information : Time (s): cpu = 00:00:06 ; elapsed = 00:00:07 . Memory (MB): peak = 2271.918 ; gain = 476.469 ; free physical = 832 ; free virtual = 5446
Synthesis current peak Physical Memory [PSS] (MB): peak = 1410.046; parent = 1051.505; children = 420.425
INFO: [Device 21-403] Loading part xc7z010clg400-1
Synthesis current peak Virtual Memory [VSS] (MB): peak = 4288.535; parent = 2271.938; children = 2016.598
---------------------------------------------------------------------------------
---------------------------------------------------------------------------------
Start Preparing Guide Design
---------------------------------------------------------------------------------
---------------------------------------------------------------------------------
Finished Doing Graph Differ : Time (s): cpu = 00:00:06 ; elapsed = 00:00:07 . Memory (MB): peak = 2281.141 ; gain = 485.691 ; free physical = 834 ; free virtual = 5449
Synthesis current peak Physical Memory [PSS] (MB): peak = 1412.581; parent = 1051.505; children = 420.425
Synthesis current peak Virtual Memory [VSS] (MB): peak = 4297.746; parent = 2281.148; children = 2016.598
---------------------------------------------------------------------------------
---------------------------------------------------------------------------------
Finished Preparing Guide Design : Time (s): cpu = 00:00:06 ; elapsed = 00:00:07 . Memory (MB): peak = 2281.277 ; gain = 485.828 ; free physical = 834 ; free virtual = 5448
Synthesis current peak Physical Memory [PSS] (MB): peak = 1413.237; parent = 1051.505; children = 420.425
Synthesis current peak Virtual Memory [VSS] (MB): peak = 4297.875; parent = 2281.277; children = 2016.598
---------------------------------------------------------------------------------
---------------------------------------------------------------------------------
Finished RTL Optimization Phase 2 : Time (s): cpu = 00:00:06 ; elapsed = 00:00:07 . Memory (MB): peak = 2282.047 ; gain = 486.602 ; free physical = 831 ; free virtual = 5444
Synthesis current peak Physical Memory [PSS] (MB): peak = 1423.507; parent = 1051.505; children = 420.425
Synthesis current peak Virtual Memory [VSS] (MB): peak = 4298.688; parent = 2282.090; children = 2016.598
---------------------------------------------------------------------------------


Incremental Synthesis Report Summary:

1. Incremental synthesis run: no

   Reason for not running incremental synthesis : synth_design options have changed between reference and incremental


INFO: [Synth 8-7130] Flow is switching to default flow due to incremental criteria not met. If you would like to alter this behaviour and have the flow terminate instead, please set the following parameter config_implementation {autoIncr.Synth.RejectBehavior Terminate}
No constraint files found.
---------------------------------------------------------------------------------
Start RTL Component Statistics 
---------------------------------------------------------------------------------
Detailed RTL Component Info : 
+---XORs : 
	   2 Input      1 Bit         XORs := 2     
+---Registers : 
	                1 Bit    Registers := 2     
---------------------------------------------------------------------------------
Finished RTL Component Statistics 
---------------------------------------------------------------------------------
---------------------------------------------------------------------------------
Start Part Resource Summary
---------------------------------------------------------------------------------
Part Resources:
DSPs: 80 (col length:40)
BRAMs: 120 (col length: RAMB18 40 RAMB36 20)
---------------------------------------------------------------------------------
Finished Part Resource Summary
---------------------------------------------------------------------------------
No constraint files found.
---------------------------------------------------------------------------------
Start Cross Boundary and Area Optimization
---------------------------------------------------------------------------------
WARNING: [Synth 8-7080] Parallel synthesis criteria is not met
---------------------------------------------------------------------------------
Finished Cross Boundary and Area Optimization : Time (s): cpu = 00:00:11 ; elapsed = 00:00:14 . Memory (MB): peak = 2442.777 ; gain = 647.328 ; free physical = 500 ; free virtual = 5118
Synthesis current peak Physical Memory [PSS] (MB): peak = 1790.854; parent = 1374.578; children = 420.425
Synthesis current peak Virtual Memory [VSS] (MB): peak = 4459.375; parent = 2442.777; children = 2016.598
---------------------------------------------------------------------------------
No constraint files found.
---------------------------------------------------------------------------------
Start Timing Optimization
---------------------------------------------------------------------------------
---------------------------------------------------------------------------------
Finished Timing Optimization : Time (s): cpu = 00:00:11 ; elapsed = 00:00:14 . Memory (MB): peak = 2443.383 ; gain = 647.934 ; free physical = 500 ; free virtual = 5118
Synthesis current peak Physical Memory [PSS] (MB): peak = 1795.151; parent = 1378.875; children = 420.425
Synthesis current peak Virtual Memory [VSS] (MB): peak = 4459.980; parent = 2443.383; children = 2016.598
---------------------------------------------------------------------------------
---------------------------------------------------------------------------------
Start Technology Mapping
---------------------------------------------------------------------------------
---------------------------------------------------------------------------------
Finished Technology Mapping : Time (s): cpu = 00:00:11 ; elapsed = 00:00:14 . Memory (MB): peak = 2451.559 ; gain = 656.109 ; free physical = 490 ; free virtual = 5109
Synthesis current peak Physical Memory [PSS] (MB): peak = 1795.925; parent = 1379.670; children = 420.425
Synthesis current peak Virtual Memory [VSS] (MB): peak = 4468.156; parent = 2451.559; children = 2016.598
---------------------------------------------------------------------------------
---------------------------------------------------------------------------------
Start IO Insertion
---------------------------------------------------------------------------------
---------------------------------------------------------------------------------
Start Flattening Before IO Insertion
---------------------------------------------------------------------------------
---------------------------------------------------------------------------------
Finished Flattening Before IO Insertion
---------------------------------------------------------------------------------
---------------------------------------------------------------------------------
Start Final Netlist Cleanup
---------------------------------------------------------------------------------
---------------------------------------------------------------------------------
Finished Final Netlist Cleanup
---------------------------------------------------------------------------------
---------------------------------------------------------------------------------
Finished IO Insertion : Time (s): cpu = 00:00:16 ; elapsed = 00:00:18 . Memory (MB): peak = 2451.688 ; gain = 656.238 ; free physical = 488 ; free virtual = 5106
Synthesis current peak Physical Memory [PSS] (MB): peak = 1796.331; parent = 1380.076; children = 420.425
Synthesis current peak Virtual Memory [VSS] (MB): peak = 4468.285; parent = 2451.688; children = 2016.598
---------------------------------------------------------------------------------
---------------------------------------------------------------------------------
Start Renaming Generated Instances
---------------------------------------------------------------------------------
---------------------------------------------------------------------------------
Finished Renaming Generated Instances : Time (s): cpu = 00:00:16 ; elapsed = 00:00:18 . Memory (MB): peak = 2451.703 ; gain = 656.254 ; free physical = 488 ; free virtual = 5106
Synthesis current peak Physical Memory [PSS] (MB): peak = 1796.378; parent = 1380.123; children = 420.425
Synthesis current peak Virtual Memory [VSS] (MB): peak = 4468.301; parent = 2451.703; children = 2016.598
---------------------------------------------------------------------------------
---------------------------------------------------------------------------------
Start Rebuilding User Hierarchy
---------------------------------------------------------------------------------
---------------------------------------------------------------------------------
Finished Rebuilding User Hierarchy : Time (s): cpu = 00:00:16 ; elapsed = 00:00:18 . Memory (MB): peak = 2451.742 ; gain = 656.293 ; free physical = 488 ; free virtual = 5106
Synthesis current peak Physical Memory [PSS] (MB): peak = 1796.640; parent = 1380.414; children = 420.425
Synthesis current peak Virtual Memory [VSS] (MB): peak = 4468.340; parent = 2451.742; children = 2016.598
---------------------------------------------------------------------------------
---------------------------------------------------------------------------------
Start Renaming Generated Ports
---------------------------------------------------------------------------------
---------------------------------------------------------------------------------
Finished Renaming Generated Ports : Time (s): cpu = 00:00:16 ; elapsed = 00:00:18 . Memory (MB): peak = 2451.754 ; gain = 656.305 ; free physical = 488 ; free virtual = 5106
Synthesis current peak Physical Memory [PSS] (MB): peak = 1796.651; parent = 1380.426; children = 420.425
Synthesis current peak Virtual Memory [VSS] (MB): peak = 4468.352; parent = 2451.754; children = 2016.598
---------------------------------------------------------------------------------
---------------------------------------------------------------------------------
Start Handling Custom Attributes
---------------------------------------------------------------------------------
---------------------------------------------------------------------------------
Finished Handling Custom Attributes : Time (s): cpu = 00:00:16 ; elapsed = 00:00:18 . Memory (MB): peak = 2451.789 ; gain = 656.340 ; free physical = 488 ; free virtual = 5106
Synthesis current peak Physical Memory [PSS] (MB): peak = 1798.702; parent = 1382.477; children = 420.425
Synthesis current peak Virtual Memory [VSS] (MB): peak = 4468.387; parent = 2451.789; children = 2016.598
---------------------------------------------------------------------------------
---------------------------------------------------------------------------------
Start Renaming Generated Nets
---------------------------------------------------------------------------------
---------------------------------------------------------------------------------
Finished Renaming Generated Nets : Time (s): cpu = 00:00:16 ; elapsed = 00:00:18 . Memory (MB): peak = 2451.793 ; gain = 656.344 ; free physical = 488 ; free virtual = 5106
Synthesis current peak Physical Memory [PSS] (MB): peak = 1798.722; parent = 1382.496; children = 420.425
Synthesis current peak Virtual Memory [VSS] (MB): peak = 4468.391; parent = 2451.793; children = 2016.598
---------------------------------------------------------------------------------
---------------------------------------------------------------------------------
Start Writing Synthesis Report
---------------------------------------------------------------------------------

Report BlackBoxes: 
+-+--------------+----------+
| |BlackBox name |Instances |
+-+--------------+----------+
+-+--------------+----------+

Report Cell Usage: 
+------+-----+------+
|      |Cell |Count |
+------+-----+------+
|1     |BUFG |     1|
|2     |LUT3 |     2|
|3     |FDCE |     2|
|4     |IBUF |     5|
|5     |OBUF |     2|
+------+-----+------+

Report Instance Areas: 
+------+---------+-------+------+
|      |Instance |Module |Cells |
+------+---------+-------+------+
|1     |top      |       |    12|
+------+---------+-------+------+
---------------------------------------------------------------------------------
Finished Writing Synthesis Report : Time (s): cpu = 00:00:16 ; elapsed = 00:00:18 . Memory (MB): peak = 2451.828 ; gain = 656.379 ; free physical = 488 ; free virtual = 5106
Synthesis current peak Physical Memory [PSS] (MB): peak = 1798.813; parent = 1382.599; children = 420.425
Synthesis current peak Virtual Memory [VSS] (MB): peak = 4468.426; parent = 2451.828; children = 2016.598
---------------------------------------------------------------------------------
Synthesis finished with 0 errors, 0 critical warnings and 1 warnings.
Synthesis Optimization Runtime : Time (s): cpu = 00:00:16 ; elapsed = 00:00:18 . Memory (MB): peak = 2451.855 ; gain = 656.406 ; free physical = 488 ; free virtual = 5106
Synthesis Optimization Complete : Time (s): cpu = 00:00:16 ; elapsed = 00:00:19 . Memory (MB): peak = 2451.891 ; gain = 656.406 ; free physical = 488 ; free virtual = 5106
INFO: [Project 1-571] Translating synthesized netlist
Netlist sorting complete. Time (s): cpu = 00:00:00 ; elapsed = 00:00:00 . Memory (MB): peak = 2467.270 ; gain = 0.035 ; free physical = 703 ; free virtual = 5329
INFO: [Project 1-570] Preparing netlist for logic optimization
INFO: [Opt 31-138] Pushed 0 inverter(s) to 0 load pin(s).
Netlist sorting complete. Time (s): cpu = 00:00:00 ; elapsed = 00:00:00 . Memory (MB): peak = 2595.441 ; gain = 0.000 ; free physical = 608 ; free virtual = 5236
INFO: [Project 1-111] Unisim Transformation Summary:
No Unisim elements were transformed.

Synth Design complete, checksum: f5874e3e
INFO: [Common 17-83] Releasing license: Synthesis
17 Infos, 1 Warnings, 0 Critical Warnings and 0 Errors encountered.
synth_design completed successfully
synth_design: Time (s): cpu = 00:00:24 ; elapsed = 00:00:21 . Memory (MB): peak = 2595.520 ; gain = 809.664 ; free physical = 724 ; free virtual = 5351
INFO: [Common 17-1381] The checkpoint '/home/user/vlsi/exer3/exer3.runs/synth_1/fulladder.dcp' has been generated.
INFO: [runtcl-4] Executing : report_utilization -file fulladder_utilization_synth.rpt -pb fulladder_utilization_synth.pb
INFO: [Common 17-206] Exiting Vivado at Sat Mar 22 17:58:45 2025...
