Copyright 1986-2022 Xilinx, Inc. All Rights Reserved.
---------------------------------------------------------------------------------------------
| Tool Version : Vivado v.2022.2 (lin64) Build 3671981 Fri Oct 14 04:59:54 MDT 2022
| Date         : Sat Apr  5 19:52:01 2025
| Host         : cc8ea0d2d59b running 64-bit Ubuntu 22.04.5 LTS
| Command      : report_control_sets -verbose -file fir_fpga_wrapper_control_sets_placed.rpt
| Design       : fir_fpga_wrapper
| Device       : xc7z010
---------------------------------------------------------------------------------------------

Control Set Information

Table of Contents
-----------------
1. Summary
2. Histogram
3. Flip-Flop Distribution
4. Detailed Control Set Information

1. Summary
----------

+----------------------------------------------------------+-------+
|                          Status                          | Count |
+----------------------------------------------------------+-------+
| Total control sets                                       |    45 |
|    Minimum number of control sets                        |    45 |
|    Addition due to synthesis replication                 |     0 |
|    Addition due to physical synthesis replication        |     0 |
| Unused register locations in slices containing registers |   107 |
+----------------------------------------------------------+-------+
* Control sets can be merged at opt_design using control_set_merge or merge_equivalent_drivers
** Run report_qor_suggestions for automated merging and remapping suggestions


2. Histogram
------------

+--------------------+-------+
|       Fanout       | Count |
+--------------------+-------+
| Total control sets |    45 |
| >= 0 to < 4        |     2 |
| >= 4 to < 6        |    10 |
| >= 6 to < 8        |     1 |
| >= 8 to < 10       |    14 |
| >= 10 to < 12      |     1 |
| >= 12 to < 14      |     2 |
| >= 14 to < 16      |     2 |
| >= 16              |    13 |
+--------------------+-------+
* Control sets can be remapped at either synth_design or opt_design


3. Flip-Flop Distribution
-------------------------

+--------------+-----------------------+------------------------+-----------------+--------------+
| Clock Enable | Synchronous Set/Reset | Asynchronous Set/Reset | Total Registers | Total Slices |
+--------------+-----------------------+------------------------+-----------------+--------------+
| No           | No                    | No                     |             113 |           36 |
| No           | No                    | Yes                    |              33 |           12 |
| No           | Yes                   | No                     |              31 |           13 |
| Yes          | No                    | No                     |             271 |           62 |
| Yes          | No                    | Yes                    |              64 |           17 |
| Yes          | Yes                   | No                     |             157 |           38 |
+--------------+-----------------------+------------------------+-----------------+--------------+


4. Detailed Control Set Information
-----------------------------------

+-------------------------------------------------+----------------------------------------------------------------------------------------------------------------------------------------------------------------+-------------------------------------------------------------------------------------------------------------------------------------------------------+------------------+----------------+--------------+
|                   Clock Signal                  |                                                                          Enable Signal                                                                         |                                                                    Set/Reset Signal                                                                   | Slice Load Count | Bel Load Count | Bels / Slice |
+-------------------------------------------------+----------------------------------------------------------------------------------------------------------------------------------------------------------------+-------------------------------------------------------------------------------------------------------------------------------------------------------+------------------+----------------+--------------+
|  fir_fpga_i/processing_system7_0/inst/FCLK_CLK0 | fir_fpga_i/ps7_0_axi_periph/s00_couplers/auto_pc/inst/gen_axilite.gen_b2s_conv.axilite_b2s/WR.aw_channel_0/aw_cmd_fsm_0/FSM_sequential_state_reg[0]_1          | fir_fpga_i/ps7_0_axi_periph/s00_couplers/auto_pc/inst/gen_axilite.gen_b2s_conv.axilite_b2s/WR.aw_channel_0/aw_cmd_fsm_0/FSM_sequential_state_reg[0]_0 |                1 |              1 |         1.00 |
|  fir_fpga_i/processing_system7_0/inst/FCLK_CLK0 | fir_fpga_i/ps7_0_axi_periph/s00_couplers/auto_pc/inst/gen_axilite.gen_b2s_conv.axilite_b2s/WR.b_channel_0/bid_fifo_0/sel                                       |                                                                                                                                                       |                1 |              2 |         2.00 |
|  fir_fpga_i/processing_system7_0/inst/FCLK_CLK0 |                                                                                                                                                                | fir_fpga_i/rst_ps7_0_100M/U0/EXT_LPF/lpf_int                                                                                                          |                2 |              4 |         2.00 |
|  fir_fpga_i/processing_system7_0/inst/FCLK_CLK0 |                                                                                                                                                                | fir_fpga_i/ps7_0_axi_periph/s00_couplers/auto_pc/inst/gen_axilite.gen_b2s_conv.axilite_b2s/SI_REG/ar.ar_pipe/aresetn_d_reg[1]_inv_0                   |                2 |              4 |         2.00 |
|  fir_fpga_i/processing_system7_0/inst/FCLK_CLK0 | fir_fpga_i/ps7_0_axi_periph/s00_couplers/auto_pc/inst/gen_axilite.gen_b2s_conv.axilite_b2s/RD.ar_channel_0/ar_cmd_fsm_0/m_axi_arready_2                        | fir_fpga_i/ps7_0_axi_periph/s00_couplers/auto_pc/inst/gen_axilite.gen_b2s_conv.axilite_b2s/RD.ar_channel_0/ar_cmd_fsm_0/FSM_sequential_state_reg[1]_0 |                2 |              4 |         2.00 |
|  fir_fpga_i/processing_system7_0/inst/FCLK_CLK0 | fir_fpga_i/ps7_0_axi_periph/s00_couplers/auto_pc/inst/gen_axilite.gen_b2s_conv.axilite_b2s/RD.ar_channel_0/ar_cmd_fsm_0/E[0]                                   |                                                                                                                                                       |                2 |              4 |         2.00 |
|  fir_fpga_i/processing_system7_0/inst/FCLK_CLK0 |                                                                                                                                                                | fir_fpga_i/ps7_0_axi_periph/s00_couplers/auto_pc/inst/gen_axilite.gen_b2s_conv.axilite_b2s/SI_REG/aw.aw_pipe/aresetn_d_reg[0]_0                       |                3 |              4 |         1.33 |
|  fir_fpga_i/processing_system7_0/inst/FCLK_CLK0 | fir_fpga_i/ps7_0_axi_periph/s00_couplers/auto_pc/inst/gen_axilite.gen_b2s_conv.axilite_b2s/WR.aw_channel_0/cmd_translator_0/incr_cmd_0/axaddr_incr[11]_i_1_n_0 |                                                                                                                                                       |                1 |              4 |         4.00 |
|  fir_fpga_i/processing_system7_0/inst/FCLK_CLK0 | fir_fpga_i/ps7_0_axi_periph/s00_couplers/auto_pc/inst/gen_axilite.gen_b2s_conv.axilite_b2s/RD.ar_channel_0/ar_cmd_fsm_0/sel_first_reg[0]                       |                                                                                                                                                       |                1 |              4 |         4.00 |
|  fir_fpga_i/processing_system7_0/inst/FCLK_CLK0 | fir_fpga_i/ps7_0_axi_periph/s00_couplers/auto_pc/inst/gen_axilite.gen_b2s_conv.axilite_b2s/WR.aw_channel_0/aw_cmd_fsm_0/m_valid_i_reg[0]                       |                                                                                                                                                       |                2 |              4 |         2.00 |
|  fir_fpga_i/processing_system7_0/inst/FCLK_CLK0 | fir_fpga_i/ps7_0_axi_periph/s00_couplers/auto_pc/inst/gen_axilite.gen_b2s_conv.axilite_b2s/RD.r_channel_0/rd_data_fifo_0/cnt_read[4]_i_1__0_n_0                | fir_fpga_i/ps7_0_axi_periph/s00_couplers/auto_pc/inst/gen_axilite.gen_b2s_conv.axilite_b2s/areset_d1                                                  |                1 |              5 |         5.00 |
|  fir_fpga_i/processing_system7_0/inst/FCLK_CLK0 | fir_fpga_i/ps7_0_axi_periph/s00_couplers/auto_pc/inst/gen_axilite.gen_b2s_conv.axilite_b2s/RD.r_channel_0/transaction_fifo_0/cnt_read[4]_i_1_n_0               | fir_fpga_i/ps7_0_axi_periph/s00_couplers/auto_pc/inst/gen_axilite.gen_b2s_conv.axilite_b2s/areset_d1                                                  |                2 |              5 |         2.50 |
|  fir_fpga_i/processing_system7_0/inst/FCLK_CLK0 | fir_fpga_i/rst_ps7_0_100M/U0/SEQ/seq_cnt_en                                                                                                                    | fir_fpga_i/rst_ps7_0_100M/U0/SEQ/SEQ_COUNTER/clear                                                                                                    |                1 |              6 |         6.00 |
|  fir_fpga_i/processing_system7_0/inst/FCLK_CLK0 | fir_fpga_i/fir_0/U0/fir_v1_0_S00_AXI_inst/slv_reg2[15]_i_1_n_0                                                                                                 | fir_fpga_i/fir_0/U0/fir_v1_0_S00_AXI_inst/axi_awready_i_1_n_0                                                                                         |                1 |              8 |         8.00 |
|  fir_fpga_i/processing_system7_0/inst/FCLK_CLK0 | fir_fpga_i/fir_0/U0/fir_v1_0_S00_AXI_inst/slv_reg0[7]_i_1_n_0                                                                                                  | fir_fpga_i/fir_0/U0/fir_v1_0_S00_AXI_inst/axi_awready_i_1_n_0                                                                                         |                1 |              8 |         8.00 |
|  fir_fpga_i/processing_system7_0/inst/FCLK_CLK0 | fir_fpga_i/fir_0/U0/fir_v1_0_S00_AXI_inst/slv_reg2[23]_i_1_n_0                                                                                                 | fir_fpga_i/fir_0/U0/fir_v1_0_S00_AXI_inst/axi_awready_i_1_n_0                                                                                         |                1 |              8 |         8.00 |
|  fir_fpga_i/processing_system7_0/inst/FCLK_CLK0 | fir_fpga_i/fir_0/U0/fir_v1_0_S00_AXI_inst/slv_reg0[15]_i_1_n_0                                                                                                 | fir_fpga_i/fir_0/U0/fir_v1_0_S00_AXI_inst/axi_awready_i_1_n_0                                                                                         |                2 |              8 |         4.00 |
|  fir_fpga_i/processing_system7_0/inst/FCLK_CLK0 | fir_fpga_i/fir_0/U0/fir_v1_0_S00_AXI_inst/slv_reg2[7]_i_1_n_0                                                                                                  | fir_fpga_i/fir_0/U0/fir_v1_0_S00_AXI_inst/axi_awready_i_1_n_0                                                                                         |                1 |              8 |         8.00 |
|  fir_fpga_i/processing_system7_0/inst/FCLK_CLK0 | fir_fpga_i/fir_0/U0/fir_v1_0_S00_AXI_inst/p_1_in[31]                                                                                                           | fir_fpga_i/fir_0/U0/fir_v1_0_S00_AXI_inst/axi_awready_i_1_n_0                                                                                         |                1 |              8 |         8.00 |
|  fir_fpga_i/processing_system7_0/inst/FCLK_CLK0 | fir_fpga_i/fir_0/U0/fir_v1_0_S00_AXI_inst/slv_reg2[31]_i_1_n_0                                                                                                 | fir_fpga_i/fir_0/U0/fir_v1_0_S00_AXI_inst/axi_awready_i_1_n_0                                                                                         |                3 |              8 |         2.67 |
|  fir_fpga_i/processing_system7_0/inst/FCLK_CLK0 | fir_fpga_i/fir_0/U0/fir_v1_0_S00_AXI_inst/p_1_in[7]                                                                                                            | fir_fpga_i/fir_0/U0/fir_v1_0_S00_AXI_inst/axi_awready_i_1_n_0                                                                                         |                2 |              8 |         4.00 |
|  fir_fpga_i/processing_system7_0/inst/FCLK_CLK0 | fir_fpga_i/fir_0/U0/fir_v1_0_S00_AXI_inst/slv_reg0[23]_i_1_n_0                                                                                                 | fir_fpga_i/fir_0/U0/fir_v1_0_S00_AXI_inst/axi_awready_i_1_n_0                                                                                         |                1 |              8 |         8.00 |
|  fir_fpga_i/processing_system7_0/inst/FCLK_CLK0 | fir_fpga_i/fir_0/U0/fir_v1_0_S00_AXI_inst/slv_reg0[31]_i_1_n_0                                                                                                 | fir_fpga_i/fir_0/U0/fir_v1_0_S00_AXI_inst/axi_awready_i_1_n_0                                                                                         |                1 |              8 |         8.00 |
|  fir_fpga_i/processing_system7_0/inst/FCLK_CLK0 | fir_fpga_i/fir_0/U0/fir_v1_0_S00_AXI_inst/p_1_in[15]                                                                                                           | fir_fpga_i/fir_0/U0/fir_v1_0_S00_AXI_inst/axi_awready_i_1_n_0                                                                                         |                1 |              8 |         8.00 |
|  fir_fpga_i/processing_system7_0/inst/FCLK_CLK0 | fir_fpga_i/ps7_0_axi_periph/s00_couplers/auto_pc/inst/gen_axilite.gen_b2s_conv.axilite_b2s/WR.b_channel_0/mhandshake_r                                         | fir_fpga_i/ps7_0_axi_periph/s00_couplers/auto_pc/inst/gen_axilite.gen_b2s_conv.axilite_b2s/WR.b_channel_0/bid_fifo_0/SR[0]                            |                3 |              8 |         2.67 |
|  fir_fpga_i/processing_system7_0/inst/FCLK_CLK0 | fir_fpga_i/fir_0/U0/fir_v1_0_S00_AXI_inst/p_1_in[23]                                                                                                           | fir_fpga_i/fir_0/U0/fir_v1_0_S00_AXI_inst/axi_awready_i_1_n_0                                                                                         |                1 |              8 |         8.00 |
|  fir_fpga_i/processing_system7_0/inst/FCLK_CLK0 |                                                                                                                                                                | fir_fpga_i/fir_0/U0/fir_v1_0_S00_AXI_inst/axi_awready_i_1_n_0                                                                                         |                3 |              9 |         3.00 |
|  fir_fpga_i/processing_system7_0/inst/FCLK_CLK0 |                                                                                                                                                                | fir_fpga_i/ps7_0_axi_periph/s00_couplers/auto_pc/inst/gen_axilite.gen_b2s_conv.axilite_b2s/areset_d1                                                  |                3 |             10 |         3.33 |
|  fir_fpga_i/processing_system7_0/inst/FCLK_CLK0 | fir_fpga_i/ps7_0_axi_periph/s00_couplers/auto_pc/inst/gen_axilite.gen_b2s_conv.axilite_b2s/RD.ar_channel_0/ar_cmd_fsm_0/m_axi_arready_2                        |                                                                                                                                                       |                4 |             13 |         3.25 |
|  fir_fpga_i/processing_system7_0/inst/FCLK_CLK0 | fir_fpga_i/ps7_0_axi_periph/s00_couplers/auto_pc/inst/gen_axilite.gen_b2s_conv.axilite_b2s/RD.r_channel_0/r_push_r                                             |                                                                                                                                                       |                4 |             13 |         3.25 |
|  fir_fpga_i/processing_system7_0/inst/FCLK_CLK0 | fir_fpga_i/ps7_0_axi_periph/s00_couplers/auto_pc/inst/gen_axilite.gen_b2s_conv.axilite_b2s/SI_REG/b.b_pipe/p_1_in                                              |                                                                                                                                                       |                3 |             14 |         4.67 |
|  fir_fpga_i/processing_system7_0/inst/FCLK_CLK0 | fir_fpga_i/ps7_0_axi_periph/s00_couplers/auto_pc/inst/gen_axilite.gen_b2s_conv.axilite_b2s/SI_REG/b.b_pipe/s_ready_i_reg_0                                     |                                                                                                                                                       |                3 |             14 |         4.67 |
|  fir_fpga_i/processing_system7_0/inst/FCLK_CLK0 | fir_fpga_i/ps7_0_axi_periph/s00_couplers/auto_pc/inst/gen_axilite.gen_b2s_conv.axilite_b2s/WR.aw_channel_0/aw_cmd_fsm_0/m_axi_awready_0                        |                                                                                                                                                       |                3 |             16 |         5.33 |
|  fir_fpga_i/processing_system7_0/inst/FCLK_CLK0 | fir_fpga_i/ps7_0_axi_periph/s00_couplers/auto_pc/inst/gen_axilite.gen_b2s_conv.axilite_b2s/WR.aw_channel_0/aw_cmd_fsm_0/FSM_sequential_state_reg[0]_1          |                                                                                                                                                       |                6 |             16 |         2.67 |
|  fir_fpga_i/processing_system7_0/inst/FCLK_CLK0 | fir_fpga_i/ps7_0_axi_periph/s00_couplers/auto_pc/inst/gen_axilite.gen_b2s_conv.axilite_b2s/SI_REG/aw.aw_pipe/s_ready_i_reg_0                                   |                                                                                                                                                       |                6 |             27 |         4.50 |
|  fir_fpga_i/processing_system7_0/inst/FCLK_CLK0 | fir_fpga_i/ps7_0_axi_periph/s00_couplers/auto_pc/inst/gen_axilite.gen_b2s_conv.axilite_b2s/WR.aw_channel_0/aw_cmd_fsm_0/E[0]                                   |                                                                                                                                                       |                6 |             27 |         4.50 |
|  fir_fpga_i/processing_system7_0/inst/FCLK_CLK0 | fir_fpga_i/ps7_0_axi_periph/s00_couplers/auto_pc/inst/gen_axilite.gen_b2s_conv.axilite_b2s/SI_REG/ar.ar_pipe/s_ready_i_reg_0                                   |                                                                                                                                                       |                5 |             27 |         5.40 |
|  fir_fpga_i/processing_system7_0/inst/FCLK_CLK0 | fir_fpga_i/ps7_0_axi_periph/s00_couplers/auto_pc/inst/gen_axilite.gen_b2s_conv.axilite_b2s/RD.ar_channel_0/ar_cmd_fsm_0/m_valid_i_reg[0]                       |                                                                                                                                                       |                7 |             27 |         3.86 |
|  fir_fpga_i/processing_system7_0/inst/FCLK_CLK0 | fir_fpga_i/fir_0/U0/fir_v1_0_S00_AXI_inst/slv_reg_rden                                                                                                         | fir_fpga_i/fir_0/U0/fir_v1_0_S00_AXI_inst/axi_awready_i_1_n_0                                                                                         |               12 |             32 |         2.67 |
|  fir_fpga_i/processing_system7_0/inst/FCLK_CLK0 | fir_fpga_i/ps7_0_axi_periph/s00_couplers/auto_pc/inst/gen_axilite.gen_b2s_conv.axilite_b2s/RD.r_channel_0/rd_data_fifo_0/wr_en0                                |                                                                                                                                                       |                9 |             32 |         3.56 |
|  fir_fpga_i/processing_system7_0/inst/FCLK_CLK0 |                                                                                                                                                                | fir_fpga_i/fir_0/U0/fir_v1_0_S00_AXI_inst/rst                                                                                                         |               12 |             33 |         2.75 |
|  fir_fpga_i/processing_system7_0/inst/FCLK_CLK0 | fir_fpga_i/ps7_0_axi_periph/s00_couplers/auto_pc/inst/gen_axilite.gen_b2s_conv.axilite_b2s/SI_REG/r.r_pipe/p_1_in                                              |                                                                                                                                                       |                8 |             45 |         5.62 |
|  fir_fpga_i/processing_system7_0/inst/FCLK_CLK0 | fir_fpga_i/ps7_0_axi_periph/s00_couplers/auto_pc/inst/gen_axilite.gen_b2s_conv.axilite_b2s/SI_REG/r.r_pipe/s_ready_i_reg_0                                     |                                                                                                                                                       |                8 |             45 |         5.62 |
|  fir_fpga_i/processing_system7_0/inst/FCLK_CLK0 | fir_fpga_i/fir_0/U0/fir_v1_0_S00_AXI_inst/fir_instance/ram_unit/valid_to_ram                                                                                   | fir_fpga_i/fir_0/U0/fir_v1_0_S00_AXI_inst/rst                                                                                                         |               17 |             64 |         3.76 |
|  fir_fpga_i/processing_system7_0/inst/FCLK_CLK0 |                                                                                                                                                                |                                                                                                                                                       |               37 |            114 |         3.08 |
+-------------------------------------------------+----------------------------------------------------------------------------------------------------------------------------------------------------------------+-------------------------------------------------------------------------------------------------------------------------------------------------------+------------------+----------------+--------------+


