Vivado Simulator v2022.2
Copyright 1986-1999, 2001-2022 Xilinx, Inc. All Rights Reserved.
Running: /home/user/Xilinx/Vivado/2022.2/bin/unwrapped/lnx64.o/xelab --incr --debug typical --relax --mt 8 -L xil_defaultlib -L secureip --snapshot systolic_multiplier_tb_behav xil_defaultlib.systolic_multiplier_tb -log elaborate.log 
Using 8 slave threads.
Starting static elaboration
Completed static elaboration
Starting simulation data flow analysis
Completed simulation data flow analysis
Time Resolution for simulation is 1ps
Compiling package std.standard
Compiling package std.textio
Compiling package ieee.std_logic_1164
Compiling package ieee.numeric_std
Compiling architecture behavioral of entity xil_defaultlib.shift_register [\shift_register(x=1)\]
Compiling architecture behavioral of entity xil_defaultlib.shift_register [\shift_register(x=2)\]
Compiling architecture behavioral of entity xil_defaultlib.shift_register [\shift_register(x=3)\]
Compiling architecture behavioral of entity xil_defaultlib.shift_register [\shift_register(x=4)\]
Compiling architecture behavioral of entity xil_defaultlib.shift_register [\shift_register(x=6)\]
Compiling architecture behavioral of entity xil_defaultlib.shift_register [\shift_register(x=9)\]
Compiling architecture behavioral of entity xil_defaultlib.shift_register [\shift_register(x=7)\]
Compiling architecture behavioral of entity xil_defaultlib.shift_register [shift_register_default]
Compiling architecture behavioral of entity xil_defaultlib.dff [dff_default]
Compiling architecture behavioral of entity xil_defaultlib.fulladder [fulladder_default]
Compiling architecture behavioral of entity xil_defaultlib.processing_block [processing_block_default]
Compiling architecture structural of entity xil_defaultlib.systolic_multiplier [systolic_multiplier_default]
Compiling architecture testbench of entity xil_defaultlib.systolic_multiplier_tb
Built simulation snapshot systolic_multiplier_tb_behav
