12:47:00 DEBUG : Logs will be stored at '/home/user/vlsi/vitis_workspace/IDE.log'.
12:47:04 INFO  : Launching XSCT server: xsct -n  -interactive /home/user/vlsi/vitis_workspace/temp_xsdb_launch_script.tcl
12:47:04 INFO  : Registering command handlers for Vitis TCF services
12:47:06 INFO  : Platform repository initialization has completed.
12:47:09 INFO  : XSCT server has started successfully.
12:47:10 INFO  : Successfully done setting XSCT server connection channel  
12:47:10 INFO  : plnx-install-location is set to ''
12:47:10 INFO  : Successfully done query RDI_DATADIR 
12:47:10 INFO  : Successfully done setting workspace for the tool. 
12:48:26 INFO  : Result from executing command 'getProjects': fir_fpga_wrapper2
12:48:26 INFO  : Result from executing command 'getPlatforms': xilinx_vck190_base_202220_1|/home/user/Xilinx/Vitis/2022.2/base_platforms/xilinx_vck190_base_202220_1/xilinx_vck190_base_202220_1.xpfm;xilinx_vck190_base_dfx_202220_1|/home/user/Xilinx/Vitis/2022.2/base_platforms/xilinx_vck190_base_dfx_202220_1/xilinx_vck190_base_dfx_202220_1.xpfm;xilinx_vmk180_base_202220_1|/home/user/Xilinx/Vitis/2022.2/base_platforms/xilinx_vmk180_base_202220_1/xilinx_vmk180_base_202220_1.xpfm;xilinx_zcu102_base_202220_1|/home/user/Xilinx/Vitis/2022.2/base_platforms/xilinx_zcu102_base_202220_1/xilinx_zcu102_base_202220_1.xpfm;xilinx_zcu102_base_dfx_202220_1|/home/user/Xilinx/Vitis/2022.2/base_platforms/xilinx_zcu102_base_dfx_202220_1/xilinx_zcu102_base_dfx_202220_1.xpfm;xilinx_zcu104_base_202220_1|/home/user/Xilinx/Vitis/2022.2/base_platforms/xilinx_zcu104_base_202220_1/xilinx_zcu104_base_202220_1.xpfm
12:48:27 WARN  : An unexpected exception occurred in the module 'platform project logging'
12:48:29 INFO  : Platform 'fir_fpga_wrapper2' is added to custom repositories.
12:48:44 INFO  : Platform 'fir_fpga_wrapper2' is added to custom repositories.
12:51:10 INFO  : Result from executing command 'getProjects': fir_fpga_wrapper2
12:51:10 INFO  : Result from executing command 'getPlatforms': fir_fpga_wrapper2|/home/user/vlsi/vitis_workspace/fir_fpga_wrapper2/export/fir_fpga_wrapper2/fir_fpga_wrapper2.xpfm;xilinx_vck190_base_202220_1|/home/user/Xilinx/Vitis/2022.2/base_platforms/xilinx_vck190_base_202220_1/xilinx_vck190_base_202220_1.xpfm;xilinx_vck190_base_dfx_202220_1|/home/user/Xilinx/Vitis/2022.2/base_platforms/xilinx_vck190_base_dfx_202220_1/xilinx_vck190_base_dfx_202220_1.xpfm;xilinx_vmk180_base_202220_1|/home/user/Xilinx/Vitis/2022.2/base_platforms/xilinx_vmk180_base_202220_1/xilinx_vmk180_base_202220_1.xpfm;xilinx_zcu102_base_202220_1|/home/user/Xilinx/Vitis/2022.2/base_platforms/xilinx_zcu102_base_202220_1/xilinx_zcu102_base_202220_1.xpfm;xilinx_zcu102_base_dfx_202220_1|/home/user/Xilinx/Vitis/2022.2/base_platforms/xilinx_zcu102_base_dfx_202220_1/xilinx_zcu102_base_dfx_202220_1.xpfm;xilinx_zcu104_base_202220_1|/home/user/Xilinx/Vitis/2022.2/base_platforms/xilinx_zcu104_base_202220_1/xilinx_zcu104_base_202220_1.xpfm
12:51:15 INFO  : Checking for BSP changes to sync application flags for project 'test'...
13:04:04 INFO  : Checking for BSP changes to sync application flags for project 'test'...
13:28:38 INFO  : Checking for BSP changes to sync application flags for project 'test'...
13:31:29 INFO  : Checking for BSP changes to sync application flags for project 'test'...
13:32:52 INFO  : Checking for BSP changes to sync application flags for project 'test'...
13:33:36 INFO  : Checking for BSP changes to sync application flags for project 'test'...
14:07:05 INFO  : Checking for BSP changes to sync application flags for project 'test'...
16:39:10 INFO  : Connected to target on host '127.0.0.1' and port '3121'.
16:46:29 DEBUG : Logs will be stored at '/home/user/vlsi/vitis_workspace/IDE.log'.
16:46:31 INFO  : Launching XSCT server: xsct -n  -interactive /home/user/vlsi/vitis_workspace/temp_xsdb_launch_script.tcl
16:46:37 INFO  : XSCT server has started successfully.
16:46:37 INFO  : plnx-install-location is set to ''
16:46:37 INFO  : Successfully done setting XSCT server connection channel  
16:46:37 INFO  : Successfully done setting workspace for the tool. 
16:46:40 INFO  : Successfully done query RDI_DATADIR 
16:46:41 INFO  : Platform repository initialization has completed.
16:46:41 INFO  : Registering command handlers for Vitis TCF services
16:46:45 INFO  : Checking for BSP changes to sync application flags for project 'test'...
16:47:28 INFO  : Connected to target on host '127.0.0.1' and port '3121'.
