INFO: [VRFC 10-163] Analyzing VHDL file "/home/user/vlsi/vivado/exer5/exer5.sim/sim_1/impl/func/xsim/fir_tb_func_impl.vhd" into library xil_defaultlib
INFO: [VRFC 10-3107] analyzing entity 'fir_fpga_auto_pc_0_axi_protocol_converter_v2_1_27_b2s_incr_cmd'
INFO: [VRFC 10-3107] analyzing entity 'fir_fpga_auto_pc_0_axi_protocol_converter_v2_1_27_b2s_incr_cmd_2'
INFO: [VRFC 10-3107] analyzing entity 'fir_fpga_auto_pc_0_axi_protocol_converter_v2_1_27_b2s_rd_cmd_fsm'
INFO: [VRFC 10-3107] analyzing entity 'fir_fpga_auto_pc_0_axi_protocol_converter_v2_1_27_b2s_simple_fifo'
INFO: [VRFC 10-3107] analyzing entity '\fir_fpga_auto_pc_0_axi_protocol_converter_v2_1_27_b2s_simple_fifo__parameterized0\'
INFO: [VRFC 10-3107] analyzing entity '\fir_fpga_auto_pc_0_axi_protocol_converter_v2_1_27_b2s_simple_fifo__parameterized1\'
INFO: [VRFC 10-3107] analyzing entity '\fir_fpga_auto_pc_0_axi_protocol_converter_v2_1_27_b2s_simple_fifo__parameterized2\'
INFO: [VRFC 10-3107] analyzing entity 'fir_fpga_auto_pc_0_axi_protocol_converter_v2_1_27_b2s_wr_cmd_fsm'
INFO: [VRFC 10-3107] analyzing entity 'fir_fpga_auto_pc_0_axi_protocol_converter_v2_1_27_b2s_wrap_cmd'
INFO: [VRFC 10-3107] analyzing entity 'fir_fpga_auto_pc_0_axi_protocol_converter_v2_1_27_b2s_wrap_cmd_3'
INFO: [VRFC 10-3107] analyzing entity 'fir_fpga_auto_pc_0_axi_register_slice_v2_1_27_axic_register_slice'
INFO: [VRFC 10-3107] analyzing entity 'fir_fpga_auto_pc_0_axi_register_slice_v2_1_27_axic_register_slice_0'
INFO: [VRFC 10-3107] analyzing entity '\fir_fpga_auto_pc_0_axi_register_slice_v2_1_27_axic_register_slice__parameterized1\'
INFO: [VRFC 10-3107] analyzing entity '\fir_fpga_auto_pc_0_axi_register_slice_v2_1_27_axic_register_slice__parameterized2\'
INFO: [VRFC 10-3107] analyzing entity 'fir_fpga_fir_0_0_CU'
INFO: [VRFC 10-3107] analyzing entity 'fir_fpga_fir_0_0_MAC'
INFO: [VRFC 10-3107] analyzing entity 'fir_fpga_fir_0_0_RAM'
INFO: [VRFC 10-3107] analyzing entity 'fir_fpga_fir_0_0_ROM'
INFO: [VRFC 10-3107] analyzing entity 'fir_fpga_processing_system7_0_0_processing_system7_v5_5_processing_system7'
INFO: [VRFC 10-3107] analyzing entity 'fir_fpga_rst_ps7_0_100M_0_cdc_sync'
INFO: [VRFC 10-3107] analyzing entity 'fir_fpga_rst_ps7_0_100M_0_cdc_sync_0'
INFO: [VRFC 10-3107] analyzing entity 'fir_fpga_rst_ps7_0_100M_0_upcnt_n'
INFO: [VRFC 10-3107] analyzing entity 'fir_fpga_auto_pc_0_axi_protocol_converter_v2_1_27_b2s_b_channel'
INFO: [VRFC 10-3107] analyzing entity 'fir_fpga_auto_pc_0_axi_protocol_converter_v2_1_27_b2s_cmd_translator'
INFO: [VRFC 10-3107] analyzing entity 'fir_fpga_auto_pc_0_axi_protocol_converter_v2_1_27_b2s_cmd_translator_1'
INFO: [VRFC 10-3107] analyzing entity 'fir_fpga_auto_pc_0_axi_protocol_converter_v2_1_27_b2s_r_channel'
INFO: [VRFC 10-3107] analyzing entity 'fir_fpga_auto_pc_0_axi_register_slice_v2_1_27_axi_register_slice'
INFO: [VRFC 10-3107] analyzing entity 'fir_fpga_fir_0_0_FIR'
INFO: [VRFC 10-3107] analyzing entity 'fir_fpga_processing_system7_0_0'
INFO: [VRFC 10-3107] analyzing entity 'fir_fpga_rst_ps7_0_100M_0_lpf'
INFO: [VRFC 10-3107] analyzing entity 'fir_fpga_rst_ps7_0_100M_0_sequence_psr'
INFO: [VRFC 10-3107] analyzing entity 'fir_fpga_auto_pc_0_axi_protocol_converter_v2_1_27_b2s_ar_channel'
INFO: [VRFC 10-3107] analyzing entity 'fir_fpga_auto_pc_0_axi_protocol_converter_v2_1_27_b2s_aw_channel'
INFO: [VRFC 10-3107] analyzing entity 'fir_fpga_fir_0_0_fir_v1_0_S00_AXI'
INFO: [VRFC 10-3107] analyzing entity 'fir_fpga_rst_ps7_0_100M_0_proc_sys_reset'
INFO: [VRFC 10-3107] analyzing entity 'fir_fpga_auto_pc_0_axi_protocol_converter_v2_1_27_b2s'
INFO: [VRFC 10-3107] analyzing entity 'fir_fpga_fir_0_0_fir_v1_0'
INFO: [VRFC 10-3107] analyzing entity 'fir_fpga_rst_ps7_0_100M_0'
INFO: [VRFC 10-3107] analyzing entity 'fir_fpga_auto_pc_0_axi_protocol_converter_v2_1_27_axi_protocol_converter'
INFO: [VRFC 10-3107] analyzing entity 'fir_fpga_fir_0_0'
INFO: [VRFC 10-3107] analyzing entity 'fir_fpga_auto_pc_0'
INFO: [VRFC 10-3107] analyzing entity 's00_couplers_imp_1PJPA4G'
INFO: [VRFC 10-3107] analyzing entity 'fir_fpga_ps7_0_axi_periph_0'
INFO: [VRFC 10-3107] analyzing entity 'fir_fpga'
INFO: [VRFC 10-3107] analyzing entity 'fir_fpga_wrapper'
INFO: [VRFC 10-163] Analyzing VHDL file "/home/user/vlsi/vivado/exer4/exer4.srcs/sim_1/new/fir_tb.vhd" into library xil_defaultlib
INFO: [VRFC 10-3107] analyzing entity 'fir_tb'
