16:55:14 DEBUG : Logs will be stored at '/home/user/vlsi/vitis/IDE.log'.
16:55:18 INFO  : Launching XSCT server: xsct -n  -interactive /home/user/vlsi/vitis/temp_xsdb_launch_script.tcl
16:55:18 INFO  : Registering command handlers for Vitis TCF services
16:55:20 INFO  : Platform repository initialization has completed.
16:55:22 INFO  : XSCT server has started successfully.
16:55:22 INFO  : plnx-install-location is set to ''
16:55:23 INFO  : Successfully done setting XSCT server connection channel  
16:55:23 INFO  : Successfully done query RDI_DATADIR 
16:55:23 INFO  : Successfully done setting workspace for the tool. 
13:33:03 DEBUG : Logs will be stored at '/home/user/vlsi/vitis/IDE.log'.
13:33:07 INFO  : Launching XSCT server: xsct -n  -interactive /home/user/vlsi/vitis/temp_xsdb_launch_script.tcl
13:33:08 INFO  : Registering command handlers for Vitis TCF services
13:33:09 INFO  : Platform repository initialization has completed.
13:33:12 INFO  : XSCT server has started successfully.
13:33:12 INFO  : Successfully done setting XSCT server connection channel  
13:33:13 INFO  : plnx-install-location is set to ''
13:33:13 INFO  : Successfully done setting workspace for the tool. 
13:33:13 INFO  : Successfully done query RDI_DATADIR 
16:02:38 DEBUG : Logs will be stored at '/home/user/vlsi/vitis/IDE.log'.
16:02:42 INFO  : Launching XSCT server: xsct -n  -interactive /home/user/vlsi/vitis/temp_xsdb_launch_script.tcl
16:02:42 INFO  : Registering command handlers for Vitis TCF services
16:02:44 INFO  : Platform repository initialization has completed.
16:02:47 INFO  : XSCT server has started successfully.
16:02:47 INFO  : Successfully done setting XSCT server connection channel  
16:02:47 INFO  : plnx-install-location is set to ''
16:02:47 INFO  : Successfully done setting workspace for the tool. 
16:02:47 INFO  : Successfully done query RDI_DATADIR 
