Copyright 1986-2022 Xilinx, Inc. All Rights Reserved.
------------------------------------------------------------------------------------
| Tool Version : Vivado v.2022.2 (win64) Build 3671981 Fri Oct 14 05:00:03 MDT 2022
| Date         : Fri Apr 11 11:44:09 2025
| Host         : LAPTOP-TDOO2BO6 running 64-bit major release  (build 9200)
| Command      : upgrade_ip
| Device       : xc7z010clg400-1
------------------------------------------------------------------------------------

Upgrade Log for IP 'best_fir_best_fir_0_0'

1. Summary
----------

SUCCESS in the upgrade of best_fir_best_fir_0_0 (xilinx.com:user:best_fir:1.0) from (Rev. 6) to (Rev. 7)






Copyright 1986-2022 Xilinx, Inc. All Rights Reserved.
------------------------------------------------------------------------------------
| Tool Version : Vivado v.2022.2 (win64) Build 3671981 Fri Oct 14 05:00:03 MDT 2022
| Date         : Thu Apr 10 20:30:04 2025
| Host         : LAPTOP-TDOO2BO6 running 64-bit major release  (build 9200)
| Command      : upgrade_ip
| Device       : xc7z010clg400-1
------------------------------------------------------------------------------------

Upgrade Log for IP 'best_fir_best_fir_0_0'

1. Summary
----------

SUCCESS in the upgrade of best_fir_best_fir_0_0 (xilinx.com:user:best_fir:1.0) from (Rev. 5) to (Rev. 6)






Copyright 1986-2022 Xilinx, Inc. All Rights Reserved.
------------------------------------------------------------------------------------
| Tool Version : Vivado v.2022.2 (win64) Build 3671981 Fri Oct 14 05:00:03 MDT 2022
| Date         : Thu Apr 10 20:21:45 2025
| Host         : LAPTOP-TDOO2BO6 running 64-bit major release  (build 9200)
| Command      : upgrade_ip
| Device       : xc7z010clg400-1
------------------------------------------------------------------------------------

Upgrade Log for IP 'best_fir_best_fir_0_0'

1. Summary
----------

SUCCESS in the upgrade of best_fir_best_fir_0_0 (xilinx.com:user:best_fir:1.0) from (Rev. 4) to (Rev. 5)






Copyright 1986-2022 Xilinx, Inc. All Rights Reserved.
------------------------------------------------------------------------------------
| Tool Version : Vivado v.2022.2 (win64) Build 3671981 Fri Oct 14 05:00:03 MDT 2022
| Date         : Thu Apr 10 20:11:51 2025
| Host         : LAPTOP-TDOO2BO6 running 64-bit major release  (build 9200)
| Command      : upgrade_ip
| Device       : xc7z010clg400-1
------------------------------------------------------------------------------------

Upgrade Log for IP 'best_fir_best_fir_0_0'

1. Summary
----------

SUCCESS in the upgrade of best_fir_best_fir_0_0 (xilinx.com:user:best_fir:1.0) from (Rev. 3) to (Rev. 4)






Copyright 1986-2022 Xilinx, Inc. All Rights Reserved.
------------------------------------------------------------------------------------
| Tool Version : Vivado v.2022.2 (win64) Build 3671981 Fri Oct 14 05:00:03 MDT 2022
| Date         : Thu Apr 10 19:58:18 2025
| Host         : LAPTOP-TDOO2BO6 running 64-bit major release  (build 9200)
| Command      : upgrade_ip
| Device       : xc7z010clg400-1
------------------------------------------------------------------------------------

Upgrade Log for IP 'best_fir_best_fir_0_0'

1. Summary
----------

SUCCESS in the upgrade of best_fir_best_fir_0_0 (xilinx.com:user:best_fir:1.0) from (Rev. 2) to (Rev. 3)






Copyright 1986-2022 Xilinx, Inc. All Rights Reserved.
------------------------------------------------------------------------------------
| Tool Version : Vivado v.2022.2 (win64) Build 3671981 Fri Oct 14 05:00:03 MDT 2022
| Date         : Thu Apr 10 19:56:48 2025
| Host         : LAPTOP-TDOO2BO6 running 64-bit major release  (build 9200)
| Command      : upgrade_ip
| Device       : xc7z010clg400-1
------------------------------------------------------------------------------------

Upgrade Log for IP 'best_fir_best_fir_0_0'

1. Summary
----------

SUCCESS in the conversion of best_fir_best_fir_0_0 (xilinx.com:user:best_fir:1.0 (Rev. 2)) to Vivado generation flows.

