Copyright 1986-2023 Xilinx, Inc. All Rights Reserved.
------------------------------------------------------------------------------------------------
| Tool Version : Vivado v.2022.2.2 (lin64) Build 3788238 Tue Feb 21 19:59:23 MST 2023
| Date         : Thu May  8 17:12:26 2025
| Host         : archlinux running 64-bit unknown
| Command      : report_clock_utilization -file dvlsi2021_lab5_top_clock_utilization_routed.rpt
| Design       : dvlsi2021_lab5_top
| Device       : 7z010-clg400
| Speed File   : -1  PRODUCTION 1.12 2019-11-22
| Design State : Routed
------------------------------------------------------------------------------------------------

Clock Utilization Report

Table of Contents
-----------------
1. Clock Primitive Utilization
2. Global Clock Resources
3. Global Clock Source Details
4. Local Clock Details
5. Clock Regions: Key Resource Utilization
6. Clock Regions : Global Clock Summary
7. Device Cell Placement Summary for Global Clock g0
8. Device Cell Placement Summary for Global Clock g1
9. Clock Region Cell Placement per Global Clock: Region X0Y0
10. Clock Region Cell Placement per Global Clock: Region X1Y0
11. Clock Region Cell Placement per Global Clock: Region X0Y1

1. Clock Primitive Utilization
------------------------------

+----------+------+-----------+-----+--------------+--------+
| Type     | Used | Available | LOC | Clock Region | Pblock |
+----------+------+-----------+-----+--------------+--------+
| BUFGCTRL |    2 |        32 |   0 |            0 |      0 |
| BUFH     |    0 |        48 |   0 |            0 |      0 |
| BUFIO    |    0 |         8 |   0 |            0 |      0 |
| BUFMR    |    0 |         4 |   0 |            0 |      0 |
| BUFR     |    0 |         8 |   0 |            0 |      0 |
| MMCM     |    0 |         2 |   0 |            0 |      0 |
| PLL      |    0 |         2 |   0 |            0 |      0 |
+----------+------+-----------+-----+--------------+--------+


2. Global Clock Resources
-------------------------

+-----------+-----------+-----------------+------------+----------------+--------------+-------------------+-------------+-----------------+--------------+------------+---------------------------------------------------------------------------------------+-------------------------------------------------------------+
| Global Id | Source Id | Driver Type/Pin | Constraint | Site           | Clock Region | Load Clock Region | Clock Loads | Non-Clock Loads | Clock Period | Clock      | Driver Pin                                                                            | Net                                                         |
+-----------+-----------+-----------------+------------+----------------+--------------+-------------------+-------------+-----------------+--------------+------------+---------------------------------------------------------------------------------------+-------------------------------------------------------------+
| g0        | src0      | BUFG/O          | None       | BUFGCTRL_X0Y15 | n/a          |                 3 |        3384 |               0 |       10.000 | clk_fpga_1 | PROCESSING_SYSTEM_INSTANCE/design_1_i/PS_ARM/inst/buffer_fclk_clk_1.FCLK_CLK_1_BUFG/O | PROCESSING_SYSTEM_INSTANCE/design_1_i/PS_ARM/inst/FCLK_CLK1 |
| g1        | src1      | BUFG/O          | None       | BUFGCTRL_X0Y14 | n/a          |                 3 |        2231 |               0 |       20.000 | clk_fpga_0 | PROCESSING_SYSTEM_INSTANCE/design_1_i/PS_ARM/inst/buffer_fclk_clk_0.FCLK_CLK_0_BUFG/O | PROCESSING_SYSTEM_INSTANCE/design_1_i/PS_ARM/inst/FCLK_CLK0 |
+-----------+-----------+-----------------+------------+----------------+--------------+-------------------+-------------+-----------------+--------------+------------+---------------------------------------------------------------------------------------+-------------------------------------------------------------+
* Clock Loads column represents cell count of net connects that connect to a clock pin. Internal cell leaf pins are not considered
** Non-Clock Loads column represents cell count of non-clock pin loads


3. Global Clock Source Details
------------------------------

+-----------+-----------+-----------------+------------+----------+--------------+-------------+-----------------+---------------------+--------------+--------------------------------------------------------------------+--------------------------------------------------------------------------+
| Source Id | Global Id | Driver Type/Pin | Constraint | Site     | Clock Region | Clock Loads | Non-Clock Loads | Source Clock Period | Source Clock | Driver Pin                                                         | Net                                                                      |
+-----------+-----------+-----------------+------------+----------+--------------+-------------+-----------------+---------------------+--------------+--------------------------------------------------------------------+--------------------------------------------------------------------------+
| src0      | g0        | PS7/FCLKCLK[1]  | PS7_X0Y0   | PS7_X0Y0 | X0Y1         |           1 |               0 |              10.000 | clk_fpga_1   | PROCESSING_SYSTEM_INSTANCE/design_1_i/PS_ARM/inst/PS7_i/FCLKCLK[1] | PROCESSING_SYSTEM_INSTANCE/design_1_i/PS_ARM/inst/FCLK_CLK_unbuffered[1] |
| src1      | g1        | PS7/FCLKCLK[0]  | PS7_X0Y0   | PS7_X0Y0 | X0Y1         |           1 |               0 |              20.000 | clk_fpga_0   | PROCESSING_SYSTEM_INSTANCE/design_1_i/PS_ARM/inst/PS7_i/FCLKCLK[0] | PROCESSING_SYSTEM_INSTANCE/design_1_i/PS_ARM/inst/FCLK_CLK_unbuffered[0] |
+-----------+-----------+-----------------+------------+----------+--------------+-------------+-----------------+---------------------+--------------+--------------------------------------------------------------------+--------------------------------------------------------------------------+
* Clock Loads column represents cell count of net connects that connect to a clock pin. Internal cell leaf pins are not considered
** Non-Clock Loads column represents cell count of non-clock pin loads


4. Local Clock Details
----------------------

+----------+-----------------+------------+-----------------+--------------+-------------+-----------------+--------------+-------+---------------------------------------------------------+---------------------------------------------------+
| Local Id | Driver Type/Pin | Constraint | Site/BEL        | Clock Region | Clock Loads | Non-Clock Loads | Clock Period | Clock | Driver Pin                                              | Net                                               |
+----------+-----------------+------------+-----------------+--------------+-------------+-----------------+--------------+-------+---------------------------------------------------------+---------------------------------------------------+
| 0        | FDCE/Q          | None       | SLICE_X36Y6/CFF | X1Y0         |           2 |              11 |              |       | debayering/control_unit_instance/current_state_reg[2]/Q | debayering/control_unit_instance/current_state[2] |
+----------+-----------------+------------+-----------------+--------------+-------------+-----------------+--------------+-------+---------------------------------------------------------+---------------------------------------------------+
* Local Clocks in this context represents only clocks driven by non-global buffers
** Clock Loads column represents cell count of net connects that connect to a clock pin. Internal cell leaf pins are not considered
*** Non-Clock Loads column represents cell count of non-clock pin loads


5. Clock Regions: Key Resource Utilization
------------------------------------------

+-------------------+--------------+--------------+--------------+--------------+--------------+--------------+--------------+--------------+--------------+--------------+--------------+--------------+--------------+--------------+--------------+
|                   | Global Clock |     BUFRs    |    BUFMRs    |    BUFIOs    |     MMCM     |      PLL     |      GT      |      PCI     |    ILOGIC    |    OLOGIC    |      FF      |     LUTM     |    RAMB18    |    RAMB36    |    DSP48E2   |
+-------------------+------+-------+------+-------+------+-------+------+-------+------+-------+------+-------+------+-------+------+-------+------+-------+------+-------+------+-------+------+-------+------+-------+------+-------+------+-------+
| Clock Region Name | Used | Avail | Used | Avail | Used | Avail | Used | Avail | Used | Avail | Used | Avail | Used | Avail | Used | Avail | Used | Avail | Used | Avail | Used | Avail | Used | Avail | Used | Avail | Used | Avail | Used | Avail |
+-------------------+------+-------+------+-------+------+-------+------+-------+------+-------+------+-------+------+-------+------+-------+------+-------+------+-------+------+-------+------+-------+------+-------+------+-------+------+-------+
| X0Y0              |    2 |    12 |    0 |     0 |    0 |     0 |    0 |     0 |    0 |     0 |    0 |     0 |    0 |     0 |    0 |     0 |    0 |     0 |    0 |     0 | 3240 |  1100 | 1535 |   400 |    0 |    20 |    4 |    10 |    0 |    20 |
| X1Y0              |    2 |    12 |    0 |     4 |    0 |     2 |    0 |     4 |    0 |     1 |    0 |     1 |    0 |     0 |    0 |     0 |    0 |    50 |    0 |    50 | 1901 |  1100 |  696 |   350 |    2 |    40 |    4 |    20 |    0 |    20 |
| X0Y1              |    2 |    12 |    0 |     0 |    0 |     0 |    0 |     0 |    0 |     0 |    0 |     0 |    0 |     0 |    0 |     0 |    0 |     0 |    0 |     0 |   74 |  1100 |   34 |   400 |    0 |    20 |    0 |    10 |    0 |    20 |
| X1Y1              |    0 |    12 |    0 |     4 |    0 |     2 |    0 |     4 |    0 |     1 |    0 |     1 |    0 |     0 |    0 |     0 |    0 |    50 |    0 |    50 |    0 |  1100 |    0 |   350 |    0 |    40 |    0 |    20 |    0 |    20 |
+-------------------+------+-------+------+-------+------+-------+------+-------+------+-------+------+-------+------+-------+------+-------+------+-------+------+-------+------+-------+------+-------+------+-------+------+-------+------+-------+
* Global Clock column represents track count; while other columns represents cell counts


6. Clock Regions : Global Clock Summary
---------------------------------------

All Modules
+----+----+----+
|    | X0 | X1 |
+----+----+----+
| Y1 |  2 |  0 |
| Y0 |  2 |  2 |
+----+----+----+


7. Device Cell Placement Summary for Global Clock g0
----------------------------------------------------

+-----------+-----------------+-------------------+------------+-------------+---------------+-------------+----------+----------------+----------+-------------------------------------------------------------+
| Global Id | Driver Type/Pin | Driver Region (D) | Clock      | Period (ns) | Waveform (ns) | Slice Loads | IO Loads | Clocking Loads | GT Loads | Net                                                         |
+-----------+-----------------+-------------------+------------+-------------+---------------+-------------+----------+----------------+----------+-------------------------------------------------------------+
| g0        | BUFG/O          | n/a               | clk_fpga_1 |      10.000 | {0.000 5.000} |        3327 |        0 |              0 |        0 | PROCESSING_SYSTEM_INSTANCE/design_1_i/PS_ARM/inst/FCLK_CLK1 |
+-----------+-----------------+-------------------+------------+-------------+---------------+-------------+----------+----------------+----------+-------------------------------------------------------------+
* Slice Loads column represents load cell count of all cell types other than IO, GT and clock resources
** IO Loads column represents load cell count of IO types
*** Clocking Loads column represents load cell count that are clock resources (global clock buffer, MMCM, PLL, etc)
**** GT Loads column represents load cell count of GT types


+----+-------+-------+-----------------------+
|    | X0    | X1    | HORIZONTAL PROG DELAY |
+----+-------+-------+-----------------------+
| Y1 |     1 |     0 |                     0 |
| Y0 |  1815 |  1511 |                     0 |
+----+-------+-------+-----------------------+


8. Device Cell Placement Summary for Global Clock g1
----------------------------------------------------

+-----------+-----------------+-------------------+------------+-------------+----------------+-------------+----------+----------------+----------+-------------------------------------------------------------+
| Global Id | Driver Type/Pin | Driver Region (D) | Clock      | Period (ns) | Waveform (ns)  | Slice Loads | IO Loads | Clocking Loads | GT Loads | Net                                                         |
+-----------+-----------------+-------------------+------------+-------------+----------------+-------------+----------+----------------+----------+-------------------------------------------------------------+
| g1        | BUFG/O          | n/a               | clk_fpga_0 |      20.000 | {0.000 10.000} |        2231 |        0 |              0 |        0 | PROCESSING_SYSTEM_INSTANCE/design_1_i/PS_ARM/inst/FCLK_CLK0 |
+-----------+-----------------+-------------------+------------+-------------+----------------+-------------+----------+----------------+----------+-------------------------------------------------------------+
* Slice Loads column represents load cell count of all cell types other than IO, GT and clock resources
** IO Loads column represents load cell count of IO types
*** Clocking Loads column represents load cell count that are clock resources (global clock buffer, MMCM, PLL, etc)
**** GT Loads column represents load cell count of GT types


+----+-------+------+-----------------------+
|    | X0    | X1   | HORIZONTAL PROG DELAY |
+----+-------+------+-----------------------+
| Y1 |    93 |    0 |                     0 |
| Y0 |  1644 |  494 |                     0 |
+----+-------+------+-----------------------+


9. Clock Region Cell Placement per Global Clock: Region X0Y0
------------------------------------------------------------

+-----------+-------+-----------------+------------+-------------+-----------------+------+-------------+------+-----+----+------+-----+---------+-------------------------------------------------------------+
| Global Id | Track | Driver Type/Pin | Constraint | Clock Loads | Non-Clock Loads | FF   | Memory LUTs | RAMB | DSP | GT | MMCM | PLL | Hard IP | Net                                                         |
+-----------+-------+-----------------+------------+-------------+-----------------+------+-------------+------+-----+----+------+-----+---------+-------------------------------------------------------------+
| g0        | n/a   | BUFG/O          | None       |        1815 |               0 | 1646 |         163 |    4 |   0 |  0 |    0 |   0 |       0 | PROCESSING_SYSTEM_INSTANCE/design_1_i/PS_ARM/inst/FCLK_CLK1 |
| g1        | n/a   | BUFG/O          | None       |        1644 |               0 | 1594 |          47 |    1 |   0 |  0 |    0 |   0 |       0 | PROCESSING_SYSTEM_INSTANCE/design_1_i/PS_ARM/inst/FCLK_CLK0 |
+-----------+-------+-----------------+------------+-------------+-----------------+------+-------------+------+-----+----+------+-----+---------+-------------------------------------------------------------+
* Clock Loads column represents cell count of net connects that connect to a clock pin. Internal cell leaf pins are not considered
** Non-Clock Loads column represents cell count of non-clock pin loads
*** Columns FF, LUTRAM, RAMB through 'Hard IP' represents load cell counts


10. Clock Region Cell Placement per Global Clock: Region X1Y0
-------------------------------------------------------------

+-----------+-------+-----------------+------------+-------------+-----------------+------+-------------+------+-----+----+------+-----+---------+-------------------------------------------------------------+
| Global Id | Track | Driver Type/Pin | Constraint | Clock Loads | Non-Clock Loads | FF   | Memory LUTs | RAMB | DSP | GT | MMCM | PLL | Hard IP | Net                                                         |
+-----------+-------+-----------------+------------+-------------+-----------------+------+-------------+------+-----+----+------+-----+---------+-------------------------------------------------------------+
| g0        | n/a   | BUFG/O          | None       |        1511 |               0 | 1411 |          89 |    6 |   0 |  0 |    0 |   0 |       0 | PROCESSING_SYSTEM_INSTANCE/design_1_i/PS_ARM/inst/FCLK_CLK1 |
| g1        | n/a   | BUFG/O          | None       |         494 |               0 |  490 |           1 |    2 |   0 |  0 |    0 |   0 |       0 | PROCESSING_SYSTEM_INSTANCE/design_1_i/PS_ARM/inst/FCLK_CLK0 |
+-----------+-------+-----------------+------------+-------------+-----------------+------+-------------+------+-----+----+------+-----+---------+-------------------------------------------------------------+
* Clock Loads column represents cell count of net connects that connect to a clock pin. Internal cell leaf pins are not considered
** Non-Clock Loads column represents cell count of non-clock pin loads
*** Columns FF, LUTRAM, RAMB through 'Hard IP' represents load cell counts


11. Clock Region Cell Placement per Global Clock: Region X0Y1
-------------------------------------------------------------

+-----------+-------+-----------------+------------+-------------+-----------------+----+-------------+------+-----+----+------+-----+---------+-------------------------------------------------------------+
| Global Id | Track | Driver Type/Pin | Constraint | Clock Loads | Non-Clock Loads | FF | Memory LUTs | RAMB | DSP | GT | MMCM | PLL | Hard IP | Net                                                         |
+-----------+-------+-----------------+------------+-------------+-----------------+----+-------------+------+-----+----+------+-----+---------+-------------------------------------------------------------+
| g0        | n/a   | BUFG/O          | None       |           1 |               0 |  0 |           0 |    0 |   0 |  0 |    0 |   0 |       0 | PROCESSING_SYSTEM_INSTANCE/design_1_i/PS_ARM/inst/FCLK_CLK1 |
| g1        | n/a   | BUFG/O          | None       |          93 |               0 | 74 |          18 |    0 |   0 |  0 |    0 |   0 |       0 | PROCESSING_SYSTEM_INSTANCE/design_1_i/PS_ARM/inst/FCLK_CLK0 |
+-----------+-------+-----------------+------------+-------------+-----------------+----+-------------+------+-----+----+------+-----+---------+-------------------------------------------------------------+
* Clock Loads column represents cell count of net connects that connect to a clock pin. Internal cell leaf pins are not considered
** Non-Clock Loads column represents cell count of non-clock pin loads
*** Columns FF, LUTRAM, RAMB through 'Hard IP' represents load cell counts



# Location of BUFG Primitives 
set_property LOC BUFGCTRL_X0Y15 [get_cells PROCESSING_SYSTEM_INSTANCE/design_1_i/PS_ARM/inst/buffer_fclk_clk_1.FCLK_CLK_1_BUFG]
set_property LOC BUFGCTRL_X0Y14 [get_cells PROCESSING_SYSTEM_INSTANCE/design_1_i/PS_ARM/inst/buffer_fclk_clk_0.FCLK_CLK_0_BUFG]

# Location of IO Primitives which is load of clock spine

# Location of clock ports

# Clock net "PROCESSING_SYSTEM_INSTANCE/design_1_i/PS_ARM/inst/FCLK_CLK1" driven by instance "PROCESSING_SYSTEM_INSTANCE/design_1_i/PS_ARM/inst/buffer_fclk_clk_1.FCLK_CLK_1_BUFG" located at site "BUFGCTRL_X0Y15"
#startgroup
create_pblock {CLKAG_PROCESSING_SYSTEM_INSTANCE/design_1_i/PS_ARM/inst/FCLK_CLK1}
add_cells_to_pblock [get_pblocks  {CLKAG_PROCESSING_SYSTEM_INSTANCE/design_1_i/PS_ARM/inst/FCLK_CLK1}] [get_cells -filter { PRIMITIVE_GROUP != I/O && IS_PRIMITIVE==1 && PRIMITIVE_LEVEL !=INTERNAL } -of_object [get_pins -filter {DIRECTION==IN} -of_objects [get_nets -hierarchical -filter {PARENT=="PROCESSING_SYSTEM_INSTANCE/design_1_i/PS_ARM/inst/FCLK_CLK1"}]]]
resize_pblock [get_pblocks {CLKAG_PROCESSING_SYSTEM_INSTANCE/design_1_i/PS_ARM/inst/FCLK_CLK1}] -add {CLOCKREGION_X0Y0:CLOCKREGION_X0Y0 CLOCKREGION_X0Y1:CLOCKREGION_X0Y1 CLOCKREGION_X1Y0:CLOCKREGION_X1Y0}
#endgroup

# Clock net "PROCESSING_SYSTEM_INSTANCE/design_1_i/PS_ARM/inst/FCLK_CLK0" driven by instance "PROCESSING_SYSTEM_INSTANCE/design_1_i/PS_ARM/inst/buffer_fclk_clk_0.FCLK_CLK_0_BUFG" located at site "BUFGCTRL_X0Y14"
#startgroup
create_pblock {CLKAG_PROCESSING_SYSTEM_INSTANCE/design_1_i/PS_ARM/inst/FCLK_CLK0}
add_cells_to_pblock [get_pblocks  {CLKAG_PROCESSING_SYSTEM_INSTANCE/design_1_i/PS_ARM/inst/FCLK_CLK0}] [get_cells -filter { PRIMITIVE_GROUP != I/O && IS_PRIMITIVE==1 && PRIMITIVE_LEVEL !=INTERNAL } -of_object [get_pins -filter {DIRECTION==IN} -of_objects [get_nets -hierarchical -filter {PARENT=="PROCESSING_SYSTEM_INSTANCE/design_1_i/PS_ARM/inst/FCLK_CLK0"}]]]
resize_pblock [get_pblocks {CLKAG_PROCESSING_SYSTEM_INSTANCE/design_1_i/PS_ARM/inst/FCLK_CLK0}] -add {CLOCKREGION_X0Y0:CLOCKREGION_X0Y0 CLOCKREGION_X0Y1:CLOCKREGION_X0Y1 CLOCKREGION_X1Y0:CLOCKREGION_X1Y0}
#endgroup
