
*** Running vivado
    with args -log dvlsi2021_lab5_top.vdi -applog -m64 -product Vivado -messageDb vivado.pb -mode batch -source dvlsi2021_lab5_top.tcl -notrace


****** Vivado v2022.2.2 (64-bit)
  **** SW Build 3788238 on Tue Feb 21 19:59:23 MST 2023
  **** IP Build 3783773 on Tue Feb 21 23:41:56 MST 2023
    ** Copyright 1986-2023 Xilinx, Inc. All Rights Reserved.

source dvlsi2021_lab5_top.tcl -notrace
INFO: [IP_Flow 19-234] Refreshing IP repositories
INFO: [IP_Flow 19-1700] Loaded user IP repository '/home/panos/dev/vlsi/vivado/ip_repo/axi_stream_interface_1_0'.
INFO: [IP_Flow 19-2313] Loaded Vivado IP repository '/home/panos/tools/Xilinx/Vivado/2022.2/data/ip'.
Command: link_design -top dvlsi2021_lab5_top -part xc7z010clg400-1
Design is defaulting to srcset: sources_1
Design is defaulting to constrset: constrs_1
INFO: [Device 21-403] Loading part xc7z010clg400-1
INFO: [Project 1-454] Reading design checkpoint '/home/panos/dev/vlsi/vivado/exer7/exer7.gen/sources_1/bd/design_1/ip/design_1_PL2PS_DMA_0/design_1_PL2PS_DMA_0.dcp' for cell 'PROCESSING_SYSTEM_INSTANCE/design_1_i/PL2PS_DMA'
INFO: [Project 1-454] Reading design checkpoint '/home/panos/dev/vlsi/vivado/exer7/exer7.gen/sources_1/bd/design_1/ip/design_1_PL_GEN_ARESETN_100_0/design_1_PL_GEN_ARESETN_100_0.dcp' for cell 'PROCESSING_SYSTEM_INSTANCE/design_1_i/PL_GEN_ARESETN_100'
INFO: [Project 1-454] Reading design checkpoint '/home/panos/dev/vlsi/vivado/exer7/exer7.gen/sources_1/bd/design_1/ip/design_1_PL_GEN_ARESETN_50_0/design_1_PL_GEN_ARESETN_50_0.dcp' for cell 'PROCESSING_SYSTEM_INSTANCE/design_1_i/PL_GEN_ARESETN_50'
INFO: [Project 1-454] Reading design checkpoint '/home/panos/dev/vlsi/vivado/exer7/exer7.gen/sources_1/bd/design_1/ip/design_1_PS2PL_DMA_0/design_1_PS2PL_DMA_0.dcp' for cell 'PROCESSING_SYSTEM_INSTANCE/design_1_i/PS2PL_DMA'
INFO: [Project 1-454] Reading design checkpoint '/home/panos/dev/vlsi/vivado/exer7/exer7.gen/sources_1/bd/design_1/ip/design_1_PS_ARM_0/design_1_PS_ARM_0.dcp' for cell 'PROCESSING_SYSTEM_INSTANCE/design_1_i/PS_ARM'
INFO: [Project 1-454] Reading design checkpoint '/home/panos/dev/vlsi/vivado/exer7/exer7.gen/sources_1/bd/design_1/ip/design_1_axi_smc_0/design_1_axi_smc_0.dcp' for cell 'PROCESSING_SYSTEM_INSTANCE/design_1_i/axi_smc'
INFO: [Project 1-454] Reading design checkpoint '/home/panos/dev/vlsi/vivado/exer7/exer7.gen/sources_1/bd/design_1/ip/design_1_axi_smc_1_0/design_1_axi_smc_1_0.dcp' for cell 'PROCESSING_SYSTEM_INSTANCE/design_1_i/axi_smc_1'
INFO: [Project 1-454] Reading design checkpoint '/home/panos/dev/vlsi/vivado/exer7/exer7.gen/sources_1/bd/design_1/ip/design_1_xbar_0/design_1_xbar_0.dcp' for cell 'PROCESSING_SYSTEM_INSTANCE/design_1_i/ps7_0_axi_periph/xbar'
INFO: [Project 1-454] Reading design checkpoint '/home/panos/dev/vlsi/vivado/exer7/exer7.gen/sources_1/bd/design_1/ip/design_1_auto_pc_0/design_1_auto_pc_0.dcp' for cell 'PROCESSING_SYSTEM_INSTANCE/design_1_i/ps7_0_axi_periph/s00_couplers/auto_pc'
INFO: [Project 1-454] Reading design checkpoint '/home/panos/dev/vlsi/vivado/exer7/exer7.gen/sources_1/ip/fifo_generator_0/fifo_generator_0.dcp' for cell 'debayering/serial2parallel_instance/fifo1'
Netlist sorting complete. Time (s): cpu = 00:00:00.13 ; elapsed = 00:00:00.13 . Memory (MB): peak = 1690.258 ; gain = 0.000 ; free physical = 1687 ; free virtual = 7666
INFO: [Netlist 29-17] Analyzing 295 Unisim elements for replacement
INFO: [Netlist 29-28] Unisim Transformation completed in 0 CPU seconds
INFO: [Project 1-479] Netlist was created with Vivado 2022.2.2
INFO: [Project 1-570] Preparing netlist for logic optimization
Parsing XDC File [/home/panos/dev/vlsi/vivado/exer7/exer7.gen/sources_1/bd/design_1/ip/design_1_PL2PS_DMA_0/design_1_PL2PS_DMA_0.xdc] for cell 'PROCESSING_SYSTEM_INSTANCE/design_1_i/PL2PS_DMA/U0'
WARNING: [Vivado_Tcl 4-919] Waiver ID 'CDC-1' -from list should not be empty. [/home/panos/dev/vlsi/vivado/exer7/exer7.gen/sources_1/bd/design_1/ip/design_1_PL2PS_DMA_0/design_1_PL2PS_DMA_0.xdc:61]
Finished Parsing XDC File [/home/panos/dev/vlsi/vivado/exer7/exer7.gen/sources_1/bd/design_1/ip/design_1_PL2PS_DMA_0/design_1_PL2PS_DMA_0.xdc] for cell 'PROCESSING_SYSTEM_INSTANCE/design_1_i/PL2PS_DMA/U0'
Parsing XDC File [/home/panos/dev/vlsi/vivado/exer7/exer7.gen/sources_1/bd/design_1/ip/design_1_PL_GEN_ARESETN_50_0/design_1_PL_GEN_ARESETN_50_0_board.xdc] for cell 'PROCESSING_SYSTEM_INSTANCE/design_1_i/PL_GEN_ARESETN_50/U0'
Finished Parsing XDC File [/home/panos/dev/vlsi/vivado/exer7/exer7.gen/sources_1/bd/design_1/ip/design_1_PL_GEN_ARESETN_50_0/design_1_PL_GEN_ARESETN_50_0_board.xdc] for cell 'PROCESSING_SYSTEM_INSTANCE/design_1_i/PL_GEN_ARESETN_50/U0'
Parsing XDC File [/home/panos/dev/vlsi/vivado/exer7/exer7.gen/sources_1/bd/design_1/ip/design_1_PL_GEN_ARESETN_50_0/design_1_PL_GEN_ARESETN_50_0.xdc] for cell 'PROCESSING_SYSTEM_INSTANCE/design_1_i/PL_GEN_ARESETN_50/U0'
Finished Parsing XDC File [/home/panos/dev/vlsi/vivado/exer7/exer7.gen/sources_1/bd/design_1/ip/design_1_PL_GEN_ARESETN_50_0/design_1_PL_GEN_ARESETN_50_0.xdc] for cell 'PROCESSING_SYSTEM_INSTANCE/design_1_i/PL_GEN_ARESETN_50/U0'
Parsing XDC File [/home/panos/dev/vlsi/vivado/exer7/exer7.gen/sources_1/bd/design_1/ip/design_1_PL_GEN_ARESETN_100_0/design_1_PL_GEN_ARESETN_100_0_board.xdc] for cell 'PROCESSING_SYSTEM_INSTANCE/design_1_i/PL_GEN_ARESETN_100/U0'
Finished Parsing XDC File [/home/panos/dev/vlsi/vivado/exer7/exer7.gen/sources_1/bd/design_1/ip/design_1_PL_GEN_ARESETN_100_0/design_1_PL_GEN_ARESETN_100_0_board.xdc] for cell 'PROCESSING_SYSTEM_INSTANCE/design_1_i/PL_GEN_ARESETN_100/U0'
Parsing XDC File [/home/panos/dev/vlsi/vivado/exer7/exer7.gen/sources_1/bd/design_1/ip/design_1_PL_GEN_ARESETN_100_0/design_1_PL_GEN_ARESETN_100_0.xdc] for cell 'PROCESSING_SYSTEM_INSTANCE/design_1_i/PL_GEN_ARESETN_100/U0'
Finished Parsing XDC File [/home/panos/dev/vlsi/vivado/exer7/exer7.gen/sources_1/bd/design_1/ip/design_1_PL_GEN_ARESETN_100_0/design_1_PL_GEN_ARESETN_100_0.xdc] for cell 'PROCESSING_SYSTEM_INSTANCE/design_1_i/PL_GEN_ARESETN_100/U0'
Parsing XDC File [/home/panos/dev/vlsi/vivado/exer7/exer7.gen/sources_1/bd/design_1/ip/design_1_PS2PL_DMA_0/design_1_PS2PL_DMA_0.xdc] for cell 'PROCESSING_SYSTEM_INSTANCE/design_1_i/PS2PL_DMA/U0'
WARNING: [Vivado_Tcl 4-919] Waiver ID 'CDC-1' -from list should not be empty. [/home/panos/dev/vlsi/vivado/exer7/exer7.gen/sources_1/bd/design_1/ip/design_1_PS2PL_DMA_0/design_1_PS2PL_DMA_0.xdc:61]
Finished Parsing XDC File [/home/panos/dev/vlsi/vivado/exer7/exer7.gen/sources_1/bd/design_1/ip/design_1_PS2PL_DMA_0/design_1_PS2PL_DMA_0.xdc] for cell 'PROCESSING_SYSTEM_INSTANCE/design_1_i/PS2PL_DMA/U0'
Parsing XDC File [/home/panos/dev/vlsi/vivado/exer7/exer7.gen/sources_1/bd/design_1/ip/design_1_PS_ARM_0/design_1_PS_ARM_0.xdc] for cell 'PROCESSING_SYSTEM_INSTANCE/design_1_i/PS_ARM/inst'
Finished Parsing XDC File [/home/panos/dev/vlsi/vivado/exer7/exer7.gen/sources_1/bd/design_1/ip/design_1_PS_ARM_0/design_1_PS_ARM_0.xdc] for cell 'PROCESSING_SYSTEM_INSTANCE/design_1_i/PS_ARM/inst'
Parsing XDC File [/home/panos/dev/vlsi/vivado/exer7/exer7.gen/sources_1/bd/design_1/ip/design_1_axi_smc_0/bd_0/ip/ip_1/bd_afc3_psr_aclk_0_board.xdc] for cell 'PROCESSING_SYSTEM_INSTANCE/design_1_i/axi_smc/inst/clk_map/psr_aclk/U0'
Finished Parsing XDC File [/home/panos/dev/vlsi/vivado/exer7/exer7.gen/sources_1/bd/design_1/ip/design_1_axi_smc_0/bd_0/ip/ip_1/bd_afc3_psr_aclk_0_board.xdc] for cell 'PROCESSING_SYSTEM_INSTANCE/design_1_i/axi_smc/inst/clk_map/psr_aclk/U0'
Parsing XDC File [/home/panos/dev/vlsi/vivado/exer7/exer7.gen/sources_1/bd/design_1/ip/design_1_axi_smc_0/bd_0/ip/ip_1/bd_afc3_psr_aclk_0.xdc] for cell 'PROCESSING_SYSTEM_INSTANCE/design_1_i/axi_smc/inst/clk_map/psr_aclk/U0'
Finished Parsing XDC File [/home/panos/dev/vlsi/vivado/exer7/exer7.gen/sources_1/bd/design_1/ip/design_1_axi_smc_0/bd_0/ip/ip_1/bd_afc3_psr_aclk_0.xdc] for cell 'PROCESSING_SYSTEM_INSTANCE/design_1_i/axi_smc/inst/clk_map/psr_aclk/U0'
Parsing XDC File [/home/panos/dev/vlsi/vivado/exer7/exer7.gen/sources_1/bd/design_1/ip/design_1_axi_smc_1_0/bd_0/ip/ip_1/bd_a878_psr_aclk_0_board.xdc] for cell 'PROCESSING_SYSTEM_INSTANCE/design_1_i/axi_smc_1/inst/clk_map/psr_aclk/U0'
Finished Parsing XDC File [/home/panos/dev/vlsi/vivado/exer7/exer7.gen/sources_1/bd/design_1/ip/design_1_axi_smc_1_0/bd_0/ip/ip_1/bd_a878_psr_aclk_0_board.xdc] for cell 'PROCESSING_SYSTEM_INSTANCE/design_1_i/axi_smc_1/inst/clk_map/psr_aclk/U0'
Parsing XDC File [/home/panos/dev/vlsi/vivado/exer7/exer7.gen/sources_1/bd/design_1/ip/design_1_axi_smc_1_0/bd_0/ip/ip_1/bd_a878_psr_aclk_0.xdc] for cell 'PROCESSING_SYSTEM_INSTANCE/design_1_i/axi_smc_1/inst/clk_map/psr_aclk/U0'
Finished Parsing XDC File [/home/panos/dev/vlsi/vivado/exer7/exer7.gen/sources_1/bd/design_1/ip/design_1_axi_smc_1_0/bd_0/ip/ip_1/bd_a878_psr_aclk_0.xdc] for cell 'PROCESSING_SYSTEM_INSTANCE/design_1_i/axi_smc_1/inst/clk_map/psr_aclk/U0'
Parsing XDC File [/home/panos/dev/vlsi/vivado/exer7/exer7.gen/sources_1/ip/fifo_generator_0/fifo_generator_0.xdc] for cell 'debayering/serial2parallel_instance/fifo1/U0'
Finished Parsing XDC File [/home/panos/dev/vlsi/vivado/exer7/exer7.gen/sources_1/ip/fifo_generator_0/fifo_generator_0.xdc] for cell 'debayering/serial2parallel_instance/fifo1/U0'
Parsing XDC File [/home/panos/dev/vlsi/vivado/exer7/exer7.gen/sources_1/ip/fifo_generator_0/fifo_generator_0.xdc] for cell 'debayering/serial2parallel_instance/fifo2/U0'
Finished Parsing XDC File [/home/panos/dev/vlsi/vivado/exer7/exer7.gen/sources_1/ip/fifo_generator_0/fifo_generator_0.xdc] for cell 'debayering/serial2parallel_instance/fifo2/U0'
Parsing XDC File [/home/panos/dev/vlsi/vivado/exer7/exer7.gen/sources_1/ip/fifo_generator_0/fifo_generator_0.xdc] for cell 'debayering/serial2parallel_instance/fifo3/U0'
Finished Parsing XDC File [/home/panos/dev/vlsi/vivado/exer7/exer7.gen/sources_1/ip/fifo_generator_0/fifo_generator_0.xdc] for cell 'debayering/serial2parallel_instance/fifo3/U0'
Parsing XDC File [/home/panos/dev/vlsi/vivado/exer7/exer7.gen/sources_1/bd/design_1/ip/design_1_PL2PS_DMA_0/design_1_PL2PS_DMA_0_clocks.xdc] for cell 'PROCESSING_SYSTEM_INSTANCE/design_1_i/PL2PS_DMA/U0'
Finished Parsing XDC File [/home/panos/dev/vlsi/vivado/exer7/exer7.gen/sources_1/bd/design_1/ip/design_1_PL2PS_DMA_0/design_1_PL2PS_DMA_0_clocks.xdc] for cell 'PROCESSING_SYSTEM_INSTANCE/design_1_i/PL2PS_DMA/U0'
Parsing XDC File [/home/panos/dev/vlsi/vivado/exer7/exer7.gen/sources_1/bd/design_1/ip/design_1_PS2PL_DMA_0/design_1_PS2PL_DMA_0_clocks.xdc] for cell 'PROCESSING_SYSTEM_INSTANCE/design_1_i/PS2PL_DMA/U0'
Finished Parsing XDC File [/home/panos/dev/vlsi/vivado/exer7/exer7.gen/sources_1/bd/design_1/ip/design_1_PS2PL_DMA_0/design_1_PS2PL_DMA_0_clocks.xdc] for cell 'PROCESSING_SYSTEM_INSTANCE/design_1_i/PS2PL_DMA/U0'
INFO: [Project 1-1714] 54 XPM XDC files have been applied to the design.
INFO: [Opt 31-138] Pushed 0 inverter(s) to 0 load pin(s).
Netlist sorting complete. Time (s): cpu = 00:00:00.01 ; elapsed = 00:00:00 . Memory (MB): peak = 2559.586 ; gain = 0.000 ; free physical = 1103 ; free virtual = 7081
INFO: [Project 1-111] Unisim Transformation Summary:
  A total of 57 instances were transformed.
  RAM32M => RAM32M (RAMD32(x6), RAMS32(x2)): 56 instances
  RAM32X1D => RAM32X1D (RAMD32(x2)): 1 instance 

21 Infos, 2 Warnings, 0 Critical Warnings and 0 Errors encountered.
link_design completed successfully
link_design: Time (s): cpu = 00:00:12 ; elapsed = 00:00:12 . Memory (MB): peak = 2559.586 ; gain = 1244.070 ; free physical = 1103 ; free virtual = 7081
Command: opt_design
Attempting to get a license for feature 'Implementation' and/or device 'xc7z010'
INFO: [Common 17-349] Got license for feature 'Implementation' and/or device 'xc7z010'
Running DRC as a precondition to command opt_design

Starting DRC Task
INFO: [DRC 23-27] Running DRC with 8 threads
INFO: [Project 1-461] DRC finished with 0 Errors
INFO: [Project 1-462] Please refer to the DRC report (report_drc) for more information.

Time (s): cpu = 00:00:00.75 ; elapsed = 00:00:00.45 . Memory (MB): peak = 2559.586 ; gain = 0.000 ; free physical = 1079 ; free virtual = 7057

Starting Cache Timing Information Task
INFO: [Timing 38-35] Done setting XDC timing constraints.
Ending Cache Timing Information Task | Checksum: 16f7d3726

Time (s): cpu = 00:00:00.47 ; elapsed = 00:00:00.2 . Memory (MB): peak = 2559.586 ; gain = 0.000 ; free physical = 1060 ; free virtual = 7038

Starting Logic Optimization Task

Phase 1 Retarget
INFO: [Opt 31-1287] Pulled Inverter PROCESSING_SYSTEM_INSTANCE/design_1_i/PL2PS_DMA/U0/I_PRMRY_DATAMOVER/GEN_S2MM_FULL.I_S2MM_FULL_WRAPPER/GEN_INCLUDE_IBTTCC.I_S2MM_MSTR_IBTTCC/sig_realign_cmd_cmplt_reg_i_1 into driver instance PROCESSING_SYSTEM_INSTANCE/design_1_i/PL2PS_DMA/U0/I_PRMRY_DATAMOVER/GEN_S2MM_FULL.I_S2MM_FULL_WRAPPER/GEN_INCLUDE_IBTTCC.I_S2MM_MSTR_IBTTCC/sig_realigner_btt2[25]_i_2, which resulted in an inversion of 19 pins
INFO: [Opt 31-1287] Pulled Inverter PROCESSING_SYSTEM_INSTANCE/design_1_i/PL2PS_DMA/U0/I_PRMRY_DATAMOVER/GEN_S2MM_FULL.I_S2MM_FULL_WRAPPER/I_CMD_STATUS/GEN_INCLUDE_STATUS_FIFO.I_STS_FIFO/USE_ASYNC_FIFO.I_ASYNC_FIFO/I_ASYNC_FIFOGEN_FIFO/xpm_fifo_instance.xpm_fifo_async_inst/gnuram_async_fifo.xpm_fifo_base_inst/xpm_fifo_rst_inst/FSM_onehot_gen_rst_ic.curr_wrst_state[4]_i_1 into driver instance PROCESSING_SYSTEM_INSTANCE/design_1_i/PL2PS_DMA/U0/I_PRMRY_DATAMOVER/GEN_S2MM_FULL.I_S2MM_FULL_WRAPPER/I_CMD_STATUS/GEN_INCLUDE_STATUS_FIFO.I_STS_FIFO/USE_ASYNC_FIFO.I_ASYNC_FIFO/I_ASYNC_FIFOGEN_FIFO/xpm_fifo_instance.xpm_fifo_async_inst/gnuram_async_fifo.xpm_fifo_base_inst/xpm_fifo_rst_inst//i_, which resulted in an inversion of 2 pins
INFO: [Opt 31-1287] Pulled Inverter PROCESSING_SYSTEM_INSTANCE/design_1_i/PL2PS_DMA/U0/I_PRMRY_DATAMOVER/GEN_S2MM_FULL.I_S2MM_FULL_WRAPPER/I_CMD_STATUS/I_CMD_FIFO/USE_ASYNC_FIFO.I_ASYNC_FIFO/I_ASYNC_FIFOGEN_FIFO/xpm_fifo_instance.xpm_fifo_async_inst/gnuram_async_fifo.xpm_fifo_base_inst/xpm_fifo_rst_inst/FSM_onehot_gen_rst_ic.curr_wrst_state[4]_i_1 into driver instance PROCESSING_SYSTEM_INSTANCE/design_1_i/PL2PS_DMA/U0/I_PRMRY_DATAMOVER/GEN_S2MM_FULL.I_S2MM_FULL_WRAPPER/I_CMD_STATUS/I_CMD_FIFO/USE_ASYNC_FIFO.I_ASYNC_FIFO/I_ASYNC_FIFOGEN_FIFO/xpm_fifo_instance.xpm_fifo_async_inst/gnuram_async_fifo.xpm_fifo_base_inst/xpm_fifo_rst_inst//i_, which resulted in an inversion of 2 pins
INFO: [Opt 31-1287] Pulled Inverter PROCESSING_SYSTEM_INSTANCE/design_1_i/PS2PL_DMA/U0/I_PRMRY_DATAMOVER/GEN_MM2S_FULL.I_MM2S_FULL_WRAPPER/I_CMD_STATUS/GEN_INCLUDE_STATUS_FIFO.I_STS_FIFO/USE_ASYNC_FIFO.I_ASYNC_FIFO/I_ASYNC_FIFOGEN_FIFO/xpm_fifo_instance.xpm_fifo_async_inst/gnuram_async_fifo.xpm_fifo_base_inst/xpm_fifo_rst_inst/FSM_onehot_gen_rst_ic.curr_wrst_state[4]_i_1 into driver instance PROCESSING_SYSTEM_INSTANCE/design_1_i/PS2PL_DMA/U0/I_PRMRY_DATAMOVER/GEN_MM2S_FULL.I_MM2S_FULL_WRAPPER/I_CMD_STATUS/GEN_INCLUDE_STATUS_FIFO.I_STS_FIFO/USE_ASYNC_FIFO.I_ASYNC_FIFO/I_ASYNC_FIFOGEN_FIFO/xpm_fifo_instance.xpm_fifo_async_inst/gnuram_async_fifo.xpm_fifo_base_inst/xpm_fifo_rst_inst//i_, which resulted in an inversion of 2 pins
INFO: [Opt 31-1287] Pulled Inverter PROCESSING_SYSTEM_INSTANCE/design_1_i/PS2PL_DMA/U0/I_PRMRY_DATAMOVER/GEN_MM2S_FULL.I_MM2S_FULL_WRAPPER/I_CMD_STATUS/I_CMD_FIFO/USE_ASYNC_FIFO.I_ASYNC_FIFO/I_ASYNC_FIFOGEN_FIFO/xpm_fifo_instance.xpm_fifo_async_inst/gnuram_async_fifo.xpm_fifo_base_inst/xpm_fifo_rst_inst/FSM_onehot_gen_rst_ic.curr_wrst_state[4]_i_1 into driver instance PROCESSING_SYSTEM_INSTANCE/design_1_i/PS2PL_DMA/U0/I_PRMRY_DATAMOVER/GEN_MM2S_FULL.I_MM2S_FULL_WRAPPER/I_CMD_STATUS/I_CMD_FIFO/USE_ASYNC_FIFO.I_ASYNC_FIFO/I_ASYNC_FIFOGEN_FIFO/xpm_fifo_instance.xpm_fifo_async_inst/gnuram_async_fifo.xpm_fifo_base_inst/xpm_fifo_rst_inst//i_, which resulted in an inversion of 2 pins
INFO: [Opt 31-1287] Pulled Inverter PROCESSING_SYSTEM_INSTANCE/design_1_i/ps7_0_axi_periph/xbar/inst/gen_sasd.crossbar_sasd_0/addr_arbiter_inst/m_atarget_enc[1]_i_1 into driver instance PROCESSING_SYSTEM_INSTANCE/design_1_i/ps7_0_axi_periph/xbar/inst/gen_sasd.crossbar_sasd_0/addr_arbiter_inst/m_atarget_hot[2]_i_2, which resulted in an inversion of 5 pins
INFO: [Opt 31-138] Pushed 10 inverter(s) to 71 load pin(s).
INFO: [Opt 31-49] Retargeted 0 cell(s).
Phase 1 Retarget | Checksum: a787f01f

Time (s): cpu = 00:00:00.51 ; elapsed = 00:00:00.23 . Memory (MB): peak = 2689.480 ; gain = 0.000 ; free physical = 778 ; free virtual = 6757
INFO: [Opt 31-389] Phase Retarget created 43 cells and removed 161 cells
INFO: [Opt 31-1021] In phase Retarget, 21 netlist objects are constrained preventing optimization. Please run opt_design with -debug_log to get more detail. 

Phase 2 Constant propagation
INFO: [Opt 31-138] Pushed 0 inverter(s) to 0 load pin(s).
Phase 2 Constant propagation | Checksum: cc832c48

Time (s): cpu = 00:00:00.55 ; elapsed = 00:00:00.27 . Memory (MB): peak = 2689.480 ; gain = 0.000 ; free physical = 778 ; free virtual = 6757
INFO: [Opt 31-389] Phase Constant propagation created 1 cells and removed 55 cells
INFO: [Opt 31-1021] In phase Constant propagation, 26 netlist objects are constrained preventing optimization. Please run opt_design with -debug_log to get more detail. 

Phase 3 Sweep
Phase 3 Sweep | Checksum: e0c5a2e3

Time (s): cpu = 00:00:00.8 ; elapsed = 00:00:00.53 . Memory (MB): peak = 2689.480 ; gain = 0.000 ; free physical = 780 ; free virtual = 6758
INFO: [Opt 31-389] Phase Sweep created 0 cells and removed 1088 cells
INFO: [Opt 31-1021] In phase Sweep, 57 netlist objects are constrained preventing optimization. Please run opt_design with -debug_log to get more detail. 

Phase 4 BUFG optimization
Phase 4 BUFG optimization | Checksum: e0c5a2e3

Time (s): cpu = 00:00:00.92 ; elapsed = 00:00:00.6 . Memory (MB): peak = 2689.480 ; gain = 0.000 ; free physical = 781 ; free virtual = 6760
INFO: [Opt 31-662] Phase BUFG optimization created 0 cells of which 0 are BUFGs and removed 0 cells.

Phase 5 Shift Register Optimization
INFO: [Opt 31-1064] SRL Remap converted 0 SRLs to 0 registers and converted 0 registers of register chains to 0 SRLs
Phase 5 Shift Register Optimization | Checksum: e0c5a2e3

Time (s): cpu = 00:00:00.94 ; elapsed = 00:00:00.61 . Memory (MB): peak = 2689.480 ; gain = 0.000 ; free physical = 781 ; free virtual = 6760
INFO: [Opt 31-389] Phase Shift Register Optimization created 0 cells and removed 0 cells

Phase 6 Post Processing Netlist
Phase 6 Post Processing Netlist | Checksum: 13feea9e4

Time (s): cpu = 00:00:00.96 ; elapsed = 00:00:00.63 . Memory (MB): peak = 2689.480 ; gain = 0.000 ; free physical = 781 ; free virtual = 6760
INFO: [Opt 31-389] Phase Post Processing Netlist created 0 cells and removed 0 cells
INFO: [Opt 31-1021] In phase Post Processing Netlist, 28 netlist objects are constrained preventing optimization. Please run opt_design with -debug_log to get more detail. 
Opt_design Change Summary
=========================


-------------------------------------------------------------------------------------------------------------------------
|  Phase                        |  #Cells created  |  #Cells Removed  |  #Constrained objects preventing optimizations  |
-------------------------------------------------------------------------------------------------------------------------
|  Retarget                     |              43  |             161  |                                             21  |
|  Constant propagation         |               1  |              55  |                                             26  |
|  Sweep                        |               0  |            1088  |                                             57  |
|  BUFG optimization            |               0  |               0  |                                              0  |
|  Shift Register Optimization  |               0  |               0  |                                              0  |
|  Post Processing Netlist      |               0  |               0  |                                             28  |
-------------------------------------------------------------------------------------------------------------------------



Starting Connectivity Check Task

Time (s): cpu = 00:00:00.01 ; elapsed = 00:00:00.01 . Memory (MB): peak = 2689.480 ; gain = 0.000 ; free physical = 779 ; free virtual = 6758
Ending Logic Optimization Task | Checksum: 1c4186a9b

Time (s): cpu = 00:00:01 ; elapsed = 00:00:00.74 . Memory (MB): peak = 2689.480 ; gain = 0.000 ; free physical = 779 ; free virtual = 6758

Starting Power Optimization Task
INFO: [Pwropt 34-132] Skipping clock gating for clocks with a period < 2.00 ns.
INFO: [Timing 38-35] Done setting XDC timing constraints.
Running Vector-less Activity Propagation...
INFO: [Pwropt 34-9] Applying IDT optimizations ...
INFO: [Pwropt 34-10] Applying ODC optimizations ...

Finished Running Vector-less Activity Propagation


Starting PowerOpt Patch Enables Task
INFO: [Pwropt 34-162] WRITE_MODE attribute of 0 BRAM(s) out of a total of 17 has been updated to save power. Run report_power_opt to get a complete listing of the BRAMs updated.
INFO: [Pwropt 34-201] Structural ODC has moved 0 WE to EN ports
Number of BRAM Ports augmented: 10 newly gated: 0 Total Ports: 34
Ending PowerOpt Patch Enables Task | Checksum: b0a1c68c

Time (s): cpu = 00:00:00.08 ; elapsed = 00:00:00.06 . Memory (MB): peak = 3026.574 ; gain = 0.000 ; free physical = 734 ; free virtual = 6713
Ending Power Optimization Task | Checksum: b0a1c68c

Time (s): cpu = 00:00:03 ; elapsed = 00:00:02 . Memory (MB): peak = 3026.574 ; gain = 337.094 ; free physical = 734 ; free virtual = 6713

Starting Final Cleanup Task
Ending Final Cleanup Task | Checksum: b0a1c68c

Time (s): cpu = 00:00:00 ; elapsed = 00:00:00.01 . Memory (MB): peak = 3026.574 ; gain = 0.000 ; free physical = 734 ; free virtual = 6713

Starting Netlist Obfuscation Task
Netlist sorting complete. Time (s): cpu = 00:00:00.01 ; elapsed = 00:00:00.01 . Memory (MB): peak = 3026.574 ; gain = 0.000 ; free physical = 736 ; free virtual = 6715
Ending Netlist Obfuscation Task | Checksum: c6671ccd

Time (s): cpu = 00:00:00.01 ; elapsed = 00:00:00.01 . Memory (MB): peak = 3026.574 ; gain = 0.000 ; free physical = 736 ; free virtual = 6715
INFO: [Common 17-83] Releasing license: Implementation
53 Infos, 2 Warnings, 0 Critical Warnings and 0 Errors encountered.
opt_design completed successfully
INFO: [Timing 38-480] Writing timing data to binary archive.
Writing XDEF routing.
Writing XDEF routing logical nets.
Writing XDEF routing special nets.
Write XDEF Complete: Time (s): cpu = 00:00:00.23 ; elapsed = 00:00:00.05 . Memory (MB): peak = 3026.574 ; gain = 0.000 ; free physical = 717 ; free virtual = 6699
INFO: [Common 17-1381] The checkpoint '/home/panos/dev/vlsi/vivado/exer7/exer7.runs/impl_1/dvlsi2021_lab5_top_opt.dcp' has been generated.
INFO: [runtcl-4] Executing : report_drc -file dvlsi2021_lab5_top_drc_opted.rpt -pb dvlsi2021_lab5_top_drc_opted.pb -rpx dvlsi2021_lab5_top_drc_opted.rpx
Command: report_drc -file dvlsi2021_lab5_top_drc_opted.rpt -pb dvlsi2021_lab5_top_drc_opted.pb -rpx dvlsi2021_lab5_top_drc_opted.rpx
INFO: [IP_Flow 19-1839] IP Catalog is up to date.
INFO: [DRC 23-27] Running DRC with 8 threads
INFO: [Vivado_Tcl 2-168] The results of DRC are in file /home/panos/dev/vlsi/vivado/exer7/exer7.runs/impl_1/dvlsi2021_lab5_top_drc_opted.rpt.
report_drc completed successfully
Command: place_design
Attempting to get a license for feature 'Implementation' and/or device 'xc7z010'
INFO: [Common 17-349] Got license for feature 'Implementation' and/or device 'xc7z010'
INFO: [DRC 23-27] Running DRC with 8 threads
INFO: [Vivado_Tcl 4-198] DRC finished with 0 Errors
INFO: [Vivado_Tcl 4-199] Please refer to the DRC report (report_drc) for more information.
Running DRC as a precondition to command place_design
INFO: [DRC 23-27] Running DRC with 8 threads
INFO: [Vivado_Tcl 4-198] DRC finished with 0 Errors, 12 Warnings
INFO: [Vivado_Tcl 4-199] Please refer to the DRC report (report_drc) for more information.

Starting Placer Task
INFO: [Place 30-611] Multithreading enabled for place_design using a maximum of 8 CPUs

Phase 1 Placer Initialization

Phase 1.1 Placer Initialization Netlist Sorting
Netlist sorting complete. Time (s): cpu = 00:00:00 ; elapsed = 00:00:00 . Memory (MB): peak = 3047.629 ; gain = 0.000 ; free physical = 714 ; free virtual = 6697
Phase 1.1 Placer Initialization Netlist Sorting | Checksum: 8a6b33e6

Time (s): cpu = 00:00:00.01 ; elapsed = 00:00:00.01 . Memory (MB): peak = 3047.629 ; gain = 0.000 ; free physical = 714 ; free virtual = 6697
Netlist sorting complete. Time (s): cpu = 00:00:00 ; elapsed = 00:00:00 . Memory (MB): peak = 3047.629 ; gain = 0.000 ; free physical = 714 ; free virtual = 6697

Phase 1.2 IO Placement/ Clock Placement/ Build Placer Device
INFO: [Timing 38-35] Done setting XDC timing constraints.
Phase 1.2 IO Placement/ Clock Placement/ Build Placer Device | Checksum: 13f503c57

Time (s): cpu = 00:00:01 ; elapsed = 00:00:00.51 . Memory (MB): peak = 3047.629 ; gain = 0.000 ; free physical = 646 ; free virtual = 6629

Phase 1.3 Build Placer Netlist Model
Phase 1.3 Build Placer Netlist Model | Checksum: 1e61498af

Time (s): cpu = 00:00:03 ; elapsed = 00:00:01 . Memory (MB): peak = 3047.629 ; gain = 0.000 ; free physical = 686 ; free virtual = 6670

Phase 1.4 Constrain Clocks/Macros
Phase 1.4 Constrain Clocks/Macros | Checksum: 1e61498af

Time (s): cpu = 00:00:03 ; elapsed = 00:00:01 . Memory (MB): peak = 3047.629 ; gain = 0.000 ; free physical = 686 ; free virtual = 6670
Phase 1 Placer Initialization | Checksum: 1e61498af

Time (s): cpu = 00:00:03 ; elapsed = 00:00:01 . Memory (MB): peak = 3047.629 ; gain = 0.000 ; free physical = 686 ; free virtual = 6670

Phase 2 Global Placement

Phase 2.1 Floorplanning
Phase 2.1 Floorplanning | Checksum: 16bf75f5f

Time (s): cpu = 00:00:04 ; elapsed = 00:00:01 . Memory (MB): peak = 3047.629 ; gain = 0.000 ; free physical = 702 ; free virtual = 6685

Phase 2.2 Update Timing before SLR Path Opt
Phase 2.2 Update Timing before SLR Path Opt | Checksum: 1946f38de

Time (s): cpu = 00:00:05 ; elapsed = 00:00:02 . Memory (MB): peak = 3047.629 ; gain = 0.000 ; free physical = 723 ; free virtual = 6706

Phase 2.3 Post-Processing in Floorplanning
Phase 2.3 Post-Processing in Floorplanning | Checksum: 1946f38de

Time (s): cpu = 00:00:05 ; elapsed = 00:00:02 . Memory (MB): peak = 3047.629 ; gain = 0.000 ; free physical = 723 ; free virtual = 6706

Phase 2.4 Global Placement Core

Phase 2.4.1 UpdateTiming Before Physical Synthesis
Phase 2.4.1 UpdateTiming Before Physical Synthesis | Checksum: 248e2a733

Time (s): cpu = 00:00:15 ; elapsed = 00:00:04 . Memory (MB): peak = 3047.629 ; gain = 0.000 ; free physical = 714 ; free virtual = 6697

Phase 2.4.2 Physical Synthesis In Placer
INFO: [Physopt 32-1035] Found 0 LUTNM shape to break, 308 LUT instances to create LUTNM shape
INFO: [Physopt 32-1044] Break lutnm for timing: one critical 0, two critical 0, total 0, new lutff created 0
INFO: [Physopt 32-1138] End 1 Pass. Optimized 116 nets or LUTs. Breaked 0 LUT, combined 116 existing LUTs and moved 0 existing LUT
INFO: [Physopt 32-65] No nets found for high-fanout optimization.
INFO: [Physopt 32-232] Optimized 0 net. Created 0 new instance.
INFO: [Physopt 32-775] End 1 Pass. Optimized 0 net or cell. Created 0 new cell, deleted 0 existing cell and moved 0 existing cell
INFO: [Physopt 32-670] No setup violation found.  DSP Register Optimization was not performed.
INFO: [Physopt 32-670] No setup violation found.  Shift Register to Pipeline Optimization was not performed.
INFO: [Physopt 32-670] No setup violation found.  Shift Register Optimization was not performed.
INFO: [Physopt 32-670] No setup violation found.  BRAM Register Optimization was not performed.
INFO: [Physopt 32-670] No setup violation found.  URAM Register Optimization was not performed.
INFO: [Physopt 32-949] No candidate nets found for dynamic/static region interface net replication
INFO: [Physopt 32-775] End 1 Pass. Optimized 0 net or cell. Created 0 new cell, deleted 0 existing cell and moved 0 existing cell
Netlist sorting complete. Time (s): cpu = 00:00:00 ; elapsed = 00:00:00 . Memory (MB): peak = 3047.629 ; gain = 0.000 ; free physical = 714 ; free virtual = 6697

Summary of Physical Synthesis Optimizations
============================================


-----------------------------------------------------------------------------------------------------------------------------------------------------------
|  Optimization                                     |  Added Cells  |  Removed Cells  |  Optimized Cells/Nets  |  Dont Touch  |  Iterations  |  Elapsed   |
-----------------------------------------------------------------------------------------------------------------------------------------------------------
|  LUT Combining                                    |            0  |            116  |                   116  |           0  |           1  |  00:00:00  |
|  Retime                                           |            0  |              0  |                     0  |           0  |           1  |  00:00:00  |
|  Very High Fanout                                 |            0  |              0  |                     0  |           0  |           1  |  00:00:00  |
|  DSP Register                                     |            0  |              0  |                     0  |           0  |           0  |  00:00:00  |
|  Shift Register to Pipeline                       |            0  |              0  |                     0  |           0  |           0  |  00:00:00  |
|  Shift Register                                   |            0  |              0  |                     0  |           0  |           0  |  00:00:00  |
|  BRAM Register                                    |            0  |              0  |                     0  |           0  |           0  |  00:00:00  |
|  URAM Register                                    |            0  |              0  |                     0  |           0  |           0  |  00:00:00  |
|  Dynamic/Static Region Interface Net Replication  |            0  |              0  |                     0  |           0  |           1  |  00:00:00  |
|  Total                                            |            0  |            116  |                   116  |           0  |           4  |  00:00:00  |
-----------------------------------------------------------------------------------------------------------------------------------------------------------


Phase 2.4.2 Physical Synthesis In Placer | Checksum: 23a584446

Time (s): cpu = 00:00:16 ; elapsed = 00:00:04 . Memory (MB): peak = 3047.629 ; gain = 0.000 ; free physical = 712 ; free virtual = 6695
Phase 2.4 Global Placement Core | Checksum: 1daadf8be

Time (s): cpu = 00:00:17 ; elapsed = 00:00:04 . Memory (MB): peak = 3047.629 ; gain = 0.000 ; free physical = 712 ; free virtual = 6695
Phase 2 Global Placement | Checksum: 1daadf8be

Time (s): cpu = 00:00:17 ; elapsed = 00:00:04 . Memory (MB): peak = 3047.629 ; gain = 0.000 ; free physical = 712 ; free virtual = 6695

Phase 3 Detail Placement

Phase 3.1 Commit Multi Column Macros
Phase 3.1 Commit Multi Column Macros | Checksum: 23b030fc1

Time (s): cpu = 00:00:17 ; elapsed = 00:00:05 . Memory (MB): peak = 3047.629 ; gain = 0.000 ; free physical = 711 ; free virtual = 6694

Phase 3.2 Commit Most Macros & LUTRAMs
Phase 3.2 Commit Most Macros & LUTRAMs | Checksum: 1d8b09496

Time (s): cpu = 00:00:19 ; elapsed = 00:00:05 . Memory (MB): peak = 3047.629 ; gain = 0.000 ; free physical = 709 ; free virtual = 6692

Phase 3.3 Area Swap Optimization
Phase 3.3 Area Swap Optimization | Checksum: 23fb4120a

Time (s): cpu = 00:00:19 ; elapsed = 00:00:05 . Memory (MB): peak = 3047.629 ; gain = 0.000 ; free physical = 709 ; free virtual = 6692

Phase 3.4 Pipeline Register Optimization
Phase 3.4 Pipeline Register Optimization | Checksum: 219b10a8e

Time (s): cpu = 00:00:19 ; elapsed = 00:00:05 . Memory (MB): peak = 3047.629 ; gain = 0.000 ; free physical = 709 ; free virtual = 6692

Phase 3.5 Small Shape Detail Placement
Phase 3.5 Small Shape Detail Placement | Checksum: 1fe8ca73f

Time (s): cpu = 00:00:20 ; elapsed = 00:00:06 . Memory (MB): peak = 3047.629 ; gain = 0.000 ; free physical = 706 ; free virtual = 6689

Phase 3.6 Re-assign LUT pins
Phase 3.6 Re-assign LUT pins | Checksum: 28b574d00

Time (s): cpu = 00:00:20 ; elapsed = 00:00:06 . Memory (MB): peak = 3047.629 ; gain = 0.000 ; free physical = 706 ; free virtual = 6689

Phase 3.7 Pipeline Register Optimization
Phase 3.7 Pipeline Register Optimization | Checksum: 1f627703a

Time (s): cpu = 00:00:20 ; elapsed = 00:00:06 . Memory (MB): peak = 3047.629 ; gain = 0.000 ; free physical = 706 ; free virtual = 6689
Phase 3 Detail Placement | Checksum: 1f627703a

Time (s): cpu = 00:00:20 ; elapsed = 00:00:06 . Memory (MB): peak = 3047.629 ; gain = 0.000 ; free physical = 706 ; free virtual = 6689

Phase 4 Post Placement Optimization and Clean-Up

Phase 4.1 Post Commit Optimization
INFO: [Timing 38-35] Done setting XDC timing constraints.

Phase 4.1.1 Post Placement Optimization
Post Placement Optimization Initialization | Checksum: 14322b6b3

Phase 4.1.1.1 BUFG Insertion

Starting Physical Synthesis Task

Phase 1 Physical Synthesis Initialization
INFO: [Physopt 32-721] Multithreading enabled for phys_opt_design using a maximum of 8 CPUs
INFO: [Physopt 32-619] Estimated Timing Summary | WNS=1.937 | TNS=0.000 |
Phase 1 Physical Synthesis Initialization | Checksum: 14d61f9ef

Time (s): cpu = 00:00:00.5 ; elapsed = 00:00:00.13 . Memory (MB): peak = 3047.629 ; gain = 0.000 ; free physical = 674 ; free virtual = 6657
INFO: [Place 46-56] BUFG insertion identified 0 candidate nets. Inserted BUFG: 0, Replicated BUFG Driver: 0, Skipped due to Placement/Routing Conflicts: 0, Skipped due to Timing Degradation: 0, Skipped due to Illegal Netlist: 0.
Ending Physical Synthesis Task | Checksum: 943e6df8

Time (s): cpu = 00:00:00.54 ; elapsed = 00:00:00.17 . Memory (MB): peak = 3047.629 ; gain = 0.000 ; free physical = 674 ; free virtual = 6657
Phase 4.1.1.1 BUFG Insertion | Checksum: 14322b6b3

Time (s): cpu = 00:00:23 ; elapsed = 00:00:07 . Memory (MB): peak = 3047.629 ; gain = 0.000 ; free physical = 676 ; free virtual = 6659

Phase 4.1.1.2 Post Placement Timing Optimization
INFO: [Place 30-746] Post Placement Timing Summary WNS=1.937. For the most accurate timing information please run report_timing.
Phase 4.1.1.2 Post Placement Timing Optimization | Checksum: ba8fc37d

Time (s): cpu = 00:00:23 ; elapsed = 00:00:07 . Memory (MB): peak = 3047.629 ; gain = 0.000 ; free physical = 676 ; free virtual = 6659

Time (s): cpu = 00:00:23 ; elapsed = 00:00:07 . Memory (MB): peak = 3047.629 ; gain = 0.000 ; free physical = 676 ; free virtual = 6659
Phase 4.1 Post Commit Optimization | Checksum: ba8fc37d

Time (s): cpu = 00:00:23 ; elapsed = 00:00:07 . Memory (MB): peak = 3047.629 ; gain = 0.000 ; free physical = 675 ; free virtual = 6658

Phase 4.2 Post Placement Cleanup
Phase 4.2 Post Placement Cleanup | Checksum: ba8fc37d

Time (s): cpu = 00:00:23 ; elapsed = 00:00:07 . Memory (MB): peak = 3047.629 ; gain = 0.000 ; free physical = 675 ; free virtual = 6658

Phase 4.3 Placer Reporting

Phase 4.3.1 Print Estimated Congestion
INFO: [Place 30-612] Post-Placement Estimated Congestion 
 ____________________________________________________
|           | Global Congestion | Short Congestion  |
| Direction | Region Size       | Region Size       |
|___________|___________________|___________________|
|      North|                1x1|                2x2|
|___________|___________________|___________________|
|      South|                1x1|                2x2|
|___________|___________________|___________________|
|       East|                1x1|                1x1|
|___________|___________________|___________________|
|       West|                1x1|                2x2|
|___________|___________________|___________________|

Phase 4.3.1 Print Estimated Congestion | Checksum: ba8fc37d

Time (s): cpu = 00:00:23 ; elapsed = 00:00:07 . Memory (MB): peak = 3047.629 ; gain = 0.000 ; free physical = 675 ; free virtual = 6658
Phase 4.3 Placer Reporting | Checksum: ba8fc37d

Time (s): cpu = 00:00:23 ; elapsed = 00:00:07 . Memory (MB): peak = 3047.629 ; gain = 0.000 ; free physical = 675 ; free virtual = 6658

Phase 4.4 Final Placement Cleanup
Netlist sorting complete. Time (s): cpu = 00:00:00 ; elapsed = 00:00:00 . Memory (MB): peak = 3047.629 ; gain = 0.000 ; free physical = 675 ; free virtual = 6658

Time (s): cpu = 00:00:23 ; elapsed = 00:00:07 . Memory (MB): peak = 3047.629 ; gain = 0.000 ; free physical = 675 ; free virtual = 6658
Phase 4 Post Placement Optimization and Clean-Up | Checksum: 191284d0d

Time (s): cpu = 00:00:23 ; elapsed = 00:00:07 . Memory (MB): peak = 3047.629 ; gain = 0.000 ; free physical = 675 ; free virtual = 6658
Ending Placer Task | Checksum: 12edb0ea1

Time (s): cpu = 00:00:23 ; elapsed = 00:00:07 . Memory (MB): peak = 3047.629 ; gain = 0.000 ; free physical = 674 ; free virtual = 6657
INFO: [Common 17-83] Releasing license: Implementation
88 Infos, 2 Warnings, 0 Critical Warnings and 0 Errors encountered.
place_design completed successfully
place_design: Time (s): cpu = 00:00:25 ; elapsed = 00:00:08 . Memory (MB): peak = 3047.629 ; gain = 0.000 ; free physical = 682 ; free virtual = 6665
INFO: [Timing 38-480] Writing timing data to binary archive.
Writing XDEF routing.
Writing XDEF routing logical nets.
Writing XDEF routing special nets.
Write XDEF Complete: Time (s): cpu = 00:00:02 ; elapsed = 00:00:00.49 . Memory (MB): peak = 3047.629 ; gain = 0.000 ; free physical = 659 ; free virtual = 6656
INFO: [Common 17-1381] The checkpoint '/home/panos/dev/vlsi/vivado/exer7/exer7.runs/impl_1/dvlsi2021_lab5_top_placed.dcp' has been generated.
INFO: [runtcl-4] Executing : report_io -file dvlsi2021_lab5_top_io_placed.rpt
report_io: Time (s): cpu = 00:00:00.04 ; elapsed = 00:00:00.05 . Memory (MB): peak = 3047.629 ; gain = 0.000 ; free physical = 609 ; free virtual = 6616
INFO: [runtcl-4] Executing : report_utilization -file dvlsi2021_lab5_top_utilization_placed.rpt -pb dvlsi2021_lab5_top_utilization_placed.pb
INFO: [runtcl-4] Executing : report_control_sets -verbose -file dvlsi2021_lab5_top_control_sets_placed.rpt
report_control_sets: Time (s): cpu = 00:00:00.02 ; elapsed = 00:00:00.02 . Memory (MB): peak = 3047.629 ; gain = 0.000 ; free physical = 618 ; free virtual = 6628
Command: route_design
Attempting to get a license for feature 'Implementation' and/or device 'xc7z010'
INFO: [Common 17-349] Got license for feature 'Implementation' and/or device 'xc7z010'
Running DRC as a precondition to command route_design
INFO: [DRC 23-27] Running DRC with 8 threads
INFO: [Vivado_Tcl 4-198] DRC finished with 0 Errors
INFO: [Vivado_Tcl 4-199] Please refer to the DRC report (report_drc) for more information.


Starting Routing Task
INFO: [Route 35-254] Multithreading enabled for route_design using a maximum of 8 CPUs

Phase 1 Build RT Design
Checksum: PlaceDB: 31bca5ab ConstDB: 0 ShapeSum: fd1e68f6 RouteDB: 0
Post Restoration Checksum: NetGraph: 2dc125bd NumContArr: ab65ecfa Constraints: 0 Timing: 0
Phase 1 Build RT Design | Checksum: d92712b7

Time (s): cpu = 00:00:08 ; elapsed = 00:00:06 . Memory (MB): peak = 3047.629 ; gain = 0.000 ; free physical = 530 ; free virtual = 6557

Phase 2 Router Initialization

Phase 2.1 Fix Topology Constraints
Phase 2.1 Fix Topology Constraints | Checksum: d92712b7

Time (s): cpu = 00:00:08 ; elapsed = 00:00:06 . Memory (MB): peak = 3047.629 ; gain = 0.000 ; free physical = 499 ; free virtual = 6525

Phase 2.2 Pre Route Cleanup
Phase 2.2 Pre Route Cleanup | Checksum: d92712b7

Time (s): cpu = 00:00:08 ; elapsed = 00:00:06 . Memory (MB): peak = 3047.629 ; gain = 0.000 ; free physical = 499 ; free virtual = 6525
 Number of Nodes with overlaps = 0

Phase 2.3 Update Timing
Phase 2.3 Update Timing | Checksum: 23e6dc3a8

Time (s): cpu = 00:00:11 ; elapsed = 00:00:07 . Memory (MB): peak = 3047.629 ; gain = 0.000 ; free physical = 476 ; free virtual = 6502
INFO: [Route 35-416] Intermediate Timing Summary | WNS=1.999  | TNS=0.000  | WHS=-0.357 | THS=-253.887|


Phase 2.4 Update Timing for Bus Skew

Phase 2.4.1 Update Timing
Phase 2.4.1 Update Timing | Checksum: 26b1ae757

Time (s): cpu = 00:00:14 ; elapsed = 00:00:07 . Memory (MB): peak = 3047.629 ; gain = 0.000 ; free physical = 480 ; free virtual = 6506
INFO: [Route 35-416] Intermediate Timing Summary | WNS=1.999  | TNS=0.000  | WHS=N/A    | THS=N/A    |

Phase 2.4 Update Timing for Bus Skew | Checksum: 1a8950b8d

Time (s): cpu = 00:00:14 ; elapsed = 00:00:07 . Memory (MB): peak = 3047.629 ; gain = 0.000 ; free physical = 480 ; free virtual = 6506

Router Utilization Summary
  Global Vertical Routing Utilization    = 0.00661599 %
  Global Horizontal Routing Utilization  = 0.00965074 %
  Routable Net Status*
  *Does not include unroutable nets such as driverless and loadless.
  Run report_route_status for detailed report.
  Number of Failed Nets               = 7978
    (Failed Nets is the sum of unrouted and partially routed nets)
  Number of Unrouted Nets             = 7941
  Number of Partially Routed Nets     = 37
  Number of Node Overlaps             = 36

Phase 2 Router Initialization | Checksum: 2205d8196

Time (s): cpu = 00:00:14 ; elapsed = 00:00:07 . Memory (MB): peak = 3047.629 ; gain = 0.000 ; free physical = 478 ; free virtual = 6504

Phase 3 Initial Routing

Phase 3.1 Global Routing
Phase 3.1 Global Routing | Checksum: 2205d8196

Time (s): cpu = 00:00:14 ; elapsed = 00:00:07 . Memory (MB): peak = 3047.629 ; gain = 0.000 ; free physical = 478 ; free virtual = 6504
Phase 3 Initial Routing | Checksum: 1b4458374

Time (s): cpu = 00:00:16 ; elapsed = 00:00:08 . Memory (MB): peak = 3047.629 ; gain = 0.000 ; free physical = 470 ; free virtual = 6496

Phase 4 Rip-up And Reroute

Phase 4.1 Global Iteration 0
 Number of Nodes with overlaps = 516
 Number of Nodes with overlaps = 51
 Number of Nodes with overlaps = 12
 Number of Nodes with overlaps = 1
 Number of Nodes with overlaps = 1
 Number of Nodes with overlaps = 0
INFO: [Route 35-416] Intermediate Timing Summary | WNS=1.906  | TNS=0.000  | WHS=N/A    | THS=N/A    |

Phase 4.1 Global Iteration 0 | Checksum: 249b27711

Time (s): cpu = 00:00:19 ; elapsed = 00:00:10 . Memory (MB): peak = 3047.629 ; gain = 0.000 ; free physical = 475 ; free virtual = 6501

Phase 4.2 Global Iteration 1
 Number of Nodes with overlaps = 5
 Number of Nodes with overlaps = 3
 Number of Nodes with overlaps = 1
 Number of Nodes with overlaps = 0
INFO: [Route 35-416] Intermediate Timing Summary | WNS=1.906  | TNS=0.000  | WHS=N/A    | THS=N/A    |

Phase 4.2 Global Iteration 1 | Checksum: 139ffaa6f

Time (s): cpu = 00:00:19 ; elapsed = 00:00:10 . Memory (MB): peak = 3047.629 ; gain = 0.000 ; free physical = 475 ; free virtual = 6501
Phase 4 Rip-up And Reroute | Checksum: 139ffaa6f

Time (s): cpu = 00:00:19 ; elapsed = 00:00:10 . Memory (MB): peak = 3047.629 ; gain = 0.000 ; free physical = 475 ; free virtual = 6501

Phase 5 Delay and Skew Optimization

Phase 5.1 Delay CleanUp

Phase 5.1.1 Update Timing
Phase 5.1.1 Update Timing | Checksum: 1532508df

Time (s): cpu = 00:00:20 ; elapsed = 00:00:10 . Memory (MB): peak = 3047.629 ; gain = 0.000 ; free physical = 475 ; free virtual = 6501
INFO: [Route 35-416] Intermediate Timing Summary | WNS=2.056  | TNS=0.000  | WHS=N/A    | THS=N/A    |

Phase 5.1 Delay CleanUp | Checksum: 1bef37197

Time (s): cpu = 00:00:20 ; elapsed = 00:00:10 . Memory (MB): peak = 3047.629 ; gain = 0.000 ; free physical = 475 ; free virtual = 6501

Phase 5.2 Clock Skew Optimization
Phase 5.2 Clock Skew Optimization | Checksum: 1bef37197

Time (s): cpu = 00:00:20 ; elapsed = 00:00:10 . Memory (MB): peak = 3047.629 ; gain = 0.000 ; free physical = 475 ; free virtual = 6501
Phase 5 Delay and Skew Optimization | Checksum: 1bef37197

Time (s): cpu = 00:00:20 ; elapsed = 00:00:10 . Memory (MB): peak = 3047.629 ; gain = 0.000 ; free physical = 475 ; free virtual = 6501

Phase 6 Post Hold Fix

Phase 6.1 Hold Fix Iter

Phase 6.1.1 Update Timing
Phase 6.1.1 Update Timing | Checksum: 1ffb4e166

Time (s): cpu = 00:00:21 ; elapsed = 00:00:11 . Memory (MB): peak = 3047.629 ; gain = 0.000 ; free physical = 477 ; free virtual = 6503
INFO: [Route 35-416] Intermediate Timing Summary | WNS=2.056  | TNS=0.000  | WHS=0.007  | THS=0.000  |

Phase 6.1 Hold Fix Iter | Checksum: 1d452a3d6

Time (s): cpu = 00:00:21 ; elapsed = 00:00:11 . Memory (MB): peak = 3047.629 ; gain = 0.000 ; free physical = 477 ; free virtual = 6503
Phase 6 Post Hold Fix | Checksum: 1d452a3d6

Time (s): cpu = 00:00:21 ; elapsed = 00:00:11 . Memory (MB): peak = 3047.629 ; gain = 0.000 ; free physical = 477 ; free virtual = 6503

Phase 7 Route finalize

Router Utilization Summary
  Global Vertical Routing Utilization    = 3.3391 %
  Global Horizontal Routing Utilization  = 4.84513 %
  Routable Net Status*
  *Does not include unroutable nets such as driverless and loadless.
  Run report_route_status for detailed report.
  Number of Failed Nets               = 0
    (Failed Nets is the sum of unrouted and partially routed nets)
  Number of Unrouted Nets             = 0
  Number of Partially Routed Nets     = 0
  Number of Node Overlaps             = 0

Phase 7 Route finalize | Checksum: 137e29059

Time (s): cpu = 00:00:21 ; elapsed = 00:00:11 . Memory (MB): peak = 3047.629 ; gain = 0.000 ; free physical = 477 ; free virtual = 6503

Phase 8 Verifying routed nets

 Verification completed successfully
Phase 8 Verifying routed nets | Checksum: 137e29059

Time (s): cpu = 00:00:21 ; elapsed = 00:00:11 . Memory (MB): peak = 3047.629 ; gain = 0.000 ; free physical = 476 ; free virtual = 6502

Phase 9 Depositing Routes
Phase 9 Depositing Routes | Checksum: 113a10cde

Time (s): cpu = 00:00:21 ; elapsed = 00:00:11 . Memory (MB): peak = 3047.629 ; gain = 0.000 ; free physical = 477 ; free virtual = 6503

Phase 10 Post Router Timing
INFO: [Route 35-57] Estimated Timing Summary | WNS=2.056  | TNS=0.000  | WHS=0.007  | THS=0.000  |

INFO: [Route 35-327] The final timing numbers are based on the router estimated timing analysis. For a complete and accurate timing signoff, please run report_timing_summary.
Phase 10 Post Router Timing | Checksum: 113a10cde

Time (s): cpu = 00:00:22 ; elapsed = 00:00:11 . Memory (MB): peak = 3047.629 ; gain = 0.000 ; free physical = 479 ; free virtual = 6505
INFO: [Route 35-16] Router Completed Successfully

Time (s): cpu = 00:00:22 ; elapsed = 00:00:11 . Memory (MB): peak = 3047.629 ; gain = 0.000 ; free physical = 507 ; free virtual = 6533

Routing Is Done.
INFO: [Common 17-83] Releasing license: Implementation
108 Infos, 2 Warnings, 0 Critical Warnings and 0 Errors encountered.
route_design completed successfully
route_design: Time (s): cpu = 00:00:24 ; elapsed = 00:00:12 . Memory (MB): peak = 3047.629 ; gain = 0.000 ; free physical = 507 ; free virtual = 6533
INFO: [Timing 38-480] Writing timing data to binary archive.
Writing XDEF routing.
Writing XDEF routing logical nets.
Writing XDEF routing special nets.
Write XDEF Complete: Time (s): cpu = 00:00:02 ; elapsed = 00:00:00.63 . Memory (MB): peak = 3047.629 ; gain = 0.000 ; free physical = 481 ; free virtual = 6523
INFO: [Common 17-1381] The checkpoint '/home/panos/dev/vlsi/vivado/exer7/exer7.runs/impl_1/dvlsi2021_lab5_top_routed.dcp' has been generated.
INFO: [runtcl-4] Executing : report_drc -file dvlsi2021_lab5_top_drc_routed.rpt -pb dvlsi2021_lab5_top_drc_routed.pb -rpx dvlsi2021_lab5_top_drc_routed.rpx
Command: report_drc -file dvlsi2021_lab5_top_drc_routed.rpt -pb dvlsi2021_lab5_top_drc_routed.pb -rpx dvlsi2021_lab5_top_drc_routed.rpx
INFO: [IP_Flow 19-1839] IP Catalog is up to date.
INFO: [DRC 23-27] Running DRC with 8 threads
INFO: [Vivado_Tcl 2-168] The results of DRC are in file /home/panos/dev/vlsi/vivado/exer7/exer7.runs/impl_1/dvlsi2021_lab5_top_drc_routed.rpt.
report_drc completed successfully
INFO: [runtcl-4] Executing : report_methodology -file dvlsi2021_lab5_top_methodology_drc_routed.rpt -pb dvlsi2021_lab5_top_methodology_drc_routed.pb -rpx dvlsi2021_lab5_top_methodology_drc_routed.rpx
Command: report_methodology -file dvlsi2021_lab5_top_methodology_drc_routed.rpt -pb dvlsi2021_lab5_top_methodology_drc_routed.pb -rpx dvlsi2021_lab5_top_methodology_drc_routed.rpx
INFO: [Timing 38-35] Done setting XDC timing constraints.
INFO: [DRC 23-133] Running Methodology with 8 threads
INFO: [Vivado_Tcl 2-1520] The results of Report Methodology are in file /home/panos/dev/vlsi/vivado/exer7/exer7.runs/impl_1/dvlsi2021_lab5_top_methodology_drc_routed.rpt.
report_methodology completed successfully
INFO: [runtcl-4] Executing : report_power -file dvlsi2021_lab5_top_power_routed.rpt -pb dvlsi2021_lab5_top_power_summary_routed.pb -rpx dvlsi2021_lab5_top_power_routed.rpx
Command: report_power -file dvlsi2021_lab5_top_power_routed.rpt -pb dvlsi2021_lab5_top_power_summary_routed.pb -rpx dvlsi2021_lab5_top_power_routed.rpx
INFO: [Timing 38-35] Done setting XDC timing constraints.
Running Vector-less Activity Propagation...

Finished Running Vector-less Activity Propagation
WARNING: [Power 33-332] Found switching activity that implies high-fanout reset nets being asserted for excessive periods of time which may result in inaccurate power analysis.
Resolution: To review and fix problems, please run Power Constraints Advisor in the GUI from Tools > Power Constraints Advisor or run report_power with the -advisory option to generate a text report.
120 Infos, 3 Warnings, 0 Critical Warnings and 0 Errors encountered.
report_power completed successfully
INFO: [runtcl-4] Executing : report_route_status -file dvlsi2021_lab5_top_route_status.rpt -pb dvlsi2021_lab5_top_route_status.pb
INFO: [runtcl-4] Executing : report_timing_summary -max_paths 10 -file dvlsi2021_lab5_top_timing_summary_routed.rpt -pb dvlsi2021_lab5_top_timing_summary_routed.pb -rpx dvlsi2021_lab5_top_timing_summary_routed.rpx -warn_on_violation 
INFO: [Timing 38-91] UpdateTimingParams: Speed grade: -1, Delay Type: min_max.
INFO: [Timing 38-191] Multithreading enabled for timing update using a maximum of 8 CPUs
WARNING: [Timing 38-436] There are set_bus_skew constraint(s) in this design. Please run report_bus_skew to ensure that bus skew requirements are met.
INFO: [runtcl-4] Executing : report_incremental_reuse -file dvlsi2021_lab5_top_incremental_reuse_routed.rpt
INFO: [Vivado_Tcl 4-1062] Incremental flow is disabled. No incremental reuse Info to report.
INFO: [runtcl-4] Executing : report_clock_utilization -file dvlsi2021_lab5_top_clock_utilization_routed.rpt
INFO: [runtcl-4] Executing : report_bus_skew -warn_on_violation -file dvlsi2021_lab5_top_bus_skew_routed.rpt -pb dvlsi2021_lab5_top_bus_skew_routed.pb -rpx dvlsi2021_lab5_top_bus_skew_routed.rpx
INFO: [Timing 38-91] UpdateTimingParams: Speed grade: -1, Delay Type: min_max.
INFO: [Timing 38-191] Multithreading enabled for timing update using a maximum of 8 CPUs
INFO: [Memdata 28-167] Found XPM memory block PROCESSING_SYSTEM_INSTANCE/design_1_i/axi_smc_1/inst/s00_nodes/s00_w_node/inst/inst_mi_handler/gen_normal_area.inst_fifo_node_payld/gen_xpm_memory_fifo.inst_fifo/gen_mem_rep[0].inst_xpm_memory/xpm_memory_base_inst with a P_MEMORY_PRIMITIVE property set to distributed. A value of block is required. You will not be able to use the updatemem program to update the bitstream with new data for the PROCESSING_SYSTEM_INSTANCE/design_1_i/axi_smc_1/inst/s00_nodes/s00_w_node/inst/inst_mi_handler/gen_normal_area.inst_fifo_node_payld/gen_xpm_memory_fifo.inst_fifo/gen_mem_rep[0].inst_xpm_memory/xpm_memory_base_inst block.
INFO: [Memdata 28-167] Found XPM memory block PROCESSING_SYSTEM_INSTANCE/design_1_i/axi_smc_1/inst/s00_nodes/s00_b_node/inst/inst_mi_handler/gen_normal_area.inst_fifo_node_payld/gen_xpm_memory_fifo.inst_fifo/gen_mem_rep[0].inst_xpm_memory/xpm_memory_base_inst with a P_MEMORY_PRIMITIVE property set to distributed. A value of block is required. You will not be able to use the updatemem program to update the bitstream with new data for the PROCESSING_SYSTEM_INSTANCE/design_1_i/axi_smc_1/inst/s00_nodes/s00_b_node/inst/inst_mi_handler/gen_normal_area.inst_fifo_node_payld/gen_xpm_memory_fifo.inst_fifo/gen_mem_rep[0].inst_xpm_memory/xpm_memory_base_inst block.
INFO: [Memdata 28-167] Found XPM memory block PROCESSING_SYSTEM_INSTANCE/design_1_i/axi_smc_1/inst/s00_nodes/s00_aw_node/inst/inst_mi_handler/gen_normal_area.inst_fifo_node_payld/gen_xpm_memory_fifo.inst_fifo/gen_mem_rep[0].inst_xpm_memory/xpm_memory_base_inst with a P_MEMORY_PRIMITIVE property set to distributed. A value of block is required. You will not be able to use the updatemem program to update the bitstream with new data for the PROCESSING_SYSTEM_INSTANCE/design_1_i/axi_smc_1/inst/s00_nodes/s00_aw_node/inst/inst_mi_handler/gen_normal_area.inst_fifo_node_payld/gen_xpm_memory_fifo.inst_fifo/gen_mem_rep[0].inst_xpm_memory/xpm_memory_base_inst block.
INFO: [Memdata 28-167] Found XPM memory block PROCESSING_SYSTEM_INSTANCE/design_1_i/axi_smc/inst/s00_nodes/s00_r_node/inst/inst_mi_handler/gen_normal_area.inst_fifo_node_payld/gen_xpm_memory_fifo.inst_fifo/gen_mem_rep[0].inst_xpm_memory/xpm_memory_base_inst with a P_MEMORY_PRIMITIVE property set to distributed. A value of block is required. You will not be able to use the updatemem program to update the bitstream with new data for the PROCESSING_SYSTEM_INSTANCE/design_1_i/axi_smc/inst/s00_nodes/s00_r_node/inst/inst_mi_handler/gen_normal_area.inst_fifo_node_payld/gen_xpm_memory_fifo.inst_fifo/gen_mem_rep[0].inst_xpm_memory/xpm_memory_base_inst block.
INFO: [Memdata 28-167] Found XPM memory block PROCESSING_SYSTEM_INSTANCE/design_1_i/axi_smc/inst/s00_nodes/s00_ar_node/inst/inst_mi_handler/gen_normal_area.inst_fifo_node_payld/gen_xpm_memory_fifo.inst_fifo/gen_mem_rep[0].inst_xpm_memory/xpm_memory_base_inst with a P_MEMORY_PRIMITIVE property set to distributed. A value of block is required. You will not be able to use the updatemem program to update the bitstream with new data for the PROCESSING_SYSTEM_INSTANCE/design_1_i/axi_smc/inst/s00_nodes/s00_ar_node/inst/inst_mi_handler/gen_normal_area.inst_fifo_node_payld/gen_xpm_memory_fifo.inst_fifo/gen_mem_rep[0].inst_xpm_memory/xpm_memory_base_inst block.
INFO: [Memdata 28-208] The XPM instance: <PROCESSING_SYSTEM_INSTANCE/design_1_i/PS2PL_DMA/U0/I_PRMRY_DATAMOVER/GEN_MM2S_FULL.I_MM2S_FULL_WRAPPER/I_CMD_STATUS/I_CMD_FIFO/USE_ASYNC_FIFO.I_ASYNC_FIFO/I_ASYNC_FIFOGEN_FIFO/xpm_fifo_instance.xpm_fifo_async_inst/gnuram_async_fifo.xpm_fifo_base_inst/gen_sdpram.xpm_memory_base_inst> is part of IP: <PROCESSING_SYSTEM_INSTANCE/design_1_i/PS2PL_DMA>. This XPM instance will be excluded from the .mmi because updatemem is prohibited from making changes to an XPM that is part of an IP.
INFO: [Memdata 28-208] The XPM instance: <PROCESSING_SYSTEM_INSTANCE/design_1_i/PS2PL_DMA/U0/I_PRMRY_DATAMOVER/GEN_MM2S_FULL.I_MM2S_FULL_WRAPPER/I_CMD_STATUS/GEN_INCLUDE_STATUS_FIFO.I_STS_FIFO/USE_ASYNC_FIFO.I_ASYNC_FIFO/I_ASYNC_FIFOGEN_FIFO/xpm_fifo_instance.xpm_fifo_async_inst/gnuram_async_fifo.xpm_fifo_base_inst/gen_sdpram.xpm_memory_base_inst> is part of IP: <PROCESSING_SYSTEM_INSTANCE/design_1_i/PS2PL_DMA>. This XPM instance will be excluded from the .mmi because updatemem is prohibited from making changes to an XPM that is part of an IP.
INFO: [Memdata 28-208] The XPM instance: <PROCESSING_SYSTEM_INSTANCE/design_1_i/PS2PL_DMA/U0/I_PRMRY_DATAMOVER/GEN_MM2S_FULL.I_MM2S_FULL_WRAPPER/GEN_INCLUDE_MM2S_SF.I_RD_SF/I_DATA_FIFO/BLK_MEM.I_SYNC_FIFOGEN_FIFO/xpm_fifo_instance.xpm_fifo_sync_inst/xpm_fifo_base_inst/gen_sdpram.xpm_memory_base_inst> is part of IP: <PROCESSING_SYSTEM_INSTANCE/design_1_i/PS2PL_DMA>. This XPM instance will be excluded from the .mmi because updatemem is prohibited from making changes to an XPM that is part of an IP.
INFO: [Memdata 28-208] The XPM instance: <PROCESSING_SYSTEM_INSTANCE/design_1_i/PL2PS_DMA/U0/I_PRMRY_DATAMOVER/GEN_S2MM_FULL.I_S2MM_FULL_WRAPPER/I_CMD_STATUS/I_CMD_FIFO/USE_ASYNC_FIFO.I_ASYNC_FIFO/I_ASYNC_FIFOGEN_FIFO/xpm_fifo_instance.xpm_fifo_async_inst/gnuram_async_fifo.xpm_fifo_base_inst/gen_sdpram.xpm_memory_base_inst> is part of IP: <PROCESSING_SYSTEM_INSTANCE/design_1_i/PL2PS_DMA>. This XPM instance will be excluded from the .mmi because updatemem is prohibited from making changes to an XPM that is part of an IP.
INFO: [Memdata 28-208] The XPM instance: <PROCESSING_SYSTEM_INSTANCE/design_1_i/PL2PS_DMA/U0/I_PRMRY_DATAMOVER/GEN_S2MM_FULL.I_S2MM_FULL_WRAPPER/I_CMD_STATUS/GEN_INCLUDE_STATUS_FIFO.I_STS_FIFO/USE_ASYNC_FIFO.I_ASYNC_FIFO/I_ASYNC_FIFOGEN_FIFO/xpm_fifo_instance.xpm_fifo_async_inst/gnuram_async_fifo.xpm_fifo_base_inst/gen_sdpram.xpm_memory_base_inst> is part of IP: <PROCESSING_SYSTEM_INSTANCE/design_1_i/PL2PS_DMA>. This XPM instance will be excluded from the .mmi because updatemem is prohibited from making changes to an XPM that is part of an IP.
INFO: [Memdata 28-167] Found XPM memory block PROCESSING_SYSTEM_INSTANCE/design_1_i/PL2PS_DMA/U0/I_PRMRY_DATAMOVER/GEN_S2MM_FULL.I_S2MM_FULL_WRAPPER/GEN_ENABLE_INDET_BTT_SF.I_INDET_BTT/I_XD_FIFO/NON_BLK_MEM.I_SYNC_FIFOGEN_FIFO/xpm_fifo_instance.xpm_fifo_sync_inst/xpm_fifo_base_inst/gen_sdpram.xpm_memory_base_inst with a P_MEMORY_PRIMITIVE property set to auto. A value of block is required. You will not be able to use the updatemem program to update the bitstream with new data for the PROCESSING_SYSTEM_INSTANCE/design_1_i/PL2PS_DMA/U0/I_PRMRY_DATAMOVER/GEN_S2MM_FULL.I_S2MM_FULL_WRAPPER/GEN_ENABLE_INDET_BTT_SF.I_INDET_BTT/I_XD_FIFO/NON_BLK_MEM.I_SYNC_FIFOGEN_FIFO/xpm_fifo_instance.xpm_fifo_sync_inst/xpm_fifo_base_inst/gen_sdpram.xpm_memory_base_inst block.
INFO: [Memdata 28-208] The XPM instance: <PROCESSING_SYSTEM_INSTANCE/design_1_i/PL2PS_DMA/U0/I_PRMRY_DATAMOVER/GEN_S2MM_FULL.I_S2MM_FULL_WRAPPER/GEN_ENABLE_INDET_BTT_SF.I_INDET_BTT/I_DATA_FIFO/BLK_MEM.I_SYNC_FIFOGEN_FIFO/xpm_fifo_instance.xpm_fifo_sync_inst/xpm_fifo_base_inst/gen_sdpram.xpm_memory_base_inst> is part of IP: <PROCESSING_SYSTEM_INSTANCE/design_1_i/PL2PS_DMA>. This XPM instance will be excluded from the .mmi because updatemem is prohibited from making changes to an XPM that is part of an IP.
Command: write_bitstream -force dvlsi2021_lab5_top.bit
Attempting to get a license for feature 'Implementation' and/or device 'xc7z010'
INFO: [Common 17-349] Got license for feature 'Implementation' and/or device 'xc7z010'
Running DRC as a precondition to command write_bitstream
INFO: [IP_Flow 19-1839] IP Catalog is up to date.
INFO: [DRC 23-27] Running DRC with 8 threads
WARNING: [DRC PDRC-153] Gated clock check: Net debayering/control_unit_instance/FSM_sequential_next_state_reg[2]_i_2_n_0 is a gated clock net sourced by a combinational pin debayering/control_unit_instance/FSM_sequential_next_state_reg[2]_i_2/O, cell debayering/control_unit_instance/FSM_sequential_next_state_reg[2]_i_2. This is not good design practice and will likely impact performance. For SLICE registers, for example, use the CE pin to control the loading of data.
WARNING: [DRC PDRC-153] Gated clock check: Net debayering/control_unit_instance/valid_out_reg_i_2_n_0 is a gated clock net sourced by a combinational pin debayering/control_unit_instance/valid_out_reg_i_2/O, cell debayering/control_unit_instance/valid_out_reg_i_2. This is not good design practice and will likely impact performance. For SLICE registers, for example, use the CE pin to control the loading of data.
WARNING: [DRC RBOR-1] RAMB output registers: RAMB debayering/serial2parallel_instance/fifo3/U0/inst_fifo_gen/gconvfifo.rf/grf.rf/gntv_or_sync_fifo.mem/gbm.gbmg.gbmga.ngecc.bmg/inst_blk_mem_gen/gnbram.gnativebmg.native_blk_mem_gen/valid.cstr/ramloop[0].ram.r/prim_noinit.ram/DEVICE_7SERIES.NO_BMM_INFO.SDP.WIDE_PRIM18.ram output DOA (4) DOB (4) is connected to asynchronous registers, if you use synchronous controls you will get better results both in area and delay (RAMB has synchronous registers built in).
WARNING: [DRC REQP-1840] RAMB18 async control check: The RAMB18E1 debayering/serial2parallel_instance/fifo2/U0/inst_fifo_gen/gconvfifo.rf/grf.rf/gntv_or_sync_fifo.mem/gbm.gbmg.gbmga.ngecc.bmg/inst_blk_mem_gen/gnbram.gnativebmg.native_blk_mem_gen/valid.cstr/ramloop[0].ram.r/prim_noinit.ram/DEVICE_7SERIES.NO_BMM_INFO.SDP.WIDE_PRIM18.ram has an input control pin debayering/serial2parallel_instance/fifo2/U0/inst_fifo_gen/gconvfifo.rf/grf.rf/gntv_or_sync_fifo.mem/gbm.gbmg.gbmga.ngecc.bmg/inst_blk_mem_gen/gnbram.gnativebmg.native_blk_mem_gen/valid.cstr/ramloop[0].ram.r/prim_noinit.ram/DEVICE_7SERIES.NO_BMM_INFO.SDP.WIDE_PRIM18.ram/ENARDEN (net: debayering/serial2parallel_instance/fifo2/U0/inst_fifo_gen/gconvfifo.rf/grf.rf/gntv_or_sync_fifo.mem/gbm.gbmg.gbmga.ngecc.bmg/inst_blk_mem_gen/gnbram.gnativebmg.native_blk_mem_gen/valid.cstr/ramloop[0].ram.r/prim_noinit.ram/tmp_ram_rd_en) which is driven by a register (debayering/serial2parallel_instance/read_shift_reg2/shift_reg_reg[31]) that has an active asychronous set or reset. This may cause corruption of the memory contents and/or read values when the set/reset is asserted and is not analyzed by the default static timing analysis. It is suggested to eliminate the use of a set/reset to registers driving this RAMB pin or else use a synchronous reset in which the assertion of the reset is timed by default.
WARNING: [DRC REQP-1840] RAMB18 async control check: The RAMB18E1 debayering/serial2parallel_instance/fifo2/U0/inst_fifo_gen/gconvfifo.rf/grf.rf/gntv_or_sync_fifo.mem/gbm.gbmg.gbmga.ngecc.bmg/inst_blk_mem_gen/gnbram.gnativebmg.native_blk_mem_gen/valid.cstr/ramloop[0].ram.r/prim_noinit.ram/DEVICE_7SERIES.NO_BMM_INFO.SDP.WIDE_PRIM18.ram has an input control pin debayering/serial2parallel_instance/fifo2/U0/inst_fifo_gen/gconvfifo.rf/grf.rf/gntv_or_sync_fifo.mem/gbm.gbmg.gbmga.ngecc.bmg/inst_blk_mem_gen/gnbram.gnativebmg.native_blk_mem_gen/valid.cstr/ramloop[0].ram.r/prim_noinit.ram/DEVICE_7SERIES.NO_BMM_INFO.SDP.WIDE_PRIM18.ram/ENBWREN (net: debayering/serial2parallel_instance/fifo2/U0/inst_fifo_gen/gconvfifo.rf/grf.rf/gntv_or_sync_fifo.mem/gbm.gbmg.gbmga.ngecc.bmg/inst_blk_mem_gen/gnbram.gnativebmg.native_blk_mem_gen/valid.cstr/ramloop[0].ram.r/prim_noinit.ram/DEVICE_7SERIES.NO_BMM_INFO.SDP.WIDE_PRIM18.ram_0[0]) which is driven by a register (debayering/serial2parallel_instance/write_shift_reg2/shift_reg_reg[31]) that has an active asychronous set or reset. This may cause corruption of the memory contents and/or read values when the set/reset is asserted and is not analyzed by the default static timing analysis. It is suggested to eliminate the use of a set/reset to registers driving this RAMB pin or else use a synchronous reset in which the assertion of the reset is timed by default.
WARNING: [DRC REQP-1840] RAMB18 async control check: The RAMB18E1 debayering/serial2parallel_instance/fifo2/U0/inst_fifo_gen/gconvfifo.rf/grf.rf/gntv_or_sync_fifo.mem/gbm.gbmg.gbmga.ngecc.bmg/inst_blk_mem_gen/gnbram.gnativebmg.native_blk_mem_gen/valid.cstr/ramloop[0].ram.r/prim_noinit.ram/DEVICE_7SERIES.NO_BMM_INFO.SDP.WIDE_PRIM18.ram has an input control pin debayering/serial2parallel_instance/fifo2/U0/inst_fifo_gen/gconvfifo.rf/grf.rf/gntv_or_sync_fifo.mem/gbm.gbmg.gbmga.ngecc.bmg/inst_blk_mem_gen/gnbram.gnativebmg.native_blk_mem_gen/valid.cstr/ramloop[0].ram.r/prim_noinit.ram/DEVICE_7SERIES.NO_BMM_INFO.SDP.WIDE_PRIM18.ram/WEBWE[0] (net: debayering/serial2parallel_instance/fifo2/U0/inst_fifo_gen/gconvfifo.rf/grf.rf/gntv_or_sync_fifo.mem/gbm.gbmg.gbmga.ngecc.bmg/inst_blk_mem_gen/gnbram.gnativebmg.native_blk_mem_gen/valid.cstr/ramloop[0].ram.r/prim_noinit.ram/DEVICE_7SERIES.NO_BMM_INFO.SDP.WIDE_PRIM18.ram_0[0]) which is driven by a register (debayering/serial2parallel_instance/write_shift_reg2/shift_reg_reg[31]) that has an active asychronous set or reset. This may cause corruption of the memory contents and/or read values when the set/reset is asserted and is not analyzed by the default static timing analysis. It is suggested to eliminate the use of a set/reset to registers driving this RAMB pin or else use a synchronous reset in which the assertion of the reset is timed by default.
WARNING: [DRC REQP-1840] RAMB18 async control check: The RAMB18E1 debayering/serial2parallel_instance/fifo2/U0/inst_fifo_gen/gconvfifo.rf/grf.rf/gntv_or_sync_fifo.mem/gbm.gbmg.gbmga.ngecc.bmg/inst_blk_mem_gen/gnbram.gnativebmg.native_blk_mem_gen/valid.cstr/ramloop[0].ram.r/prim_noinit.ram/DEVICE_7SERIES.NO_BMM_INFO.SDP.WIDE_PRIM18.ram has an input control pin debayering/serial2parallel_instance/fifo2/U0/inst_fifo_gen/gconvfifo.rf/grf.rf/gntv_or_sync_fifo.mem/gbm.gbmg.gbmga.ngecc.bmg/inst_blk_mem_gen/gnbram.gnativebmg.native_blk_mem_gen/valid.cstr/ramloop[0].ram.r/prim_noinit.ram/DEVICE_7SERIES.NO_BMM_INFO.SDP.WIDE_PRIM18.ram/WEBWE[1] (net: debayering/serial2parallel_instance/fifo2/U0/inst_fifo_gen/gconvfifo.rf/grf.rf/gntv_or_sync_fifo.mem/gbm.gbmg.gbmga.ngecc.bmg/inst_blk_mem_gen/gnbram.gnativebmg.native_blk_mem_gen/valid.cstr/ramloop[0].ram.r/prim_noinit.ram/DEVICE_7SERIES.NO_BMM_INFO.SDP.WIDE_PRIM18.ram_0[0]) which is driven by a register (debayering/serial2parallel_instance/write_shift_reg2/shift_reg_reg[31]) that has an active asychronous set or reset. This may cause corruption of the memory contents and/or read values when the set/reset is asserted and is not analyzed by the default static timing analysis. It is suggested to eliminate the use of a set/reset to registers driving this RAMB pin or else use a synchronous reset in which the assertion of the reset is timed by default.
WARNING: [DRC REQP-1840] RAMB18 async control check: The RAMB18E1 debayering/serial2parallel_instance/fifo2/U0/inst_fifo_gen/gconvfifo.rf/grf.rf/gntv_or_sync_fifo.mem/gbm.gbmg.gbmga.ngecc.bmg/inst_blk_mem_gen/gnbram.gnativebmg.native_blk_mem_gen/valid.cstr/ramloop[0].ram.r/prim_noinit.ram/DEVICE_7SERIES.NO_BMM_INFO.SDP.WIDE_PRIM18.ram has an input control pin debayering/serial2parallel_instance/fifo2/U0/inst_fifo_gen/gconvfifo.rf/grf.rf/gntv_or_sync_fifo.mem/gbm.gbmg.gbmga.ngecc.bmg/inst_blk_mem_gen/gnbram.gnativebmg.native_blk_mem_gen/valid.cstr/ramloop[0].ram.r/prim_noinit.ram/DEVICE_7SERIES.NO_BMM_INFO.SDP.WIDE_PRIM18.ram/WEBWE[2] (net: debayering/serial2parallel_instance/fifo2/U0/inst_fifo_gen/gconvfifo.rf/grf.rf/gntv_or_sync_fifo.mem/gbm.gbmg.gbmga.ngecc.bmg/inst_blk_mem_gen/gnbram.gnativebmg.native_blk_mem_gen/valid.cstr/ramloop[0].ram.r/prim_noinit.ram/DEVICE_7SERIES.NO_BMM_INFO.SDP.WIDE_PRIM18.ram_0[0]) which is driven by a register (debayering/serial2parallel_instance/write_shift_reg2/shift_reg_reg[31]) that has an active asychronous set or reset. This may cause corruption of the memory contents and/or read values when the set/reset is asserted and is not analyzed by the default static timing analysis. It is suggested to eliminate the use of a set/reset to registers driving this RAMB pin or else use a synchronous reset in which the assertion of the reset is timed by default.
WARNING: [DRC REQP-1840] RAMB18 async control check: The RAMB18E1 debayering/serial2parallel_instance/fifo2/U0/inst_fifo_gen/gconvfifo.rf/grf.rf/gntv_or_sync_fifo.mem/gbm.gbmg.gbmga.ngecc.bmg/inst_blk_mem_gen/gnbram.gnativebmg.native_blk_mem_gen/valid.cstr/ramloop[0].ram.r/prim_noinit.ram/DEVICE_7SERIES.NO_BMM_INFO.SDP.WIDE_PRIM18.ram has an input control pin debayering/serial2parallel_instance/fifo2/U0/inst_fifo_gen/gconvfifo.rf/grf.rf/gntv_or_sync_fifo.mem/gbm.gbmg.gbmga.ngecc.bmg/inst_blk_mem_gen/gnbram.gnativebmg.native_blk_mem_gen/valid.cstr/ramloop[0].ram.r/prim_noinit.ram/DEVICE_7SERIES.NO_BMM_INFO.SDP.WIDE_PRIM18.ram/WEBWE[3] (net: debayering/serial2parallel_instance/fifo2/U0/inst_fifo_gen/gconvfifo.rf/grf.rf/gntv_or_sync_fifo.mem/gbm.gbmg.gbmga.ngecc.bmg/inst_blk_mem_gen/gnbram.gnativebmg.native_blk_mem_gen/valid.cstr/ramloop[0].ram.r/prim_noinit.ram/DEVICE_7SERIES.NO_BMM_INFO.SDP.WIDE_PRIM18.ram_0[0]) which is driven by a register (debayering/serial2parallel_instance/write_shift_reg2/shift_reg_reg[31]) that has an active asychronous set or reset. This may cause corruption of the memory contents and/or read values when the set/reset is asserted and is not analyzed by the default static timing analysis. It is suggested to eliminate the use of a set/reset to registers driving this RAMB pin or else use a synchronous reset in which the assertion of the reset is timed by default.
WARNING: [DRC REQP-1840] RAMB18 async control check: The RAMB18E1 debayering/serial2parallel_instance/fifo3/U0/inst_fifo_gen/gconvfifo.rf/grf.rf/gntv_or_sync_fifo.mem/gbm.gbmg.gbmga.ngecc.bmg/inst_blk_mem_gen/gnbram.gnativebmg.native_blk_mem_gen/valid.cstr/ramloop[0].ram.r/prim_noinit.ram/DEVICE_7SERIES.NO_BMM_INFO.SDP.WIDE_PRIM18.ram has an input control pin debayering/serial2parallel_instance/fifo3/U0/inst_fifo_gen/gconvfifo.rf/grf.rf/gntv_or_sync_fifo.mem/gbm.gbmg.gbmga.ngecc.bmg/inst_blk_mem_gen/gnbram.gnativebmg.native_blk_mem_gen/valid.cstr/ramloop[0].ram.r/prim_noinit.ram/DEVICE_7SERIES.NO_BMM_INFO.SDP.WIDE_PRIM18.ram/ENARDEN (net: debayering/serial2parallel_instance/fifo3/U0/inst_fifo_gen/gconvfifo.rf/grf.rf/gntv_or_sync_fifo.mem/gbm.gbmg.gbmga.ngecc.bmg/inst_blk_mem_gen/gnbram.gnativebmg.native_blk_mem_gen/valid.cstr/ramloop[0].ram.r/prim_noinit.ram/tmp_ram_rd_en) which is driven by a register (debayering/serial2parallel_instance/read_shift_reg3/shift_reg_reg[31]) that has an active asychronous set or reset. This may cause corruption of the memory contents and/or read values when the set/reset is asserted and is not analyzed by the default static timing analysis. It is suggested to eliminate the use of a set/reset to registers driving this RAMB pin or else use a synchronous reset in which the assertion of the reset is timed by default.
WARNING: [DRC REQP-1840] RAMB18 async control check: The RAMB18E1 debayering/serial2parallel_instance/fifo3/U0/inst_fifo_gen/gconvfifo.rf/grf.rf/gntv_or_sync_fifo.mem/gbm.gbmg.gbmga.ngecc.bmg/inst_blk_mem_gen/gnbram.gnativebmg.native_blk_mem_gen/valid.cstr/ramloop[0].ram.r/prim_noinit.ram/DEVICE_7SERIES.NO_BMM_INFO.SDP.WIDE_PRIM18.ram has an input control pin debayering/serial2parallel_instance/fifo3/U0/inst_fifo_gen/gconvfifo.rf/grf.rf/gntv_or_sync_fifo.mem/gbm.gbmg.gbmga.ngecc.bmg/inst_blk_mem_gen/gnbram.gnativebmg.native_blk_mem_gen/valid.cstr/ramloop[0].ram.r/prim_noinit.ram/DEVICE_7SERIES.NO_BMM_INFO.SDP.WIDE_PRIM18.ram/ENBWREN (net: debayering/serial2parallel_instance/fifo3/U0/inst_fifo_gen/gconvfifo.rf/grf.rf/gntv_or_sync_fifo.mem/gbm.gbmg.gbmga.ngecc.bmg/inst_blk_mem_gen/gnbram.gnativebmg.native_blk_mem_gen/valid.cstr/ramloop[0].ram.r/prim_noinit.ram/DEVICE_7SERIES.NO_BMM_INFO.SDP.WIDE_PRIM18.ram_0[0]) which is driven by a register (debayering/serial2parallel_instance/write_shift_reg3/shift_reg_reg[31]) that has an active asychronous set or reset. This may cause corruption of the memory contents and/or read values when the set/reset is asserted and is not analyzed by the default static timing analysis. It is suggested to eliminate the use of a set/reset to registers driving this RAMB pin or else use a synchronous reset in which the assertion of the reset is timed by default.
WARNING: [DRC REQP-1840] RAMB18 async control check: The RAMB18E1 debayering/serial2parallel_instance/fifo3/U0/inst_fifo_gen/gconvfifo.rf/grf.rf/gntv_or_sync_fifo.mem/gbm.gbmg.gbmga.ngecc.bmg/inst_blk_mem_gen/gnbram.gnativebmg.native_blk_mem_gen/valid.cstr/ramloop[0].ram.r/prim_noinit.ram/DEVICE_7SERIES.NO_BMM_INFO.SDP.WIDE_PRIM18.ram has an input control pin debayering/serial2parallel_instance/fifo3/U0/inst_fifo_gen/gconvfifo.rf/grf.rf/gntv_or_sync_fifo.mem/gbm.gbmg.gbmga.ngecc.bmg/inst_blk_mem_gen/gnbram.gnativebmg.native_blk_mem_gen/valid.cstr/ramloop[0].ram.r/prim_noinit.ram/DEVICE_7SERIES.NO_BMM_INFO.SDP.WIDE_PRIM18.ram/WEBWE[0] (net: debayering/serial2parallel_instance/fifo3/U0/inst_fifo_gen/gconvfifo.rf/grf.rf/gntv_or_sync_fifo.mem/gbm.gbmg.gbmga.ngecc.bmg/inst_blk_mem_gen/gnbram.gnativebmg.native_blk_mem_gen/valid.cstr/ramloop[0].ram.r/prim_noinit.ram/DEVICE_7SERIES.NO_BMM_INFO.SDP.WIDE_PRIM18.ram_0[0]) which is driven by a register (debayering/serial2parallel_instance/write_shift_reg3/shift_reg_reg[31]) that has an active asychronous set or reset. This may cause corruption of the memory contents and/or read values when the set/reset is asserted and is not analyzed by the default static timing analysis. It is suggested to eliminate the use of a set/reset to registers driving this RAMB pin or else use a synchronous reset in which the assertion of the reset is timed by default.
WARNING: [DRC REQP-1840] RAMB18 async control check: The RAMB18E1 debayering/serial2parallel_instance/fifo3/U0/inst_fifo_gen/gconvfifo.rf/grf.rf/gntv_or_sync_fifo.mem/gbm.gbmg.gbmga.ngecc.bmg/inst_blk_mem_gen/gnbram.gnativebmg.native_blk_mem_gen/valid.cstr/ramloop[0].ram.r/prim_noinit.ram/DEVICE_7SERIES.NO_BMM_INFO.SDP.WIDE_PRIM18.ram has an input control pin debayering/serial2parallel_instance/fifo3/U0/inst_fifo_gen/gconvfifo.rf/grf.rf/gntv_or_sync_fifo.mem/gbm.gbmg.gbmga.ngecc.bmg/inst_blk_mem_gen/gnbram.gnativebmg.native_blk_mem_gen/valid.cstr/ramloop[0].ram.r/prim_noinit.ram/DEVICE_7SERIES.NO_BMM_INFO.SDP.WIDE_PRIM18.ram/WEBWE[1] (net: debayering/serial2parallel_instance/fifo3/U0/inst_fifo_gen/gconvfifo.rf/grf.rf/gntv_or_sync_fifo.mem/gbm.gbmg.gbmga.ngecc.bmg/inst_blk_mem_gen/gnbram.gnativebmg.native_blk_mem_gen/valid.cstr/ramloop[0].ram.r/prim_noinit.ram/DEVICE_7SERIES.NO_BMM_INFO.SDP.WIDE_PRIM18.ram_0[0]) which is driven by a register (debayering/serial2parallel_instance/write_shift_reg3/shift_reg_reg[31]) that has an active asychronous set or reset. This may cause corruption of the memory contents and/or read values when the set/reset is asserted and is not analyzed by the default static timing analysis. It is suggested to eliminate the use of a set/reset to registers driving this RAMB pin or else use a synchronous reset in which the assertion of the reset is timed by default.
WARNING: [DRC REQP-1840] RAMB18 async control check: The RAMB18E1 debayering/serial2parallel_instance/fifo3/U0/inst_fifo_gen/gconvfifo.rf/grf.rf/gntv_or_sync_fifo.mem/gbm.gbmg.gbmga.ngecc.bmg/inst_blk_mem_gen/gnbram.gnativebmg.native_blk_mem_gen/valid.cstr/ramloop[0].ram.r/prim_noinit.ram/DEVICE_7SERIES.NO_BMM_INFO.SDP.WIDE_PRIM18.ram has an input control pin debayering/serial2parallel_instance/fifo3/U0/inst_fifo_gen/gconvfifo.rf/grf.rf/gntv_or_sync_fifo.mem/gbm.gbmg.gbmga.ngecc.bmg/inst_blk_mem_gen/gnbram.gnativebmg.native_blk_mem_gen/valid.cstr/ramloop[0].ram.r/prim_noinit.ram/DEVICE_7SERIES.NO_BMM_INFO.SDP.WIDE_PRIM18.ram/WEBWE[2] (net: debayering/serial2parallel_instance/fifo3/U0/inst_fifo_gen/gconvfifo.rf/grf.rf/gntv_or_sync_fifo.mem/gbm.gbmg.gbmga.ngecc.bmg/inst_blk_mem_gen/gnbram.gnativebmg.native_blk_mem_gen/valid.cstr/ramloop[0].ram.r/prim_noinit.ram/DEVICE_7SERIES.NO_BMM_INFO.SDP.WIDE_PRIM18.ram_0[0]) which is driven by a register (debayering/serial2parallel_instance/write_shift_reg3/shift_reg_reg[31]) that has an active asychronous set or reset. This may cause corruption of the memory contents and/or read values when the set/reset is asserted and is not analyzed by the default static timing analysis. It is suggested to eliminate the use of a set/reset to registers driving this RAMB pin or else use a synchronous reset in which the assertion of the reset is timed by default.
WARNING: [DRC REQP-1840] RAMB18 async control check: The RAMB18E1 debayering/serial2parallel_instance/fifo3/U0/inst_fifo_gen/gconvfifo.rf/grf.rf/gntv_or_sync_fifo.mem/gbm.gbmg.gbmga.ngecc.bmg/inst_blk_mem_gen/gnbram.gnativebmg.native_blk_mem_gen/valid.cstr/ramloop[0].ram.r/prim_noinit.ram/DEVICE_7SERIES.NO_BMM_INFO.SDP.WIDE_PRIM18.ram has an input control pin debayering/serial2parallel_instance/fifo3/U0/inst_fifo_gen/gconvfifo.rf/grf.rf/gntv_or_sync_fifo.mem/gbm.gbmg.gbmga.ngecc.bmg/inst_blk_mem_gen/gnbram.gnativebmg.native_blk_mem_gen/valid.cstr/ramloop[0].ram.r/prim_noinit.ram/DEVICE_7SERIES.NO_BMM_INFO.SDP.WIDE_PRIM18.ram/WEBWE[3] (net: debayering/serial2parallel_instance/fifo3/U0/inst_fifo_gen/gconvfifo.rf/grf.rf/gntv_or_sync_fifo.mem/gbm.gbmg.gbmga.ngecc.bmg/inst_blk_mem_gen/gnbram.gnativebmg.native_blk_mem_gen/valid.cstr/ramloop[0].ram.r/prim_noinit.ram/DEVICE_7SERIES.NO_BMM_INFO.SDP.WIDE_PRIM18.ram_0[0]) which is driven by a register (debayering/serial2parallel_instance/write_shift_reg3/shift_reg_reg[31]) that has an active asychronous set or reset. This may cause corruption of the memory contents and/or read values when the set/reset is asserted and is not analyzed by the default static timing analysis. It is suggested to eliminate the use of a set/reset to registers driving this RAMB pin or else use a synchronous reset in which the assertion of the reset is timed by default.
WARNING: [DRC RTSTAT-10] No routable loads: 11 net(s) have no routable loads. The problem bus(es) and/or net(s) are debayering/serial2parallel_instance/fifo2/U0/inst_fifo_gen/gconvfifo.rf/grf.rf/gntv_or_sync_fifo.gl0.wr/gwss.wsts/ram_afull_fb, debayering/serial2parallel_instance/fifo1/U0/inst_fifo_gen/gconvfifo.rf/grf.rf/gntv_or_sync_fifo.gl0.wr/gwss.wsts/ram_afull_fb, debayering/serial2parallel_instance/fifo3/U0/inst_fifo_gen/gconvfifo.rf/grf.rf/gntv_or_sync_fifo.gl0.wr/gwss.wsts/ram_afull_fb, debayering/serial2parallel_instance/fifo1/U0/inst_fifo_gen/gconvfifo.rf/grf.rf/gntv_or_sync_fifo.gl0.wr/gwss.wsts/ram_afull_i, debayering/serial2parallel_instance/fifo3/U0/inst_fifo_gen/gconvfifo.rf/grf.rf/gntv_or_sync_fifo.gl0.wr/gwss.wsts/ram_afull_i, debayering/serial2parallel_instance/fifo2/U0/inst_fifo_gen/gconvfifo.rf/grf.rf/gntv_or_sync_fifo.gl0.wr/gwss.wsts/ram_afull_i, debayering/serial2parallel_instance/fifo2/U0/inst_fifo_gen/gconvfifo.rf/grf.rf/gntv_or_sync_fifo.gl0.rd/grss.rsts/ram_empty_i, debayering/serial2parallel_instance/fifo3/U0/inst_fifo_gen/gconvfifo.rf/grf.rf/gntv_or_sync_fifo.gl0.rd/grss.rsts/ram_empty_i, debayering/serial2parallel_instance/fifo3/U0/inst_fifo_gen/gconvfifo.rf/grf.rf/gntv_or_sync_fifo.gl0.wr/gwss.wsts/ram_full_i, debayering/serial2parallel_instance/fifo1/U0/inst_fifo_gen/gconvfifo.rf/grf.rf/gntv_or_sync_fifo.gl0.wr/gwss.wsts/ram_full_i, and debayering/serial2parallel_instance/fifo2/U0/inst_fifo_gen/gconvfifo.rf/grf.rf/gntv_or_sync_fifo.gl0.wr/gwss.wsts/ram_full_i.
INFO: [Vivado 12-3199] DRC finished with 0 Errors, 16 Warnings
INFO: [Vivado 12-3200] Please refer to the DRC report (report_drc) for more information.
INFO: [Designutils 20-2272] Running write_bitstream with 8 threads.
Loading data files...
Loading site data...
Loading route data...
Processing options...
Creating bitmap...
Creating bitstream...
Writing bitstream ./dvlsi2021_lab5_top.bit...
INFO: [Vivado 12-1842] Bitgen Completed Successfully.
INFO: [Project 1-1876] WebTalk data collection is mandatory when using a ULT device. To see the specific WebTalk data collected for your design, open the usage_statistics_webtalk.html or usage_statistics_webtalk.xml file in the implementation directory.
INFO: [Common 17-83] Releasing license: Implementation
24 Infos, 16 Warnings, 0 Critical Warnings and 0 Errors encountered.
write_bitstream completed successfully
write_bitstream: Time (s): cpu = 00:00:09 ; elapsed = 00:00:15 . Memory (MB): peak = 3299.156 ; gain = 239.848 ; free physical = 512 ; free virtual = 6370
INFO: [Common 17-206] Exiting Vivado at Tue May  6 19:49:15 2025...
