
*** Running vivado
    with args -log best_fir_wrapper.vdi -applog -m64 -product Vivado -messageDb vivado.pb -mode batch -source best_fir_wrapper.tcl -notrace



****** Vivado v2022.2 (64-bit)
  **** SW Build 3671981 on Fri Oct 14 05:00:03 MDT 2022
  **** IP Build 3669848 on Fri Oct 14 08:30:02 MDT 2022
    ** Copyright 1986-2022 Xilinx, Inc. All Rights Reserved.

source best_fir_wrapper.tcl -notrace
create_project: Time (s): cpu = 00:00:08 ; elapsed = 00:00:08 . Memory (MB): peak = 419.680 ; gain = 92.730
INFO: [IP_Flow 19-234] Refreshing IP repositories
INFO: [IP_Flow 19-1700] Loaded user IP repository 'c:/VLSI/vivado/ip_repo/fir_1_0'.
INFO: [IP_Flow 19-1700] Loaded user IP repository 'c:/vlsi3/vivado/ip_repo/best_fir_1_0'.
INFO: [IP_Flow 19-2313] Loaded Vivado IP repository 'C:/Xilinx/Vivado/2022.2/data/ip'.
Command: link_design -top best_fir_wrapper -part xc7z010clg400-1
Design is defaulting to srcset: sources_1
Design is defaulting to constrset: constrs_1
INFO: [Device 21-403] Loading part xc7z010clg400-1
INFO: [Project 1-454] Reading design checkpoint 'c:/vlsi3/vivado/best_fir/best_fir.gen/sources_1/bd/best_fir/ip/best_fir_best_fir_0_0/best_fir_best_fir_0_0.dcp' for cell 'best_fir_i/best_fir_0'
INFO: [Project 1-454] Reading design checkpoint 'c:/vlsi3/vivado/best_fir/best_fir.gen/sources_1/bd/best_fir/ip/best_fir_processing_system7_0_0/best_fir_processing_system7_0_0.dcp' for cell 'best_fir_i/processing_system7_0'
INFO: [Project 1-454] Reading design checkpoint 'c:/vlsi3/vivado/best_fir/best_fir.gen/sources_1/bd/best_fir/ip/best_fir_rst_ps7_0_100M_0/best_fir_rst_ps7_0_100M_0.dcp' for cell 'best_fir_i/rst_ps7_0_100M'
INFO: [Project 1-454] Reading design checkpoint 'c:/vlsi3/vivado/best_fir/best_fir.gen/sources_1/bd/best_fir/ip/best_fir_auto_pc_0/best_fir_auto_pc_0.dcp' for cell 'best_fir_i/ps7_0_axi_periph/s00_couplers/auto_pc'
Netlist sorting complete. Time (s): cpu = 00:00:00 ; elapsed = 00:00:00.047 . Memory (MB): peak = 856.680 ; gain = 0.000
INFO: [Netlist 29-17] Analyzing 26 Unisim elements for replacement
INFO: [Netlist 29-28] Unisim Transformation completed in 0 CPU seconds
INFO: [Project 1-479] Netlist was created with Vivado 2022.2
INFO: [Project 1-570] Preparing netlist for logic optimization
Parsing XDC File [c:/vlsi3/vivado/best_fir/best_fir.gen/sources_1/bd/best_fir/ip/best_fir_processing_system7_0_0/best_fir_processing_system7_0_0.xdc] for cell 'best_fir_i/processing_system7_0/inst'
Finished Parsing XDC File [c:/vlsi3/vivado/best_fir/best_fir.gen/sources_1/bd/best_fir/ip/best_fir_processing_system7_0_0/best_fir_processing_system7_0_0.xdc] for cell 'best_fir_i/processing_system7_0/inst'
Parsing XDC File [c:/vlsi3/vivado/best_fir/best_fir.gen/sources_1/bd/best_fir/ip/best_fir_rst_ps7_0_100M_0/best_fir_rst_ps7_0_100M_0_board.xdc] for cell 'best_fir_i/rst_ps7_0_100M/U0'
Finished Parsing XDC File [c:/vlsi3/vivado/best_fir/best_fir.gen/sources_1/bd/best_fir/ip/best_fir_rst_ps7_0_100M_0/best_fir_rst_ps7_0_100M_0_board.xdc] for cell 'best_fir_i/rst_ps7_0_100M/U0'
Parsing XDC File [c:/vlsi3/vivado/best_fir/best_fir.gen/sources_1/bd/best_fir/ip/best_fir_rst_ps7_0_100M_0/best_fir_rst_ps7_0_100M_0.xdc] for cell 'best_fir_i/rst_ps7_0_100M/U0'
Finished Parsing XDC File [c:/vlsi3/vivado/best_fir/best_fir.gen/sources_1/bd/best_fir/ip/best_fir_rst_ps7_0_100M_0/best_fir_rst_ps7_0_100M_0.xdc] for cell 'best_fir_i/rst_ps7_0_100M/U0'
INFO: [Opt 31-138] Pushed 0 inverter(s) to 0 load pin(s).
Netlist sorting complete. Time (s): cpu = 00:00:00 ; elapsed = 00:00:00.001 . Memory (MB): peak = 1000.945 ; gain = 0.000
INFO: [Project 1-111] Unisim Transformation Summary:
No Unisim elements were transformed.

15 Infos, 0 Warnings, 0 Critical Warnings and 0 Errors encountered.
link_design completed successfully
link_design: Time (s): cpu = 00:00:09 ; elapsed = 00:00:15 . Memory (MB): peak = 1000.945 ; gain = 539.668
Command: opt_design
Attempting to get a license for feature 'Implementation' and/or device 'xc7z010'
INFO: [Common 17-349] Got license for feature 'Implementation' and/or device 'xc7z010'
Running DRC as a precondition to command opt_design

Starting DRC Task
INFO: [DRC 23-27] Running DRC with 2 threads
INFO: [Project 1-461] DRC finished with 0 Errors
INFO: [Project 1-462] Please refer to the DRC report (report_drc) for more information.

Time (s): cpu = 00:00:02 ; elapsed = 00:00:02 . Memory (MB): peak = 1026.102 ; gain = 25.156

Starting Cache Timing Information Task
INFO: [Timing 38-35] Done setting XDC timing constraints.
Ending Cache Timing Information Task | Checksum: 157773df9

Time (s): cpu = 00:00:09 ; elapsed = 00:00:09 . Memory (MB): peak = 1552.914 ; gain = 526.812

Starting Logic Optimization Task

Phase 1 Retarget
INFO: [Opt 31-138] Pushed 0 inverter(s) to 0 load pin(s).
INFO: [Opt 31-49] Retargeted 0 cell(s).
Phase 1 Retarget | Checksum: 1d86bf960

Time (s): cpu = 00:00:00 ; elapsed = 00:00:00.150 . Memory (MB): peak = 1896.039 ; gain = 0.000
INFO: [Opt 31-389] Phase Retarget created 4 cells and removed 29 cells

Phase 2 Constant propagation
INFO: [Opt 31-138] Pushed 0 inverter(s) to 0 load pin(s).
Phase 2 Constant propagation | Checksum: 162cf68d0

Time (s): cpu = 00:00:00 ; elapsed = 00:00:00.167 . Memory (MB): peak = 1896.039 ; gain = 0.000
INFO: [Opt 31-389] Phase Constant propagation created 0 cells and removed 8 cells

Phase 3 Sweep
Phase 3 Sweep | Checksum: 21533456b

Time (s): cpu = 00:00:01 ; elapsed = 00:00:00.336 . Memory (MB): peak = 1896.039 ; gain = 0.000
INFO: [Opt 31-389] Phase Sweep created 0 cells and removed 297 cells

Phase 4 BUFG optimization
Phase 4 BUFG optimization | Checksum: 21533456b

Time (s): cpu = 00:00:01 ; elapsed = 00:00:00.411 . Memory (MB): peak = 1896.039 ; gain = 0.000
INFO: [Opt 31-662] Phase BUFG optimization created 0 cells of which 0 are BUFGs and removed 0 cells.

Phase 5 Shift Register Optimization
INFO: [Opt 31-1064] SRL Remap converted 0 SRLs to 0 registers and converted 0 registers of register chains to 0 SRLs
Phase 5 Shift Register Optimization | Checksum: 21533456b

Time (s): cpu = 00:00:01 ; elapsed = 00:00:00.420 . Memory (MB): peak = 1896.039 ; gain = 0.000
INFO: [Opt 31-389] Phase Shift Register Optimization created 0 cells and removed 0 cells

Phase 6 Post Processing Netlist
Phase 6 Post Processing Netlist | Checksum: 1d9d2cce7

Time (s): cpu = 00:00:01 ; elapsed = 00:00:00.436 . Memory (MB): peak = 1896.039 ; gain = 0.000
INFO: [Opt 31-389] Phase Post Processing Netlist created 0 cells and removed 0 cells
Opt_design Change Summary
=========================


-------------------------------------------------------------------------------------------------------------------------
|  Phase                        |  #Cells created  |  #Cells Removed  |  #Constrained objects preventing optimizations  |
-------------------------------------------------------------------------------------------------------------------------
|  Retarget                     |               4  |              29  |                                              0  |
|  Constant propagation         |               0  |               8  |                                              0  |
|  Sweep                        |               0  |             297  |                                              0  |
|  BUFG optimization            |               0  |               0  |                                              0  |
|  Shift Register Optimization  |               0  |               0  |                                              0  |
|  Post Processing Netlist      |               0  |               0  |                                              0  |
-------------------------------------------------------------------------------------------------------------------------



Starting Connectivity Check Task

Time (s): cpu = 00:00:00 ; elapsed = 00:00:00.004 . Memory (MB): peak = 1896.039 ; gain = 0.000
Ending Logic Optimization Task | Checksum: 227f16102

Time (s): cpu = 00:00:01 ; elapsed = 00:00:00.504 . Memory (MB): peak = 1896.039 ; gain = 0.000

Starting Power Optimization Task
INFO: [Pwropt 34-132] Skipping clock gating for clocks with a period < 2.00 ns.
Ending Power Optimization Task | Checksum: 227f16102

Time (s): cpu = 00:00:00 ; elapsed = 00:00:00.030 . Memory (MB): peak = 1896.039 ; gain = 0.000

Starting Final Cleanup Task
Ending Final Cleanup Task | Checksum: 227f16102

Time (s): cpu = 00:00:00 ; elapsed = 00:00:00.003 . Memory (MB): peak = 1896.039 ; gain = 0.000

Starting Netlist Obfuscation Task
Netlist sorting complete. Time (s): cpu = 00:00:00 ; elapsed = 00:00:00.001 . Memory (MB): peak = 1896.039 ; gain = 0.000
Ending Netlist Obfuscation Task | Checksum: 227f16102

Time (s): cpu = 00:00:00 ; elapsed = 00:00:00.003 . Memory (MB): peak = 1896.039 ; gain = 0.000
INFO: [Common 17-83] Releasing license: Implementation
32 Infos, 0 Warnings, 0 Critical Warnings and 0 Errors encountered.
opt_design completed successfully
opt_design: Time (s): cpu = 00:00:15 ; elapsed = 00:00:15 . Memory (MB): peak = 1896.039 ; gain = 895.094
INFO: [Timing 38-480] Writing timing data to binary archive.
Writing XDEF routing.
Writing XDEF routing logical nets.
Writing XDEF routing special nets.
Write XDEF Complete: Time (s): cpu = 00:00:00 ; elapsed = 00:00:00.098 . Memory (MB): peak = 1896.039 ; gain = 0.000
INFO: [Common 17-1381] The checkpoint 'C:/vlsi3/vivado/best_fir/best_fir.runs/impl_1/best_fir_wrapper_opt.dcp' has been generated.
INFO: [runtcl-4] Executing : report_drc -file best_fir_wrapper_drc_opted.rpt -pb best_fir_wrapper_drc_opted.pb -rpx best_fir_wrapper_drc_opted.rpx
Command: report_drc -file best_fir_wrapper_drc_opted.rpt -pb best_fir_wrapper_drc_opted.pb -rpx best_fir_wrapper_drc_opted.rpx
INFO: [IP_Flow 19-1839] IP Catalog is up to date.
INFO: [DRC 23-27] Running DRC with 2 threads
INFO: [Vivado_Tcl 2-168] The results of DRC are in file C:/vlsi3/vivado/best_fir/best_fir.runs/impl_1/best_fir_wrapper_drc_opted.rpt.
report_drc completed successfully
Command: place_design
Attempting to get a license for feature 'Implementation' and/or device 'xc7z010'
INFO: [Common 17-349] Got license for feature 'Implementation' and/or device 'xc7z010'
INFO: [DRC 23-27] Running DRC with 2 threads
INFO: [Vivado_Tcl 4-198] DRC finished with 0 Errors
INFO: [Vivado_Tcl 4-199] Please refer to the DRC report (report_drc) for more information.
Running DRC as a precondition to command place_design
INFO: [DRC 23-27] Running DRC with 2 threads
INFO: [Vivado_Tcl 4-198] DRC finished with 0 Errors
INFO: [Vivado_Tcl 4-199] Please refer to the DRC report (report_drc) for more information.

Starting Placer Task
INFO: [Place 30-611] Multithreading enabled for place_design using a maximum of 2 CPUs

Phase 1 Placer Initialization

Phase 1.1 Placer Initialization Netlist Sorting
Netlist sorting complete. Time (s): cpu = 00:00:00 ; elapsed = 00:00:00 . Memory (MB): peak = 1896.039 ; gain = 0.000
Phase 1.1 Placer Initialization Netlist Sorting | Checksum: 13f7d4b9e

Time (s): cpu = 00:00:00 ; elapsed = 00:00:00.030 . Memory (MB): peak = 1896.039 ; gain = 0.000
Netlist sorting complete. Time (s): cpu = 00:00:00 ; elapsed = 00:00:00 . Memory (MB): peak = 1896.039 ; gain = 0.000

Phase 1.2 IO Placement/ Clock Placement/ Build Placer Device
INFO: [Timing 38-35] Done setting XDC timing constraints.
Phase 1.2 IO Placement/ Clock Placement/ Build Placer Device | Checksum: b1ec381c

Time (s): cpu = 00:00:00 ; elapsed = 00:00:00.656 . Memory (MB): peak = 1896.039 ; gain = 0.000

Phase 1.3 Build Placer Netlist Model
Phase 1.3 Build Placer Netlist Model | Checksum: 1ac2e8bdb

Time (s): cpu = 00:00:01 ; elapsed = 00:00:01 . Memory (MB): peak = 1896.039 ; gain = 0.000

Phase 1.4 Constrain Clocks/Macros
Phase 1.4 Constrain Clocks/Macros | Checksum: 1ac2e8bdb

Time (s): cpu = 00:00:01 ; elapsed = 00:00:01 . Memory (MB): peak = 1896.039 ; gain = 0.000
Phase 1 Placer Initialization | Checksum: 1ac2e8bdb

Time (s): cpu = 00:00:01 ; elapsed = 00:00:01 . Memory (MB): peak = 1896.039 ; gain = 0.000

Phase 2 Global Placement

Phase 2.1 Floorplanning
Phase 2.1 Floorplanning | Checksum: b34d34b9

Time (s): cpu = 00:00:01 ; elapsed = 00:00:01 . Memory (MB): peak = 1896.039 ; gain = 0.000

Phase 2.2 Update Timing before SLR Path Opt
Phase 2.2 Update Timing before SLR Path Opt | Checksum: 161f42c4b

Time (s): cpu = 00:00:01 ; elapsed = 00:00:01 . Memory (MB): peak = 1896.039 ; gain = 0.000

Phase 2.3 Post-Processing in Floorplanning
Phase 2.3 Post-Processing in Floorplanning | Checksum: 161f42c4b

Time (s): cpu = 00:00:01 ; elapsed = 00:00:01 . Memory (MB): peak = 1896.039 ; gain = 0.000

Phase 2.4 Global Placement Core

Phase 2.4.1 UpdateTiming Before Physical Synthesis
Phase 2.4.1 UpdateTiming Before Physical Synthesis | Checksum: c14b0a4b

Time (s): cpu = 00:00:05 ; elapsed = 00:00:04 . Memory (MB): peak = 1896.039 ; gain = 0.000

Phase 2.4.2 Physical Synthesis In Placer
INFO: [Physopt 32-1035] Found 0 LUTNM shape to break, 29 LUT instances to create LUTNM shape
INFO: [Physopt 32-1044] Break lutnm for timing: one critical 0, two critical 0, total 0, new lutff created 0
INFO: [Physopt 32-1138] End 1 Pass. Optimized 13 nets or LUTs. Breaked 0 LUT, combined 13 existing LUTs and moved 0 existing LUT
INFO: [Physopt 32-65] No nets found for high-fanout optimization.
INFO: [Physopt 32-232] Optimized 0 net. Created 0 new instance.
INFO: [Physopt 32-775] End 1 Pass. Optimized 0 net or cell. Created 0 new cell, deleted 0 existing cell and moved 0 existing cell
INFO: [Physopt 32-670] No setup violation found.  DSP Register Optimization was not performed.
INFO: [Physopt 32-670] No setup violation found.  Shift Register to Pipeline Optimization was not performed.
INFO: [Physopt 32-670] No setup violation found.  Shift Register Optimization was not performed.
INFO: [Physopt 32-670] No setup violation found.  BRAM Register Optimization was not performed.
INFO: [Physopt 32-670] No setup violation found.  URAM Register Optimization was not performed.
INFO: [Physopt 32-949] No candidate nets found for dynamic/static region interface net replication
INFO: [Physopt 32-775] End 1 Pass. Optimized 0 net or cell. Created 0 new cell, deleted 0 existing cell and moved 0 existing cell
Netlist sorting complete. Time (s): cpu = 00:00:00 ; elapsed = 00:00:00.001 . Memory (MB): peak = 1896.039 ; gain = 0.000

Summary of Physical Synthesis Optimizations
============================================


-----------------------------------------------------------------------------------------------------------------------------------------------------------
|  Optimization                                     |  Added Cells  |  Removed Cells  |  Optimized Cells/Nets  |  Dont Touch  |  Iterations  |  Elapsed   |
-----------------------------------------------------------------------------------------------------------------------------------------------------------
|  LUT Combining                                    |            0  |             13  |                    13  |           0  |           1  |  00:00:00  |
|  Retime                                           |            0  |              0  |                     0  |           0  |           1  |  00:00:00  |
|  Very High Fanout                                 |            0  |              0  |                     0  |           0  |           1  |  00:00:00  |
|  DSP Register                                     |            0  |              0  |                     0  |           0  |           0  |  00:00:00  |
|  Shift Register to Pipeline                       |            0  |              0  |                     0  |           0  |           0  |  00:00:00  |
|  Shift Register                                   |            0  |              0  |                     0  |           0  |           0  |  00:00:00  |
|  BRAM Register                                    |            0  |              0  |                     0  |           0  |           0  |  00:00:00  |
|  URAM Register                                    |            0  |              0  |                     0  |           0  |           0  |  00:00:00  |
|  Dynamic/Static Region Interface Net Replication  |            0  |              0  |                     0  |           0  |           1  |  00:00:00  |
|  Total                                            |            0  |             13  |                    13  |           0  |           4  |  00:00:00  |
-----------------------------------------------------------------------------------------------------------------------------------------------------------


Phase 2.4.2 Physical Synthesis In Placer | Checksum: 1173b246f

Time (s): cpu = 00:00:05 ; elapsed = 00:00:04 . Memory (MB): peak = 1896.039 ; gain = 0.000
Phase 2.4 Global Placement Core | Checksum: 10d9a94ee

Time (s): cpu = 00:00:05 ; elapsed = 00:00:04 . Memory (MB): peak = 1896.039 ; gain = 0.000
Phase 2 Global Placement | Checksum: 10d9a94ee

Time (s): cpu = 00:00:05 ; elapsed = 00:00:04 . Memory (MB): peak = 1896.039 ; gain = 0.000

Phase 3 Detail Placement

Phase 3.1 Commit Multi Column Macros
Phase 3.1 Commit Multi Column Macros | Checksum: 12c535359

Time (s): cpu = 00:00:06 ; elapsed = 00:00:04 . Memory (MB): peak = 1896.039 ; gain = 0.000

Phase 3.2 Commit Most Macros & LUTRAMs
Phase 3.2 Commit Most Macros & LUTRAMs | Checksum: ebf51c8f

Time (s): cpu = 00:00:06 ; elapsed = 00:00:05 . Memory (MB): peak = 1896.039 ; gain = 0.000

Phase 3.3 Area Swap Optimization
Phase 3.3 Area Swap Optimization | Checksum: 77f790f8

Time (s): cpu = 00:00:06 ; elapsed = 00:00:05 . Memory (MB): peak = 1896.039 ; gain = 0.000

Phase 3.4 Pipeline Register Optimization
Phase 3.4 Pipeline Register Optimization | Checksum: cbfc9f7c

Time (s): cpu = 00:00:06 ; elapsed = 00:00:05 . Memory (MB): peak = 1896.039 ; gain = 0.000

Phase 3.5 Small Shape Detail Placement
Phase 3.5 Small Shape Detail Placement | Checksum: 12d222aa0

Time (s): cpu = 00:00:06 ; elapsed = 00:00:05 . Memory (MB): peak = 1896.039 ; gain = 0.000

Phase 3.6 Re-assign LUT pins
Phase 3.6 Re-assign LUT pins | Checksum: 14663209b

Time (s): cpu = 00:00:06 ; elapsed = 00:00:05 . Memory (MB): peak = 1896.039 ; gain = 0.000

Phase 3.7 Pipeline Register Optimization
Phase 3.7 Pipeline Register Optimization | Checksum: 16a3825ef

Time (s): cpu = 00:00:06 ; elapsed = 00:00:05 . Memory (MB): peak = 1896.039 ; gain = 0.000
Phase 3 Detail Placement | Checksum: 16a3825ef

Time (s): cpu = 00:00:06 ; elapsed = 00:00:05 . Memory (MB): peak = 1896.039 ; gain = 0.000

Phase 4 Post Placement Optimization and Clean-Up

Phase 4.1 Post Commit Optimization
INFO: [Timing 38-35] Done setting XDC timing constraints.

Phase 4.1.1 Post Placement Optimization
Post Placement Optimization Initialization | Checksum: 1174486bb

Phase 4.1.1.1 BUFG Insertion

Starting Physical Synthesis Task

Phase 1 Physical Synthesis Initialization
INFO: [Physopt 32-721] Multithreading enabled for phys_opt_design using a maximum of 2 CPUs
INFO: [Physopt 32-619] Estimated Timing Summary | WNS=3.643 | TNS=0.000 |
Phase 1 Physical Synthesis Initialization | Checksum: 17d552db1

Time (s): cpu = 00:00:00 ; elapsed = 00:00:00.063 . Memory (MB): peak = 1896.039 ; gain = 0.000
INFO: [Place 46-56] BUFG insertion identified 0 candidate nets. Inserted BUFG: 0, Replicated BUFG Driver: 0, Skipped due to Placement/Routing Conflicts: 0, Skipped due to Timing Degradation: 0, Skipped due to Illegal Netlist: 0.
Ending Physical Synthesis Task | Checksum: 1e1798bd9

Time (s): cpu = 00:00:00 ; elapsed = 00:00:00.077 . Memory (MB): peak = 1896.039 ; gain = 0.000
Phase 4.1.1.1 BUFG Insertion | Checksum: 1174486bb

Time (s): cpu = 00:00:07 ; elapsed = 00:00:06 . Memory (MB): peak = 1896.039 ; gain = 0.000

Phase 4.1.1.2 Post Placement Timing Optimization
INFO: [Place 30-746] Post Placement Timing Summary WNS=3.643. For the most accurate timing information please run report_timing.
Phase 4.1.1.2 Post Placement Timing Optimization | Checksum: 16370c2d4

Time (s): cpu = 00:00:07 ; elapsed = 00:00:06 . Memory (MB): peak = 1896.039 ; gain = 0.000

Time (s): cpu = 00:00:07 ; elapsed = 00:00:06 . Memory (MB): peak = 1896.039 ; gain = 0.000
Phase 4.1 Post Commit Optimization | Checksum: 16370c2d4

Time (s): cpu = 00:00:07 ; elapsed = 00:00:06 . Memory (MB): peak = 1896.039 ; gain = 0.000

Phase 4.2 Post Placement Cleanup
Phase 4.2 Post Placement Cleanup | Checksum: 16370c2d4

Time (s): cpu = 00:00:07 ; elapsed = 00:00:06 . Memory (MB): peak = 1896.039 ; gain = 0.000

Phase 4.3 Placer Reporting

Phase 4.3.1 Print Estimated Congestion
INFO: [Place 30-612] Post-Placement Estimated Congestion 
 ____________________________________________________
|           | Global Congestion | Short Congestion  |
| Direction | Region Size       | Region Size       |
|___________|___________________|___________________|
|      North|                1x1|                1x1|
|___________|___________________|___________________|
|      South|                1x1|                1x1|
|___________|___________________|___________________|
|       East|                1x1|                1x1|
|___________|___________________|___________________|
|       West|                1x1|                1x1|
|___________|___________________|___________________|

Phase 4.3.1 Print Estimated Congestion | Checksum: 16370c2d4

Time (s): cpu = 00:00:07 ; elapsed = 00:00:06 . Memory (MB): peak = 1896.039 ; gain = 0.000
Phase 4.3 Placer Reporting | Checksum: 16370c2d4

Time (s): cpu = 00:00:07 ; elapsed = 00:00:06 . Memory (MB): peak = 1896.039 ; gain = 0.000

Phase 4.4 Final Placement Cleanup
Netlist sorting complete. Time (s): cpu = 00:00:00 ; elapsed = 00:00:00.001 . Memory (MB): peak = 1896.039 ; gain = 0.000

Time (s): cpu = 00:00:07 ; elapsed = 00:00:06 . Memory (MB): peak = 1896.039 ; gain = 0.000
Phase 4 Post Placement Optimization and Clean-Up | Checksum: fffad1a8

Time (s): cpu = 00:00:07 ; elapsed = 00:00:06 . Memory (MB): peak = 1896.039 ; gain = 0.000
Ending Placer Task | Checksum: 958f8549

Time (s): cpu = 00:00:07 ; elapsed = 00:00:06 . Memory (MB): peak = 1896.039 ; gain = 0.000
INFO: [Common 17-83] Releasing license: Implementation
67 Infos, 0 Warnings, 0 Critical Warnings and 0 Errors encountered.
place_design completed successfully
place_design: Time (s): cpu = 00:00:09 ; elapsed = 00:00:07 . Memory (MB): peak = 1896.039 ; gain = 0.000
INFO: [Timing 38-480] Writing timing data to binary archive.
Writing XDEF routing.
Writing XDEF routing logical nets.
Writing XDEF routing special nets.
Write XDEF Complete: Time (s): cpu = 00:00:01 ; elapsed = 00:00:00.250 . Memory (MB): peak = 1896.039 ; gain = 0.000
INFO: [Common 17-1381] The checkpoint 'C:/vlsi3/vivado/best_fir/best_fir.runs/impl_1/best_fir_wrapper_placed.dcp' has been generated.
INFO: [runtcl-4] Executing : report_io -file best_fir_wrapper_io_placed.rpt
report_io: Time (s): cpu = 00:00:00 ; elapsed = 00:00:00.081 . Memory (MB): peak = 1896.039 ; gain = 0.000
INFO: [runtcl-4] Executing : report_utilization -file best_fir_wrapper_utilization_placed.rpt -pb best_fir_wrapper_utilization_placed.pb
INFO: [runtcl-4] Executing : report_control_sets -verbose -file best_fir_wrapper_control_sets_placed.rpt
report_control_sets: Time (s): cpu = 00:00:00 ; elapsed = 00:00:00.008 . Memory (MB): peak = 1896.039 ; gain = 0.000
Command: phys_opt_design
Attempting to get a license for feature 'Implementation' and/or device 'xc7z010'
INFO: [Common 17-349] Got license for feature 'Implementation' and/or device 'xc7z010'

Starting Initial Update Timing Task

Time (s): cpu = 00:00:00 ; elapsed = 00:00:00.192 . Memory (MB): peak = 1896.039 ; gain = 0.000
INFO: [Vivado_Tcl 4-383] Design worst setup slack (WNS) is greater than or equal to 0.000 ns. Skipping all physical synthesis optimizations.
INFO: [Vivado_Tcl 4-232] No setup violation found. The netlist was not modified.
INFO: [Common 17-83] Releasing license: Implementation
76 Infos, 0 Warnings, 0 Critical Warnings and 0 Errors encountered.
phys_opt_design completed successfully
INFO: [Timing 38-480] Writing timing data to binary archive.
Writing XDEF routing.
Writing XDEF routing logical nets.
Writing XDEF routing special nets.
Write XDEF Complete: Time (s): cpu = 00:00:01 ; elapsed = 00:00:00.244 . Memory (MB): peak = 1901.293 ; gain = 5.254
INFO: [Common 17-1381] The checkpoint 'C:/vlsi3/vivado/best_fir/best_fir.runs/impl_1/best_fir_wrapper_physopt.dcp' has been generated.
Command: route_design
Attempting to get a license for feature 'Implementation' and/or device 'xc7z010'
INFO: [Common 17-349] Got license for feature 'Implementation' and/or device 'xc7z010'
Running DRC as a precondition to command route_design
INFO: [DRC 23-27] Running DRC with 2 threads
INFO: [Vivado_Tcl 4-198] DRC finished with 0 Errors
INFO: [Vivado_Tcl 4-199] Please refer to the DRC report (report_drc) for more information.


Starting Routing Task
INFO: [Route 35-254] Multithreading enabled for route_design using a maximum of 2 CPUs

Phase 1 Build RT Design
Checksum: PlaceDB: 82636e6e ConstDB: 0 ShapeSum: 132c16db RouteDB: 0
Post Restoration Checksum: NetGraph: 62953279 NumContArr: d78ad45 Constraints: 0 Timing: 0
Phase 1 Build RT Design | Checksum: 700ddfbe

Time (s): cpu = 00:00:17 ; elapsed = 00:00:16 . Memory (MB): peak = 1935.926 ; gain = 25.500

Phase 2 Router Initialization

Phase 2.1 Fix Topology Constraints
Phase 2.1 Fix Topology Constraints | Checksum: 700ddfbe

Time (s): cpu = 00:00:17 ; elapsed = 00:00:16 . Memory (MB): peak = 1941.984 ; gain = 31.559

Phase 2.2 Pre Route Cleanup
Phase 2.2 Pre Route Cleanup | Checksum: 700ddfbe

Time (s): cpu = 00:00:17 ; elapsed = 00:00:16 . Memory (MB): peak = 1941.984 ; gain = 31.559
 Number of Nodes with overlaps = 0

Phase 2.3 Update Timing
Phase 2.3 Update Timing | Checksum: 16956031f

Time (s): cpu = 00:00:18 ; elapsed = 00:00:16 . Memory (MB): peak = 1948.602 ; gain = 38.176
INFO: [Route 35-416] Intermediate Timing Summary | WNS=3.598  | TNS=0.000  | WHS=-0.173 | THS=-16.672|


Router Utilization Summary
  Global Vertical Routing Utilization    = 0 %
  Global Horizontal Routing Utilization  = 0 %
  Routable Net Status*
  *Does not include unroutable nets such as driverless and loadless.
  Run report_route_status for detailed report.
  Number of Failed Nets               = 1193
    (Failed Nets is the sum of unrouted and partially routed nets)
  Number of Unrouted Nets             = 1193
  Number of Partially Routed Nets     = 0
  Number of Node Overlaps             = 0

Phase 2 Router Initialization | Checksum: 1ef5e6cf6

Time (s): cpu = 00:00:18 ; elapsed = 00:00:17 . Memory (MB): peak = 1948.602 ; gain = 38.176

Phase 3 Initial Routing

Phase 3.1 Global Routing
Phase 3.1 Global Routing | Checksum: 1ef5e6cf6

Time (s): cpu = 00:00:18 ; elapsed = 00:00:17 . Memory (MB): peak = 1948.602 ; gain = 38.176
Phase 3 Initial Routing | Checksum: 11874de94

Time (s): cpu = 00:00:18 ; elapsed = 00:00:17 . Memory (MB): peak = 1948.602 ; gain = 38.176

Phase 4 Rip-up And Reroute

Phase 4.1 Global Iteration 0
 Number of Nodes with overlaps = 71
 Number of Nodes with overlaps = 3
 Number of Nodes with overlaps = 0
INFO: [Route 35-416] Intermediate Timing Summary | WNS=3.596  | TNS=0.000  | WHS=N/A    | THS=N/A    |

Phase 4.1 Global Iteration 0 | Checksum: ecc886be

Time (s): cpu = 00:00:19 ; elapsed = 00:00:17 . Memory (MB): peak = 1948.602 ; gain = 38.176
Phase 4 Rip-up And Reroute | Checksum: ecc886be

Time (s): cpu = 00:00:19 ; elapsed = 00:00:17 . Memory (MB): peak = 1948.602 ; gain = 38.176

Phase 5 Delay and Skew Optimization

Phase 5.1 Delay CleanUp

Phase 5.1.1 Update Timing
Phase 5.1.1 Update Timing | Checksum: 13ffcafdc

Time (s): cpu = 00:00:19 ; elapsed = 00:00:17 . Memory (MB): peak = 1948.602 ; gain = 38.176
INFO: [Route 35-416] Intermediate Timing Summary | WNS=3.711  | TNS=0.000  | WHS=N/A    | THS=N/A    |

Phase 5.1 Delay CleanUp | Checksum: 13ffcafdc

Time (s): cpu = 00:00:19 ; elapsed = 00:00:17 . Memory (MB): peak = 1948.602 ; gain = 38.176

Phase 5.2 Clock Skew Optimization
Phase 5.2 Clock Skew Optimization | Checksum: 13ffcafdc

Time (s): cpu = 00:00:19 ; elapsed = 00:00:17 . Memory (MB): peak = 1948.602 ; gain = 38.176
Phase 5 Delay and Skew Optimization | Checksum: 13ffcafdc

Time (s): cpu = 00:00:19 ; elapsed = 00:00:17 . Memory (MB): peak = 1948.602 ; gain = 38.176

Phase 6 Post Hold Fix

Phase 6.1 Hold Fix Iter

Phase 6.1.1 Update Timing
Phase 6.1.1 Update Timing | Checksum: 1956f0330

Time (s): cpu = 00:00:19 ; elapsed = 00:00:17 . Memory (MB): peak = 1948.602 ; gain = 38.176
INFO: [Route 35-416] Intermediate Timing Summary | WNS=3.711  | TNS=0.000  | WHS=0.028  | THS=0.000  |

Phase 6.1 Hold Fix Iter | Checksum: f7334758

Time (s): cpu = 00:00:19 ; elapsed = 00:00:17 . Memory (MB): peak = 1948.602 ; gain = 38.176
Phase 6 Post Hold Fix | Checksum: f7334758

Time (s): cpu = 00:00:19 ; elapsed = 00:00:17 . Memory (MB): peak = 1948.602 ; gain = 38.176

Phase 7 Route finalize

Router Utilization Summary
  Global Vertical Routing Utilization    = 0.353322 %
  Global Horizontal Routing Utilization  = 0.515395 %
  Routable Net Status*
  *Does not include unroutable nets such as driverless and loadless.
  Run report_route_status for detailed report.
  Number of Failed Nets               = 0
    (Failed Nets is the sum of unrouted and partially routed nets)
  Number of Unrouted Nets             = 0
  Number of Partially Routed Nets     = 0
  Number of Node Overlaps             = 0

Phase 7 Route finalize | Checksum: 180ca8fbd

Time (s): cpu = 00:00:19 ; elapsed = 00:00:17 . Memory (MB): peak = 1948.602 ; gain = 38.176

Phase 8 Verifying routed nets

 Verification completed successfully
Phase 8 Verifying routed nets | Checksum: 180ca8fbd

Time (s): cpu = 00:00:19 ; elapsed = 00:00:17 . Memory (MB): peak = 1949.312 ; gain = 38.887

Phase 9 Depositing Routes
Phase 9 Depositing Routes | Checksum: 259ccd34d

Time (s): cpu = 00:00:19 ; elapsed = 00:00:18 . Memory (MB): peak = 1949.312 ; gain = 38.887

Phase 10 Post Router Timing
INFO: [Route 35-57] Estimated Timing Summary | WNS=3.711  | TNS=0.000  | WHS=0.028  | THS=0.000  |

INFO: [Route 35-327] The final timing numbers are based on the router estimated timing analysis. For a complete and accurate timing signoff, please run report_timing_summary.
Phase 10 Post Router Timing | Checksum: 259ccd34d

Time (s): cpu = 00:00:19 ; elapsed = 00:00:18 . Memory (MB): peak = 1949.312 ; gain = 38.887
INFO: [Route 35-16] Router Completed Successfully

Time (s): cpu = 00:00:19 ; elapsed = 00:00:18 . Memory (MB): peak = 1949.312 ; gain = 38.887

Routing Is Done.
INFO: [Common 17-83] Releasing license: Implementation
91 Infos, 0 Warnings, 0 Critical Warnings and 0 Errors encountered.
route_design completed successfully
route_design: Time (s): cpu = 00:00:21 ; elapsed = 00:00:19 . Memory (MB): peak = 1949.312 ; gain = 48.020
INFO: [Timing 38-480] Writing timing data to binary archive.
Writing XDEF routing.
Writing XDEF routing logical nets.
Writing XDEF routing special nets.
Write XDEF Complete: Time (s): cpu = 00:00:00 ; elapsed = 00:00:00.283 . Memory (MB): peak = 1963.145 ; gain = 13.832
INFO: [Common 17-1381] The checkpoint 'C:/vlsi3/vivado/best_fir/best_fir.runs/impl_1/best_fir_wrapper_routed.dcp' has been generated.
INFO: [runtcl-4] Executing : report_drc -file best_fir_wrapper_drc_routed.rpt -pb best_fir_wrapper_drc_routed.pb -rpx best_fir_wrapper_drc_routed.rpx
Command: report_drc -file best_fir_wrapper_drc_routed.rpt -pb best_fir_wrapper_drc_routed.pb -rpx best_fir_wrapper_drc_routed.rpx
INFO: [IP_Flow 19-1839] IP Catalog is up to date.
INFO: [DRC 23-27] Running DRC with 2 threads
INFO: [Vivado_Tcl 2-168] The results of DRC are in file C:/vlsi3/vivado/best_fir/best_fir.runs/impl_1/best_fir_wrapper_drc_routed.rpt.
report_drc completed successfully
INFO: [runtcl-4] Executing : report_methodology -file best_fir_wrapper_methodology_drc_routed.rpt -pb best_fir_wrapper_methodology_drc_routed.pb -rpx best_fir_wrapper_methodology_drc_routed.rpx
Command: report_methodology -file best_fir_wrapper_methodology_drc_routed.rpt -pb best_fir_wrapper_methodology_drc_routed.pb -rpx best_fir_wrapper_methodology_drc_routed.rpx
INFO: [Timing 38-35] Done setting XDC timing constraints.
INFO: [DRC 23-133] Running Methodology with 2 threads
INFO: [Vivado_Tcl 2-1520] The results of Report Methodology are in file C:/vlsi3/vivado/best_fir/best_fir.runs/impl_1/best_fir_wrapper_methodology_drc_routed.rpt.
report_methodology completed successfully
INFO: [runtcl-4] Executing : report_power -file best_fir_wrapper_power_routed.rpt -pb best_fir_wrapper_power_summary_routed.pb -rpx best_fir_wrapper_power_routed.rpx
Command: report_power -file best_fir_wrapper_power_routed.rpt -pb best_fir_wrapper_power_summary_routed.pb -rpx best_fir_wrapper_power_routed.rpx
INFO: [Timing 38-35] Done setting XDC timing constraints.
Running Vector-less Activity Propagation...

Finished Running Vector-less Activity Propagation
103 Infos, 0 Warnings, 0 Critical Warnings and 0 Errors encountered.
report_power completed successfully
INFO: [runtcl-4] Executing : report_route_status -file best_fir_wrapper_route_status.rpt -pb best_fir_wrapper_route_status.pb
INFO: [runtcl-4] Executing : report_timing_summary -max_paths 10 -report_unconstrained -file best_fir_wrapper_timing_summary_routed.rpt -pb best_fir_wrapper_timing_summary_routed.pb -rpx best_fir_wrapper_timing_summary_routed.rpx -warn_on_violation 
INFO: [Timing 38-91] UpdateTimingParams: Speed grade: -1, Delay Type: min_max.
INFO: [Timing 38-191] Multithreading enabled for timing update using a maximum of 2 CPUs
INFO: [runtcl-4] Executing : report_incremental_reuse -file best_fir_wrapper_incremental_reuse_routed.rpt
INFO: [Vivado_Tcl 4-1062] Incremental flow is disabled. No incremental reuse Info to report.
INFO: [runtcl-4] Executing : report_clock_utilization -file best_fir_wrapper_clock_utilization_routed.rpt
INFO: [runtcl-4] Executing : report_bus_skew -warn_on_violation -file best_fir_wrapper_bus_skew_routed.rpt -pb best_fir_wrapper_bus_skew_routed.pb -rpx best_fir_wrapper_bus_skew_routed.rpx
INFO: [Timing 38-91] UpdateTimingParams: Speed grade: -1, Delay Type: min_max.
INFO: [Timing 38-191] Multithreading enabled for timing update using a maximum of 2 CPUs
Command: write_bitstream -force best_fir_wrapper.bit
Attempting to get a license for feature 'Implementation' and/or device 'xc7z010'
INFO: [Common 17-349] Got license for feature 'Implementation' and/or device 'xc7z010'
Running DRC as a precondition to command write_bitstream
INFO: [IP_Flow 19-1839] IP Catalog is up to date.
INFO: [DRC 23-27] Running DRC with 2 threads
INFO: [Vivado 12-3199] DRC finished with 0 Errors
INFO: [Vivado 12-3200] Please refer to the DRC report (report_drc) for more information.
INFO: [Designutils 20-2272] Running write_bitstream with 2 threads.
Loading data files...
Loading site data...
Loading route data...
Processing options...
Creating bitmap...
Creating bitstream...
Writing bitstream ./best_fir_wrapper.bit...
INFO: [Vivado 12-1842] Bitgen Completed Successfully.
INFO: [Project 1-1876] WebTalk data collection is mandatory when using a ULT device. To see the specific WebTalk data collected for your design, open the usage_statistics_webtalk.html or usage_statistics_webtalk.xml file in the implementation directory.
INFO: [Common 17-83] Releasing license: Implementation
12 Infos, 0 Warnings, 0 Critical Warnings and 0 Errors encountered.
write_bitstream completed successfully
write_bitstream: Time (s): cpu = 00:00:14 ; elapsed = 00:00:13 . Memory (MB): peak = 2388.391 ; gain = 402.219
INFO: [Common 17-206] Exiting Vivado at Fri Apr 11 11:49:57 2025...

*** Running vivado
    with args -log best_fir_wrapper.vdi -applog -m64 -product Vivado -messageDb vivado.pb -mode batch -source best_fir_wrapper.tcl -notrace



****** Vivado v2022.2 (64-bit)
  **** SW Build 3671981 on Fri Oct 14 05:00:03 MDT 2022
  **** IP Build 3669848 on Fri Oct 14 08:30:02 MDT 2022
    ** Copyright 1986-2022 Xilinx, Inc. All Rights Reserved.

source best_fir_wrapper.tcl -notrace
Command: open_checkpoint best_fir_wrapper_routed.dcp
INFO: [Device 21-403] Loading part xc7z010clg400-1
Netlist sorting complete. Time (s): cpu = 00:00:01 ; elapsed = 00:00:00.042 . Memory (MB): peak = 822.902 ; gain = 0.000
INFO: [Netlist 29-17] Analyzing 14 Unisim elements for replacement
INFO: [Netlist 29-28] Unisim Transformation completed in 0 CPU seconds
INFO: [Project 1-479] Netlist was created with Vivado 2022.2
INFO: [Project 1-570] Preparing netlist for logic optimization
INFO: [Timing 38-478] Restoring timing data from binary archive.
INFO: [Timing 38-479] Binary timing data restore complete.
INFO: [Project 1-856] Restoring constraints from binary archive.
INFO: [Project 1-853] Binary constraint restore complete.
Reading XDEF placement.
Reading placer database...
Reading XDEF routing.
Read XDEF Files: Time (s): cpu = 00:00:01 ; elapsed = 00:00:00.453 . Memory (MB): peak = 1499.453 ; gain = 8.250
Restored from archive | CPU: 1.000000 secs | Memory: 0.000000 MB |
Finished XDEF File Restore: Time (s): cpu = 00:00:01 ; elapsed = 00:00:00.453 . Memory (MB): peak = 1499.453 ; gain = 8.250
Netlist sorting complete. Time (s): cpu = 00:00:00 ; elapsed = 00:00:00.001 . Memory (MB): peak = 1499.453 ; gain = 0.000
INFO: [Project 1-111] Unisim Transformation Summary:
No Unisim elements were transformed.

INFO: [Project 1-604] Checkpoint was created with Vivado v2022.2 (64-bit) build 3671981
OpenCheckpoint Checksum | Checksum: 1b3921d71
----- Checksum: PlaceDB: b3ab6057 ShapeSum: 132c16db RouteDB: ecbaa63f 
open_checkpoint: Time (s): cpu = 00:00:24 ; elapsed = 00:00:27 . Memory (MB): peak = 1499.453 ; gain = 1172.512
Command: write_bitstream -force best_fir_wrapper.bit
Attempting to get a license for feature 'Implementation' and/or device 'xc7z010'
INFO: [Common 17-349] Got license for feature 'Implementation' and/or device 'xc7z010'
Running DRC as a precondition to command write_bitstream
INFO: [IP_Flow 19-234] Refreshing IP repositories
INFO: [IP_Flow 19-1704] No user IP repositories specified
INFO: [IP_Flow 19-2313] Loaded Vivado IP repository 'C:/Xilinx/Vivado/2022.2/data/ip'.
INFO: [DRC 23-27] Running DRC with 2 threads
INFO: [Vivado 12-3199] DRC finished with 0 Errors
INFO: [Vivado 12-3200] Please refer to the DRC report (report_drc) for more information.
INFO: [Designutils 20-2272] Running write_bitstream with 2 threads.
Loading data files...
Loading site data...
Loading route data...
Processing options...
Creating bitmap...
Creating bitstream...
Writing bitstream ./best_fir_wrapper.bit...
INFO: [Vivado 12-1842] Bitgen Completed Successfully.
INFO: [Project 1-1876] WebTalk data collection is mandatory when using a ULT device. To see the specific WebTalk data collected for your design, open the usage_statistics_webtalk.html or usage_statistics_webtalk.xml file in the implementation directory.
INFO: [Common 17-83] Releasing license: Implementation
22 Infos, 0 Warnings, 0 Critical Warnings and 0 Errors encountered.
write_bitstream completed successfully
write_bitstream: Time (s): cpu = 00:00:14 ; elapsed = 00:00:14 . Memory (MB): peak = 1973.059 ; gain = 473.605
INFO: [Common 17-206] Exiting Vivado at Fri Apr 11 11:56:44 2025...
