Vivado Simulator v2022.2.2
Copyright 1986-1999, 2001-2022 Xilinx, Inc. All Rights Reserved.
Running: /home/panos/tools/Xilinx/Vivado/2022.2/bin/unwrapped/lnx64.o/xelab --incr --debug typical --relax --mt 8 -L xil_defaultlib -L fifo_generator_v13_2_7 -L xilinx_vip -L unisims_ver -L unimacro_ver -L secureip -L xpm --snapshot debayering_tb_behav xil_defaultlib.debayering_tb xil_defaultlib.glbl -log elaborate.log 
Using 8 slave threads.
Starting static elaboration
Pass Through NonSizing Optimizer
Completed static elaboration
Starting simulation data flow analysis
Completed simulation data flow analysis
Time Resolution for simulation is 1ps
Compiling package std.standard
Compiling package std.textio
Compiling package ieee.std_logic_1164
Compiling package ieee.numeric_std
Compiling package vl.vl_types
Compiling module xil_defaultlib.glbl
Compiling architecture behavioral of entity xil_defaultlib.control_unit [control_unit_default]
Compiling architecture behavioral of entity xil_defaultlib.singlebit_shift_register [\singlebit_shift_register(depth=...]
Compiling module fifo_generator_v13_2_7.fifo_generator_v13_2_7_bhv_ver_s...
Compiling module fifo_generator_v13_2_7.fifo_generator_v13_2_7_CONV_VER(...
Compiling module fifo_generator_v13_2_7.fifo_generator_vlog_beh(C_COMMON...
Compiling module xil_defaultlib.fifo_generator_0
Compiling architecture behavioral of entity xil_defaultlib.dff [dff_default]
Compiling architecture behavioral of entity xil_defaultlib.serial2parallel [serial2parallel_default]
Compiling architecture behavioral of entity xil_defaultlib.rgb_computer [rgb_computer_default]
Compiling architecture behavioral of entity xil_defaultlib.debayering_filter [debayering_filter_default]
Compiling architecture testbench of entity xil_defaultlib.debayering_tb
Built simulation snapshot debayering_tb_behav
