Copyright 1986-2022 Xilinx, Inc. All Rights Reserved.
------------------------------------------------------------------------------------
| Tool Version : Vivado v.2022.2 (lin64) Build 3671981 Fri Oct 14 04:59:54 MDT 2022
| Date         : Sat Apr  5 19:46:23 2025
| Host         : cc8ea0d2d59b running 64-bit Ubuntu 22.04.5 LTS
| Command      : upgrade_ip
| Device       : xc7z010clg400-1
------------------------------------------------------------------------------------

Upgrade Log for IP 'fir_fpga_fir_0_0'

1. Summary
----------

SUCCESS in the upgrade of fir_fpga_fir_0_0 (user.org:user:fir:1.0) from (Rev. 3) to (Rev. 5)






Copyright 1986-2022 Xilinx, Inc. All Rights Reserved.
------------------------------------------------------------------------------------
| Tool Version : Vivado v.2022.2 (lin64) Build 3671981 Fri Oct 14 04:59:54 MDT 2022
| Date         : Sat Apr  5 19:44:27 2025
| Host         : cc8ea0d2d59b running 64-bit Ubuntu 22.04.5 LTS
| Command      : upgrade_ip
| Device       : xc7z010clg400-1
------------------------------------------------------------------------------------

Upgrade Log for IP 'fir_fpga_fir_0_0'

1. Summary
----------

SUCCESS in the conversion of fir_fpga_fir_0_0 (user.org:user:fir:1.0 (Rev. 3)) to Vivado generation flows.

